2024-10-16 16:18:34,780 - my_logger - INFO - Started...
2024-10-16 16:53:10,018 - my_logger - INFO - Started...
2024-10-16 16:55:16,232 - my_logger - INFO - RAW_STOP_COUNTS (billion): 2.369336026
2024-10-16 16:58:54,664 - my_logger - INFO - Ratio: total_hourly_stop / RAW_STOP_COUNTS =  1.0
2024-10-16 17:04:43,249 - my_logger - INFO - sum of non_adjusted_dwell_time_stop_CBG_arr (billion): 2.369336026
2024-10-16 17:04:43,251 - my_logger - INFO - shape of non_adjusted_dwell_time_stop_CBG_arr: (217687, 744)
2024-10-16 17:04:55,656 - my_logger - INFO - sum of adjusted_dwell_time_stop_CBG_arr (billion): 3.26981158
2024-10-16 17:04:55,658 - my_logger - INFO - sum of adjusted_dwell_time_stop_national_arr (billion): 3.26981158
2024-10-16 17:04:55,659 - my_logger - INFO - shape of adjusted_dwell_time_stop_CBG_arr: (217687, 744)
2024-12-03 13:14:44,640 - my_logger - INFO - Started...
2024-12-03 15:28:46,479 - my_logger - INFO - Started...
2024-12-03 16:27:36,986 - my_logger - INFO - Started...
2024-12-03 16:27:36,986 - my_logger - INFO - Started...
2025-12-08 11:53:53,414 - my_logger - INFO - Started...
2025-12-08 11:54:02,483 - my_logger - INFO - Started...
2025-12-08 11:54:02,483 - my_logger - INFO - Started...
2025-12-08 11:54:05,026 - my_logger - INFO - Started...
2025-12-08 11:54:05,026 - my_logger - INFO - Started...
2025-12-08 11:54:05,026 - my_logger - INFO - Started...
2025-12-08 11:54:10,243 - my_logger - INFO - Started...
2025-12-08 11:54:10,243 - my_logger - INFO - Started...
2025-12-08 11:54:10,243 - my_logger - INFO - Started...
2025-12-08 11:54:10,243 - my_logger - INFO - Started...
2025-12-08 11:54:16,916 - my_logger - INFO - Started...
2025-12-08 12:56:23,885 - my_logger - INFO - Started...
2025-12-10 09:17:52,736 - my_logger - INFO - Started...
2025-12-10 09:53:47,272 - my_logger - INFO - Started...
2025-12-10 09:53:47,272 - my_logger - INFO - Started...
2025-12-10 10:21:12,948 - my_logger - INFO - RAW_STOP_COUNTS (billion): 2.369336026
2025-12-10 10:21:12,948 - my_logger - INFO - RAW_STOP_COUNTS (billion): 2.369336026
2025-12-10 10:21:47,769 - my_logger - INFO - RAW_STOP_COUNTS (billion): 2.369336026
2025-12-10 10:21:47,769 - my_logger - INFO - RAW_STOP_COUNTS (billion): 2.369336026
2025-12-10 10:27:32,449 - my_logger - INFO - Ratio: total_hourly_stop / RAW_STOP_COUNTS =  1.0
2025-12-10 10:27:32,449 - my_logger - INFO - Ratio: total_hourly_stop / RAW_STOP_COUNTS =  1.0
2025-12-10 10:28:16,193 - my_logger - INFO - Ratio: total_hourly_stop / RAW_STOP_COUNTS =  1.0
2025-12-10 10:28:16,193 - my_logger - INFO - Ratio: total_hourly_stop / RAW_STOP_COUNTS =  1.0
2025-12-10 10:30:32,023 - my_logger - INFO - Ratio: total_hourly_stop / RAW_STOP_COUNTS =  1.0
2025-12-10 10:30:32,023 - my_logger - INFO - Ratio: total_hourly_stop / RAW_STOP_COUNTS =  1.0
2025-12-10 10:31:06,419 - my_logger - INFO - Ratio: total_hourly_stop / RAW_STOP_COUNTS =  1.0
2025-12-10 10:31:06,419 - my_logger - INFO - Ratio: total_hourly_stop / RAW_STOP_COUNTS =  1.0
2025-12-10 10:32:10,710 - my_logger - INFO - RAW_STOP_COUNTS (billion): 2.369336026
2025-12-10 10:32:10,710 - my_logger - INFO - RAW_STOP_COUNTS (billion): 2.369336026
2025-12-10 10:32:23,926 - my_logger - INFO - Ratio: total_hourly_stop / RAW_STOP_COUNTS =  1.0
2025-12-10 10:32:23,926 - my_logger - INFO - Ratio: total_hourly_stop / RAW_STOP_COUNTS =  1.0
2025-12-10 10:32:40,324 - my_logger - INFO - RAW_STOP_COUNTS (billion): 2.369336026
2025-12-10 10:32:40,324 - my_logger - INFO - RAW_STOP_COUNTS (billion): 2.369336026
2025-12-10 10:32:58,786 - my_logger - INFO - RAW_STOP_COUNTS (billion): 2.369336026
2025-12-10 10:32:58,786 - my_logger - INFO - RAW_STOP_COUNTS (billion): 2.369336026
2025-12-10 10:33:10,811 - my_logger - INFO - Ratio: total_hourly_stop / RAW_STOP_COUNTS =  1.0
2025-12-10 10:33:10,811 - my_logger - INFO - Ratio: total_hourly_stop / RAW_STOP_COUNTS =  1.0
2025-12-10 10:33:35,830 - my_logger - INFO - sum of non_adjusted_dwell_time_stop_CBG_arr (billion): 2.369336026
2025-12-10 10:33:35,830 - my_logger - INFO - sum of non_adjusted_dwell_time_stop_CBG_arr (billion): 2.369336026
2025-12-10 10:33:35,832 - my_logger - INFO - shape of non_adjusted_dwell_time_stop_CBG_arr: (217687, 744)
2025-12-10 10:33:35,832 - my_logger - INFO - shape of non_adjusted_dwell_time_stop_CBG_arr: (217687, 744)
2025-12-10 10:33:53,681 - my_logger - INFO - sum of adjusted_dwell_time_stop_CBG_arr (billion): 3.26981158
2025-12-10 10:33:53,681 - my_logger - INFO - sum of adjusted_dwell_time_stop_CBG_arr (billion): 3.26981158
2025-12-10 10:33:53,683 - my_logger - INFO - sum of adjusted_dwell_time_stop_national_arr (billion): 3.26981158
2025-12-10 10:33:53,683 - my_logger - INFO - sum of adjusted_dwell_time_stop_national_arr (billion): 3.26981158
2025-12-10 10:33:53,685 - my_logger - INFO - shape of adjusted_dwell_time_stop_CBG_arr: (217687, 744)
2025-12-10 10:33:53,685 - my_logger - INFO - shape of adjusted_dwell_time_stop_CBG_arr: (217687, 744)
2025-12-10 13:29:29,773 - my_logger - INFO - Started...
2025-12-10 13:33:22,451 - my_logger - INFO - RAW_STOP_COUNTS (billion): 2.369336026
2025-12-10 13:33:38,113 - my_logger - INFO - Ratio: total_hourly_stop / RAW_STOP_COUNTS =  1.0
2025-12-10 13:34:00,394 - my_logger - INFO - sum of non_adjusted_dwell_time_stop_CBG_arr (billion): 2.369336026
2025-12-10 13:34:00,396 - my_logger - INFO - shape of non_adjusted_dwell_time_stop_CBG_arr: (217687, 744)
2025-12-10 13:34:20,997 - my_logger - INFO - sum of adjusted_dwell_time_stop_CBG_arr (billion): 3.26981158
2025-12-10 13:34:20,999 - my_logger - INFO - sum of adjusted_dwell_time_stop_national_arr (billion): 3.26981158
2025-12-10 13:34:20,999 - my_logger - INFO - shape of adjusted_dwell_time_stop_CBG_arr: (217687, 744)
2025-12-10 13:40:08,903 - my_logger - INFO - RAW_STOP_COUNTS (billion): 2.411481222
2025-12-10 13:40:22,165 - my_logger - INFO - Ratio: total_hourly_stop / RAW_STOP_COUNTS =  1.0
2025-12-10 13:40:42,758 - my_logger - INFO - sum of non_adjusted_dwell_time_stop_CBG_arr (billion): 2.411481222
2025-12-10 13:40:42,760 - my_logger - INFO - shape of non_adjusted_dwell_time_stop_CBG_arr: (217672, 672)
2025-12-10 13:41:01,283 - my_logger - INFO - sum of adjusted_dwell_time_stop_CBG_arr (billion): 3.111878501
2025-12-10 13:41:01,284 - my_logger - INFO - sum of adjusted_dwell_time_stop_national_arr (billion): 3.111878501
2025-12-10 13:41:01,285 - my_logger - INFO - shape of adjusted_dwell_time_stop_CBG_arr: (217672, 672)
2025-12-10 13:46:33,004 - my_logger - INFO - Started...
2025-12-10 13:46:33,004 - my_logger - INFO - Started...
2025-12-10 13:46:48,875 - my_logger - INFO - RAW_STOP_COUNTS (billion): 3.210201141
2025-12-10 13:46:48,875 - my_logger - INFO - RAW_STOP_COUNTS (billion): 3.210201141
2025-12-10 13:47:00,061 - my_logger - INFO - Ratio: total_hourly_stop / RAW_STOP_COUNTS =  1.0
2025-12-10 13:47:00,061 - my_logger - INFO - Ratio: total_hourly_stop / RAW_STOP_COUNTS =  1.0
2025-12-10 13:47:18,696 - my_logger - INFO - sum of non_adjusted_dwell_time_stop_CBG_arr (billion): 3.210201141
2025-12-10 13:47:18,696 - my_logger - INFO - sum of non_adjusted_dwell_time_stop_CBG_arr (billion): 3.210201141
2025-12-10 13:47:18,700 - my_logger - INFO - shape of non_adjusted_dwell_time_stop_CBG_arr: (217702, 744)
2025-12-10 13:47:18,700 - my_logger - INFO - shape of non_adjusted_dwell_time_stop_CBG_arr: (217702, 744)
2025-12-10 13:47:38,531 - my_logger - INFO - sum of adjusted_dwell_time_stop_CBG_arr (billion): 4.012454525
2025-12-10 13:47:38,531 - my_logger - INFO - sum of adjusted_dwell_time_stop_CBG_arr (billion): 4.012454525
2025-12-10 13:47:38,534 - my_logger - INFO - sum of adjusted_dwell_time_stop_national_arr (billion): 4.012454525
2025-12-10 13:47:38,534 - my_logger - INFO - sum of adjusted_dwell_time_stop_national_arr (billion): 4.012454525
2025-12-10 13:47:38,536 - my_logger - INFO - shape of adjusted_dwell_time_stop_CBG_arr: (217702, 744)
2025-12-10 13:47:38,536 - my_logger - INFO - shape of adjusted_dwell_time_stop_CBG_arr: (217702, 744)
2025-12-10 13:49:27,605 - my_logger - INFO - Started...
2025-12-10 13:49:27,605 - my_logger - INFO - Started...
2025-12-10 13:49:27,605 - my_logger - INFO - Started...
2025-12-10 13:49:36,469 - my_logger - INFO - RAW_STOP_COUNTS (billion): 3.42345732
2025-12-10 13:49:36,469 - my_logger - INFO - RAW_STOP_COUNTS (billion): 3.42345732
2025-12-10 13:49:36,469 - my_logger - INFO - RAW_STOP_COUNTS (billion): 3.42345732
2025-12-10 13:49:47,283 - my_logger - INFO - Ratio: total_hourly_stop / RAW_STOP_COUNTS =  1.0
2025-12-10 13:49:47,283 - my_logger - INFO - Ratio: total_hourly_stop / RAW_STOP_COUNTS =  1.0
2025-12-10 13:49:47,283 - my_logger - INFO - Ratio: total_hourly_stop / RAW_STOP_COUNTS =  1.0
2025-12-10 13:50:08,415 - my_logger - INFO - sum of non_adjusted_dwell_time_stop_CBG_arr (billion): 3.42345732
2025-12-10 13:50:08,415 - my_logger - INFO - sum of non_adjusted_dwell_time_stop_CBG_arr (billion): 3.42345732
2025-12-10 13:50:08,415 - my_logger - INFO - sum of non_adjusted_dwell_time_stop_CBG_arr (billion): 3.42345732
2025-12-10 13:50:08,417 - my_logger - INFO - shape of non_adjusted_dwell_time_stop_CBG_arr: (217718, 720)
2025-12-10 13:50:08,417 - my_logger - INFO - shape of non_adjusted_dwell_time_stop_CBG_arr: (217718, 720)
2025-12-10 13:50:08,417 - my_logger - INFO - shape of non_adjusted_dwell_time_stop_CBG_arr: (217718, 720)
2025-12-10 13:50:31,172 - my_logger - INFO - sum of adjusted_dwell_time_stop_CBG_arr (billion): 4.165032633
2025-12-10 13:50:31,172 - my_logger - INFO - sum of adjusted_dwell_time_stop_CBG_arr (billion): 4.165032633
2025-12-10 13:50:31,172 - my_logger - INFO - sum of adjusted_dwell_time_stop_CBG_arr (billion): 4.165032633
2025-12-10 13:50:31,175 - my_logger - INFO - sum of adjusted_dwell_time_stop_national_arr (billion): 4.165032633
2025-12-10 13:50:31,175 - my_logger - INFO - sum of adjusted_dwell_time_stop_national_arr (billion): 4.165032633
2025-12-10 13:50:31,175 - my_logger - INFO - sum of adjusted_dwell_time_stop_national_arr (billion): 4.165032633
2025-12-10 13:50:31,177 - my_logger - INFO - shape of adjusted_dwell_time_stop_CBG_arr: (217718, 720)
2025-12-10 13:50:31,177 - my_logger - INFO - shape of adjusted_dwell_time_stop_CBG_arr: (217718, 720)
2025-12-10 13:50:31,177 - my_logger - INFO - shape of adjusted_dwell_time_stop_CBG_arr: (217718, 720)
2025-12-10 13:56:12,434 - my_logger - INFO - Started...
2025-12-10 13:56:12,434 - my_logger - INFO - Started...
2025-12-10 13:56:12,434 - my_logger - INFO - Started...
2025-12-10 13:56:12,434 - my_logger - INFO - Started...
2025-12-10 13:56:20,061 - my_logger - INFO - RAW_STOP_COUNTS (billion): 3.668179909
2025-12-10 13:56:20,061 - my_logger - INFO - RAW_STOP_COUNTS (billion): 3.668179909
2025-12-10 13:56:20,061 - my_logger - INFO - RAW_STOP_COUNTS (billion): 3.668179909
2025-12-10 13:56:20,061 - my_logger - INFO - RAW_STOP_COUNTS (billion): 3.668179909
2025-12-10 13:56:31,167 - my_logger - INFO - Ratio: total_hourly_stop / RAW_STOP_COUNTS =  1.0
2025-12-10 13:56:31,167 - my_logger - INFO - Ratio: total_hourly_stop / RAW_STOP_COUNTS =  1.0
2025-12-10 13:56:31,167 - my_logger - INFO - Ratio: total_hourly_stop / RAW_STOP_COUNTS =  1.0
2025-12-10 13:56:31,167 - my_logger - INFO - Ratio: total_hourly_stop / RAW_STOP_COUNTS =  1.0
2025-12-10 13:56:50,467 - my_logger - INFO - sum of non_adjusted_dwell_time_stop_CBG_arr (billion): 3.668179909
2025-12-10 13:56:50,467 - my_logger - INFO - sum of non_adjusted_dwell_time_stop_CBG_arr (billion): 3.668179909
2025-12-10 13:56:50,467 - my_logger - INFO - sum of non_adjusted_dwell_time_stop_CBG_arr (billion): 3.668179909
2025-12-10 13:56:50,467 - my_logger - INFO - sum of non_adjusted_dwell_time_stop_CBG_arr (billion): 3.668179909
2025-12-10 13:56:50,470 - my_logger - INFO - shape of non_adjusted_dwell_time_stop_CBG_arr: (218630, 744)
2025-12-10 13:56:50,470 - my_logger - INFO - shape of non_adjusted_dwell_time_stop_CBG_arr: (218630, 744)
2025-12-10 13:56:50,470 - my_logger - INFO - shape of non_adjusted_dwell_time_stop_CBG_arr: (218630, 744)
2025-12-10 13:56:50,470 - my_logger - INFO - shape of non_adjusted_dwell_time_stop_CBG_arr: (218630, 744)
2025-12-10 13:57:13,473 - my_logger - INFO - sum of adjusted_dwell_time_stop_CBG_arr (billion): 4.398254018
2025-12-10 13:57:13,473 - my_logger - INFO - sum of adjusted_dwell_time_stop_CBG_arr (billion): 4.398254018
2025-12-10 13:57:13,473 - my_logger - INFO - sum of adjusted_dwell_time_stop_CBG_arr (billion): 4.398254018
2025-12-10 13:57:13,473 - my_logger - INFO - sum of adjusted_dwell_time_stop_CBG_arr (billion): 4.398254018
2025-12-10 13:57:13,476 - my_logger - INFO - sum of adjusted_dwell_time_stop_national_arr (billion): 4.398254018
2025-12-10 13:57:13,476 - my_logger - INFO - sum of adjusted_dwell_time_stop_national_arr (billion): 4.398254018
2025-12-10 13:57:13,476 - my_logger - INFO - sum of adjusted_dwell_time_stop_national_arr (billion): 4.398254018
2025-12-10 13:57:13,476 - my_logger - INFO - sum of adjusted_dwell_time_stop_national_arr (billion): 4.398254018
2025-12-10 13:57:13,478 - my_logger - INFO - shape of adjusted_dwell_time_stop_CBG_arr: (218630, 744)
2025-12-10 13:57:13,478 - my_logger - INFO - shape of adjusted_dwell_time_stop_CBG_arr: (218630, 744)
2025-12-10 13:57:13,478 - my_logger - INFO - shape of adjusted_dwell_time_stop_CBG_arr: (218630, 744)
2025-12-10 13:57:13,478 - my_logger - INFO - shape of adjusted_dwell_time_stop_CBG_arr: (218630, 744)
2025-12-10 14:00:49,589 - my_logger - INFO - Started...
2025-12-10 14:00:49,589 - my_logger - INFO - Started...
2025-12-10 14:00:49,589 - my_logger - INFO - Started...
2025-12-10 14:00:49,589 - my_logger - INFO - Started...
2025-12-10 14:00:49,589 - my_logger - INFO - Started...
2025-12-10 14:00:58,378 - my_logger - INFO - RAW_STOP_COUNTS (billion): 3.433473615
2025-12-10 14:00:58,378 - my_logger - INFO - RAW_STOP_COUNTS (billion): 3.433473615
2025-12-10 14:00:58,378 - my_logger - INFO - RAW_STOP_COUNTS (billion): 3.433473615
2025-12-10 14:00:58,378 - my_logger - INFO - RAW_STOP_COUNTS (billion): 3.433473615
2025-12-10 14:00:58,378 - my_logger - INFO - RAW_STOP_COUNTS (billion): 3.433473615
2025-12-10 14:01:09,071 - my_logger - INFO - Ratio: total_hourly_stop / RAW_STOP_COUNTS =  1.0
2025-12-10 14:01:09,071 - my_logger - INFO - Ratio: total_hourly_stop / RAW_STOP_COUNTS =  1.0
2025-12-10 14:01:09,071 - my_logger - INFO - Ratio: total_hourly_stop / RAW_STOP_COUNTS =  1.0
2025-12-10 14:01:09,071 - my_logger - INFO - Ratio: total_hourly_stop / RAW_STOP_COUNTS =  1.0
2025-12-10 14:01:09,071 - my_logger - INFO - Ratio: total_hourly_stop / RAW_STOP_COUNTS =  1.0
2025-12-10 14:01:29,314 - my_logger - INFO - sum of non_adjusted_dwell_time_stop_CBG_arr (billion): 3.433473615
2025-12-10 14:01:29,314 - my_logger - INFO - sum of non_adjusted_dwell_time_stop_CBG_arr (billion): 3.433473615
2025-12-10 14:01:29,314 - my_logger - INFO - sum of non_adjusted_dwell_time_stop_CBG_arr (billion): 3.433473615
2025-12-10 14:01:29,314 - my_logger - INFO - sum of non_adjusted_dwell_time_stop_CBG_arr (billion): 3.433473615
2025-12-10 14:01:29,314 - my_logger - INFO - sum of non_adjusted_dwell_time_stop_CBG_arr (billion): 3.433473615
2025-12-10 14:01:29,319 - my_logger - INFO - shape of non_adjusted_dwell_time_stop_CBG_arr: (220677, 720)
2025-12-10 14:01:29,319 - my_logger - INFO - shape of non_adjusted_dwell_time_stop_CBG_arr: (220677, 720)
2025-12-10 14:01:29,319 - my_logger - INFO - shape of non_adjusted_dwell_time_stop_CBG_arr: (220677, 720)
2025-12-10 14:01:29,319 - my_logger - INFO - shape of non_adjusted_dwell_time_stop_CBG_arr: (220677, 720)
2025-12-10 14:01:29,319 - my_logger - INFO - shape of non_adjusted_dwell_time_stop_CBG_arr: (220677, 720)
2025-12-10 14:01:55,428 - my_logger - INFO - sum of adjusted_dwell_time_stop_CBG_arr (billion): 4.243980406
2025-12-10 14:01:55,428 - my_logger - INFO - sum of adjusted_dwell_time_stop_CBG_arr (billion): 4.243980406
2025-12-10 14:01:55,428 - my_logger - INFO - sum of adjusted_dwell_time_stop_CBG_arr (billion): 4.243980406
2025-12-10 14:01:55,428 - my_logger - INFO - sum of adjusted_dwell_time_stop_CBG_arr (billion): 4.243980406
2025-12-10 14:01:55,428 - my_logger - INFO - sum of adjusted_dwell_time_stop_CBG_arr (billion): 4.243980406
2025-12-10 14:01:55,436 - my_logger - INFO - sum of adjusted_dwell_time_stop_national_arr (billion): 4.243980406
2025-12-10 14:01:55,436 - my_logger - INFO - sum of adjusted_dwell_time_stop_national_arr (billion): 4.243980406
2025-12-10 14:01:55,436 - my_logger - INFO - sum of adjusted_dwell_time_stop_national_arr (billion): 4.243980406
2025-12-10 14:01:55,436 - my_logger - INFO - sum of adjusted_dwell_time_stop_national_arr (billion): 4.243980406
2025-12-10 14:01:55,436 - my_logger - INFO - sum of adjusted_dwell_time_stop_national_arr (billion): 4.243980406
2025-12-10 14:01:55,440 - my_logger - INFO - shape of adjusted_dwell_time_stop_CBG_arr: (220677, 720)
2025-12-10 14:01:55,440 - my_logger - INFO - shape of adjusted_dwell_time_stop_CBG_arr: (220677, 720)
2025-12-10 14:01:55,440 - my_logger - INFO - shape of adjusted_dwell_time_stop_CBG_arr: (220677, 720)
2025-12-10 14:01:55,440 - my_logger - INFO - shape of adjusted_dwell_time_stop_CBG_arr: (220677, 720)
2025-12-10 14:01:55,440 - my_logger - INFO - shape of adjusted_dwell_time_stop_CBG_arr: (220677, 720)
2025-12-10 14:04:02,007 - my_logger - INFO - Started...
2025-12-10 14:04:10,670 - my_logger - INFO - RAW_STOP_COUNTS (billion): 3.479020127
2025-12-10 14:04:22,154 - my_logger - INFO - Ratio: total_hourly_stop / RAW_STOP_COUNTS =  1.0
2025-12-10 14:04:41,189 - my_logger - INFO - sum of non_adjusted_dwell_time_stop_CBG_arr (billion): 3.479020127
2025-12-10 14:04:41,191 - my_logger - INFO - shape of non_adjusted_dwell_time_stop_CBG_arr: (220145, 744)
2025-12-10 14:05:02,156 - my_logger - INFO - sum of adjusted_dwell_time_stop_CBG_arr (billion): 4.401263094
2025-12-10 14:05:02,157 - my_logger - INFO - sum of adjusted_dwell_time_stop_national_arr (billion): 4.401263094
2025-12-10 14:05:02,158 - my_logger - INFO - shape of adjusted_dwell_time_stop_CBG_arr: (220145, 744)
2025-12-10 14:06:08,890 - my_logger - INFO - Started...
2025-12-10 14:06:17,936 - my_logger - INFO - RAW_STOP_COUNTS (billion): 3.761355169
2025-12-10 14:06:30,321 - my_logger - INFO - Ratio: total_hourly_stop / RAW_STOP_COUNTS =  1.0
2025-12-10 14:06:49,344 - my_logger - INFO - sum of non_adjusted_dwell_time_stop_CBG_arr (billion): 3.761355169
2025-12-10 14:06:49,346 - my_logger - INFO - shape of non_adjusted_dwell_time_stop_CBG_arr: (220651, 744)
2025-12-10 14:07:10,776 - my_logger - INFO - sum of adjusted_dwell_time_stop_CBG_arr (billion): 4.707299653
2025-12-10 14:07:10,780 - my_logger - INFO - sum of adjusted_dwell_time_stop_national_arr (billion): 4.707299653
2025-12-10 14:07:10,782 - my_logger - INFO - shape of adjusted_dwell_time_stop_CBG_arr: (220651, 744)
2025-12-10 14:10:06,435 - my_logger - INFO - Started...
2025-12-10 14:10:15,808 - my_logger - INFO - RAW_STOP_COUNTS (billion): 3.82970762
2025-12-10 14:10:30,936 - my_logger - INFO - Ratio: total_hourly_stop / RAW_STOP_COUNTS =  1.0
2025-12-10 14:10:49,456 - my_logger - INFO - sum of non_adjusted_dwell_time_stop_CBG_arr (billion): 3.82970762
2025-12-10 14:10:49,458 - my_logger - INFO - shape of non_adjusted_dwell_time_stop_CBG_arr: (220659, 720)
2025-12-10 14:11:09,419 - my_logger - INFO - sum of adjusted_dwell_time_stop_CBG_arr (billion): 4.752837994
2025-12-10 14:11:09,421 - my_logger - INFO - sum of adjusted_dwell_time_stop_national_arr (billion): 4.752837994
2025-12-10 14:11:09,422 - my_logger - INFO - shape of adjusted_dwell_time_stop_CBG_arr: (220659, 720)
2025-12-10 14:13:56,973 - my_logger - INFO - Started...
2025-12-10 14:14:05,203 - my_logger - INFO - RAW_STOP_COUNTS (billion): 4.05393478
2025-12-10 14:14:15,245 - my_logger - INFO - Ratio: total_hourly_stop / RAW_STOP_COUNTS =  1.0
2025-12-10 14:14:33,248 - my_logger - INFO - sum of non_adjusted_dwell_time_stop_CBG_arr (billion): 4.05393478
2025-12-10 14:14:33,249 - my_logger - INFO - shape of non_adjusted_dwell_time_stop_CBG_arr: (220661, 744)
2025-12-10 14:14:58,447 - my_logger - INFO - sum of adjusted_dwell_time_stop_CBG_arr (billion): 5.022665939
2025-12-10 14:14:58,448 - my_logger - INFO - sum of adjusted_dwell_time_stop_national_arr (billion): 5.022665939
2025-12-10 14:14:58,450 - my_logger - INFO - shape of adjusted_dwell_time_stop_CBG_arr: (220661, 744)
2025-12-10 14:15:43,743 - my_logger - INFO - Started...
2025-12-10 14:15:52,382 - my_logger - INFO - RAW_STOP_COUNTS (billion): 3.718816818
2025-12-10 14:16:05,988 - my_logger - INFO - Ratio: total_hourly_stop / RAW_STOP_COUNTS =  1.0
2025-12-10 14:16:28,791 - my_logger - INFO - sum of non_adjusted_dwell_time_stop_CBG_arr (billion): 3.718816818
2025-12-10 14:16:28,793 - my_logger - INFO - shape of non_adjusted_dwell_time_stop_CBG_arr: (220674, 720)
2025-12-10 14:16:52,686 - my_logger - INFO - sum of adjusted_dwell_time_stop_CBG_arr (billion): 4.90214853
2025-12-10 14:16:52,688 - my_logger - INFO - sum of adjusted_dwell_time_stop_national_arr (billion): 4.90214853
2025-12-10 14:16:52,688 - my_logger - INFO - shape of adjusted_dwell_time_stop_CBG_arr: (220674, 720)
2025-12-10 14:17:44,784 - my_logger - INFO - Started...
2025-12-10 14:17:52,970 - my_logger - INFO - RAW_STOP_COUNTS (billion): 3.775579053
2025-12-10 14:18:03,682 - my_logger - INFO - Ratio: total_hourly_stop / RAW_STOP_COUNTS =  1.0
2025-12-10 14:18:26,062 - my_logger - INFO - sum of non_adjusted_dwell_time_stop_CBG_arr (billion): 3.775579053
2025-12-10 14:18:26,064 - my_logger - INFO - shape of non_adjusted_dwell_time_stop_CBG_arr: (220685, 744)
2025-12-10 14:18:50,461 - my_logger - INFO - sum of adjusted_dwell_time_stop_CBG_arr (billion): 4.931611842
2025-12-10 14:18:50,464 - my_logger - INFO - sum of adjusted_dwell_time_stop_national_arr (billion): 4.931611842
2025-12-10 14:18:50,466 - my_logger - INFO - shape of adjusted_dwell_time_stop_CBG_arr: (220685, 744)
2025-12-10 15:22:02,026 - my_logger - INFO - Started...
2025-12-10 15:22:07,191 - my_logger - INFO - Started...
2025-12-10 15:22:07,191 - my_logger - INFO - Started...
2025-12-10 16:11:12,670 - my_logger - INFO - sum of non_adjusted_dwell_time_stop_CBG_arr (billion): 2.369336026
2025-12-10 16:11:12,670 - my_logger - INFO - sum of non_adjusted_dwell_time_stop_CBG_arr (billion): 2.369336026
2025-12-10 16:11:12,673 - my_logger - INFO - shape of non_adjusted_dwell_time_stop_CBG_arr: (217687, 744)
2025-12-10 16:11:12,673 - my_logger - INFO - shape of non_adjusted_dwell_time_stop_CBG_arr: (217687, 744)
2025-12-10 16:11:34,201 - my_logger - INFO - sum of adjusted_dwell_time_stop_CBG_arr (billion): 3.26981158
2025-12-10 16:11:34,201 - my_logger - INFO - sum of adjusted_dwell_time_stop_CBG_arr (billion): 3.26981158
2025-12-10 16:11:34,205 - my_logger - INFO - sum of adjusted_dwell_time_stop_national_arr (billion): 3.26981158
2025-12-10 16:11:34,205 - my_logger - INFO - sum of adjusted_dwell_time_stop_national_arr (billion): 3.26981158
2025-12-10 16:11:34,208 - my_logger - INFO - shape of adjusted_dwell_time_stop_CBG_arr: (217687, 744)
2025-12-10 16:11:34,208 - my_logger - INFO - shape of adjusted_dwell_time_stop_CBG_arr: (217687, 744)
2025-12-10 16:12:06,336 - my_logger - INFO - sum of non_adjusted_dwell_time_stop_CBG_arr (billion): 2.369336026
2025-12-10 16:12:06,336 - my_logger - INFO - sum of non_adjusted_dwell_time_stop_CBG_arr (billion): 2.369336026
2025-12-10 16:12:06,342 - my_logger - INFO - shape of non_adjusted_dwell_time_stop_CBG_arr: (217687, 744)
2025-12-10 16:12:06,342 - my_logger - INFO - shape of non_adjusted_dwell_time_stop_CBG_arr: (217687, 744)
2025-12-10 16:12:28,029 - my_logger - INFO - sum of adjusted_dwell_time_stop_CBG_arr (billion): 3.26981158
2025-12-10 16:12:28,029 - my_logger - INFO - sum of adjusted_dwell_time_stop_CBG_arr (billion): 3.26981158
2025-12-10 16:12:28,034 - my_logger - INFO - sum of adjusted_dwell_time_stop_national_arr (billion): 3.26981158
2025-12-10 16:12:28,034 - my_logger - INFO - sum of adjusted_dwell_time_stop_national_arr (billion): 3.26981158
2025-12-10 16:12:28,045 - my_logger - INFO - shape of adjusted_dwell_time_stop_CBG_arr: (217687, 744)
2025-12-10 16:12:28,045 - my_logger - INFO - shape of adjusted_dwell_time_stop_CBG_arr: (217687, 744)
2025-12-12 09:04:15,001 - my_logger - INFO - Started...
2025-12-12 09:04:20,289 - my_logger - INFO - RAW_STOP_COUNTS (billion): 2.369336026
2025-12-12 09:04:29,845 - my_logger - INFO - Ratio: total_hourly_stop / RAW_STOP_COUNTS =  1.0
2025-12-12 09:04:45,653 - my_logger - INFO - sum of non_adjusted_dwell_time_stop_CBG_arr (billion): 2.369336026
2025-12-12 09:04:45,654 - my_logger - INFO - shape of non_adjusted_dwell_time_stop_CBG_arr: (217687, 744)
2025-12-12 09:05:02,595 - my_logger - INFO - sum of adjusted_dwell_time_stop_CBG_arr (billion): 3.26981158
2025-12-12 09:05:02,595 - my_logger - INFO - sum of adjusted_dwell_time_stop_national_arr (billion): 3.26981158
2025-12-12 09:05:02,596 - my_logger - INFO - shape of adjusted_dwell_time_stop_CBG_arr: (217687, 744)
2025-12-12 09:30:22,987 - my_logger - INFO - sum of non_adjusted_dwell_time_stop_CBG_arr (billion): 2.369336026
2025-12-12 09:30:22,991 - my_logger - INFO - shape of non_adjusted_dwell_time_stop_CBG_arr: (217687, 744)
2025-12-12 09:30:42,052 - my_logger - INFO - sum of adjusted_dwell_time_stop_CBG_arr (billion): 3.26981158
2025-12-12 09:30:42,055 - my_logger - INFO - sum of adjusted_dwell_time_stop_national_arr (billion): 3.26981158
2025-12-12 09:30:42,056 - my_logger - INFO - shape of adjusted_dwell_time_stop_CBG_arr: (217687, 744)
2025-12-13 11:09:52,473 - my_logger - INFO - Started...
2025-12-13 11:10:09,067 - my_logger - INFO - RAW_STOP_COUNTS (billion): 2.369336026
2025-12-13 11:10:18,549 - my_logger - INFO - Ratio: total_hourly_stop / RAW_STOP_COUNTS =  1.0
2025-12-13 11:10:34,510 - my_logger - INFO - sum of non_adjusted_dwell_time_stop_CBG_arr (billion): 2.369336026
2025-12-13 11:10:34,511 - my_logger - INFO - shape of non_adjusted_dwell_time_stop_CBG_arr: (217687, 744)
2025-12-13 11:10:51,583 - my_logger - INFO - sum of adjusted_dwell_time_stop_CBG_arr (billion): 3.26981158
2025-12-13 11:10:51,584 - my_logger - INFO - sum of adjusted_dwell_time_stop_national_arr (billion): 3.26981158
2025-12-13 11:10:51,585 - my_logger - INFO - shape of adjusted_dwell_time_stop_CBG_arr: (217687, 744)
2025-12-13 13:08:53,056 - my_logger - INFO - Started...
2025-12-13 13:09:09,380 - my_logger - INFO - RAW_STOP_COUNTS (billion): 2.369336026
2025-12-13 13:09:18,796 - my_logger - INFO - Ratio: total_hourly_stop / RAW_STOP_COUNTS =  1.0
2025-12-13 13:09:34,770 - my_logger - INFO - sum of non_adjusted_dwell_time_stop_CBG_arr (billion): 2.369336026
2025-12-13 13:09:34,771 - my_logger - INFO - shape of non_adjusted_dwell_time_stop_CBG_arr: (217687, 744)
2025-12-13 13:09:52,047 - my_logger - INFO - sum of adjusted_dwell_time_stop_CBG_arr (billion): 3.26981158
2025-12-13 13:09:52,050 - my_logger - INFO - sum of adjusted_dwell_time_stop_national_arr (billion): 3.26981158
2025-12-13 13:09:52,052 - my_logger - INFO - shape of adjusted_dwell_time_stop_CBG_arr: (217687, 744)
2025-12-13 13:47:06,656 - my_logger - INFO - Started...
2025-12-13 13:47:06,656 - my_logger - INFO - Started...
2025-12-13 13:47:23,207 - my_logger - INFO - RAW_STOP_COUNTS (billion): 2.369336026
2025-12-13 13:47:23,207 - my_logger - INFO - RAW_STOP_COUNTS (billion): 2.369336026
2025-12-13 13:47:32,778 - my_logger - INFO - Ratio: total_hourly_stop / RAW_STOP_COUNTS =  1.0
2025-12-13 13:47:32,778 - my_logger - INFO - Ratio: total_hourly_stop / RAW_STOP_COUNTS =  1.0
2025-12-13 13:47:49,157 - my_logger - INFO - sum of non_adjusted_dwell_time_stop_CBG_arr (billion): 2.369336026
2025-12-13 13:47:49,157 - my_logger - INFO - sum of non_adjusted_dwell_time_stop_CBG_arr (billion): 2.369336026
2025-12-13 13:47:49,159 - my_logger - INFO - shape of non_adjusted_dwell_time_stop_CBG_arr: (217687, 744)
2025-12-13 13:47:49,159 - my_logger - INFO - shape of non_adjusted_dwell_time_stop_CBG_arr: (217687, 744)
2025-12-13 13:48:06,674 - my_logger - INFO - sum of adjusted_dwell_time_stop_CBG_arr (billion): 3.26981158
2025-12-13 13:48:06,674 - my_logger - INFO - sum of adjusted_dwell_time_stop_CBG_arr (billion): 3.26981158
2025-12-13 13:48:06,678 - my_logger - INFO - sum of adjusted_dwell_time_stop_national_arr (billion): 3.26981158
2025-12-13 13:48:06,678 - my_logger - INFO - sum of adjusted_dwell_time_stop_national_arr (billion): 3.26981158
2025-12-13 13:48:06,680 - my_logger - INFO - shape of adjusted_dwell_time_stop_CBG_arr: (217687, 744)
2025-12-13 13:48:06,680 - my_logger - INFO - shape of adjusted_dwell_time_stop_CBG_arr: (217687, 744)
2025-12-13 17:20:13,012 - my_logger - INFO - Started...
2025-12-13 17:20:13,012 - my_logger - INFO - Started...
2025-12-13 17:20:13,012 - my_logger - INFO - Started...
2025-12-13 17:20:34,287 - my_logger - INFO - RAW_STOP_COUNTS (billion): 2.369336026
2025-12-13 17:20:34,287 - my_logger - INFO - RAW_STOP_COUNTS (billion): 2.369336026
2025-12-13 17:20:34,287 - my_logger - INFO - RAW_STOP_COUNTS (billion): 2.369336026
2025-12-13 17:20:46,680 - my_logger - INFO - Ratio: total_hourly_stop / RAW_STOP_COUNTS =  1.0
2025-12-13 17:20:46,680 - my_logger - INFO - Ratio: total_hourly_stop / RAW_STOP_COUNTS =  1.0
2025-12-13 17:20:46,680 - my_logger - INFO - Ratio: total_hourly_stop / RAW_STOP_COUNTS =  1.0
2025-12-13 17:21:07,786 - my_logger - INFO - sum of non_adjusted_dwell_time_stop_CBG_arr (billion): 2.369336026
2025-12-13 17:21:07,786 - my_logger - INFO - sum of non_adjusted_dwell_time_stop_CBG_arr (billion): 2.369336026
2025-12-13 17:21:07,786 - my_logger - INFO - sum of non_adjusted_dwell_time_stop_CBG_arr (billion): 2.369336026
2025-12-13 17:21:07,791 - my_logger - INFO - shape of non_adjusted_dwell_time_stop_CBG_arr: (217687, 744)
2025-12-13 17:21:07,791 - my_logger - INFO - shape of non_adjusted_dwell_time_stop_CBG_arr: (217687, 744)
2025-12-13 17:21:07,791 - my_logger - INFO - shape of non_adjusted_dwell_time_stop_CBG_arr: (217687, 744)
2025-12-13 17:21:30,621 - my_logger - INFO - sum of adjusted_dwell_time_stop_CBG_arr (billion): 3.26981158
2025-12-13 17:21:30,621 - my_logger - INFO - sum of adjusted_dwell_time_stop_CBG_arr (billion): 3.26981158
2025-12-13 17:21:30,621 - my_logger - INFO - sum of adjusted_dwell_time_stop_CBG_arr (billion): 3.26981158
2025-12-13 17:21:30,630 - my_logger - INFO - sum of adjusted_dwell_time_stop_national_arr (billion): 3.26981158
2025-12-13 17:21:30,630 - my_logger - INFO - sum of adjusted_dwell_time_stop_national_arr (billion): 3.26981158
2025-12-13 17:21:30,630 - my_logger - INFO - sum of adjusted_dwell_time_stop_national_arr (billion): 3.26981158
2025-12-13 17:21:30,638 - my_logger - INFO - shape of adjusted_dwell_time_stop_CBG_arr: (217687, 744)
2025-12-13 17:21:30,638 - my_logger - INFO - shape of adjusted_dwell_time_stop_CBG_arr: (217687, 744)
2025-12-13 17:21:30,638 - my_logger - INFO - shape of adjusted_dwell_time_stop_CBG_arr: (217687, 744)
2025-12-13 22:34:40,475 - my_logger - INFO - RAW_STOP_COUNTS (billion): 2.369336026
2025-12-13 22:34:40,475 - my_logger - INFO - RAW_STOP_COUNTS (billion): 2.369336026
2025-12-13 22:34:40,475 - my_logger - INFO - RAW_STOP_COUNTS (billion): 2.369336026
2025-12-13 22:35:05,457 - my_logger - INFO - Ratio: total_hourly_stop / RAW_STOP_COUNTS =  1.0
2025-12-13 22:35:05,457 - my_logger - INFO - Ratio: total_hourly_stop / RAW_STOP_COUNTS =  1.0
2025-12-13 22:35:05,457 - my_logger - INFO - Ratio: total_hourly_stop / RAW_STOP_COUNTS =  1.0
2025-12-13 22:35:25,389 - my_logger - INFO - sum of non_adjusted_dwell_time_stop_CBG_arr (billion): 2.369336026
2025-12-13 22:35:25,389 - my_logger - INFO - sum of non_adjusted_dwell_time_stop_CBG_arr (billion): 2.369336026
2025-12-13 22:35:25,389 - my_logger - INFO - sum of non_adjusted_dwell_time_stop_CBG_arr (billion): 2.369336026
2025-12-13 22:35:25,397 - my_logger - INFO - shape of non_adjusted_dwell_time_stop_CBG_arr: (217687, 744)
2025-12-13 22:35:25,397 - my_logger - INFO - shape of non_adjusted_dwell_time_stop_CBG_arr: (217687, 744)
2025-12-13 22:35:25,397 - my_logger - INFO - shape of non_adjusted_dwell_time_stop_CBG_arr: (217687, 744)
2025-12-13 22:35:42,786 - my_logger - INFO - sum of adjusted_dwell_time_stop_CBG_arr (billion): 3.26981158
2025-12-13 22:35:42,786 - my_logger - INFO - sum of adjusted_dwell_time_stop_CBG_arr (billion): 3.26981158
2025-12-13 22:35:42,786 - my_logger - INFO - sum of adjusted_dwell_time_stop_CBG_arr (billion): 3.26981158
2025-12-13 22:35:42,795 - my_logger - INFO - sum of adjusted_dwell_time_stop_national_arr (billion): 3.26981158
2025-12-13 22:35:42,795 - my_logger - INFO - sum of adjusted_dwell_time_stop_national_arr (billion): 3.26981158
2025-12-13 22:35:42,795 - my_logger - INFO - sum of adjusted_dwell_time_stop_national_arr (billion): 3.26981158
2025-12-13 22:35:42,801 - my_logger - INFO - shape of adjusted_dwell_time_stop_CBG_arr: (217687, 744)
2025-12-13 22:35:42,801 - my_logger - INFO - shape of adjusted_dwell_time_stop_CBG_arr: (217687, 744)
2025-12-13 22:35:42,801 - my_logger - INFO - shape of adjusted_dwell_time_stop_CBG_arr: (217687, 744)
2025-12-13 22:43:08,860 - my_logger - INFO - Started...
2025-12-13 22:43:08,860 - my_logger - INFO - Started...
2025-12-13 22:43:08,860 - my_logger - INFO - Started...
2025-12-13 22:43:08,860 - my_logger - INFO - Started...
2025-12-13 22:43:27,160 - my_logger - INFO - RAW_STOP_COUNTS (billion): 2.369336026
2025-12-13 22:43:27,160 - my_logger - INFO - RAW_STOP_COUNTS (billion): 2.369336026
2025-12-13 22:43:27,160 - my_logger - INFO - RAW_STOP_COUNTS (billion): 2.369336026
2025-12-13 22:43:27,160 - my_logger - INFO - RAW_STOP_COUNTS (billion): 2.369336026
2025-12-13 22:43:36,613 - my_logger - INFO - Ratio: total_hourly_stop / RAW_STOP_COUNTS =  1.0
2025-12-13 22:43:36,613 - my_logger - INFO - Ratio: total_hourly_stop / RAW_STOP_COUNTS =  1.0
2025-12-13 22:43:36,613 - my_logger - INFO - Ratio: total_hourly_stop / RAW_STOP_COUNTS =  1.0
2025-12-13 22:43:36,613 - my_logger - INFO - Ratio: total_hourly_stop / RAW_STOP_COUNTS =  1.0
2025-12-13 22:43:52,495 - my_logger - INFO - sum of non_adjusted_dwell_time_stop_CBG_arr (billion): 2.369336026
2025-12-13 22:43:52,495 - my_logger - INFO - sum of non_adjusted_dwell_time_stop_CBG_arr (billion): 2.369336026
2025-12-13 22:43:52,495 - my_logger - INFO - sum of non_adjusted_dwell_time_stop_CBG_arr (billion): 2.369336026
2025-12-13 22:43:52,495 - my_logger - INFO - sum of non_adjusted_dwell_time_stop_CBG_arr (billion): 2.369336026
2025-12-13 22:43:52,508 - my_logger - INFO - shape of non_adjusted_dwell_time_stop_CBG_arr: (217687, 744)
2025-12-13 22:43:52,508 - my_logger - INFO - shape of non_adjusted_dwell_time_stop_CBG_arr: (217687, 744)
2025-12-13 22:43:52,508 - my_logger - INFO - shape of non_adjusted_dwell_time_stop_CBG_arr: (217687, 744)
2025-12-13 22:43:52,508 - my_logger - INFO - shape of non_adjusted_dwell_time_stop_CBG_arr: (217687, 744)
2025-12-13 22:44:09,627 - my_logger - INFO - sum of adjusted_dwell_time_stop_CBG_arr (billion): 3.26981158
2025-12-13 22:44:09,627 - my_logger - INFO - sum of adjusted_dwell_time_stop_CBG_arr (billion): 3.26981158
2025-12-13 22:44:09,627 - my_logger - INFO - sum of adjusted_dwell_time_stop_CBG_arr (billion): 3.26981158
2025-12-13 22:44:09,627 - my_logger - INFO - sum of adjusted_dwell_time_stop_CBG_arr (billion): 3.26981158
2025-12-13 22:44:09,643 - my_logger - INFO - sum of adjusted_dwell_time_stop_national_arr (billion): 3.26981158
2025-12-13 22:44:09,643 - my_logger - INFO - sum of adjusted_dwell_time_stop_national_arr (billion): 3.26981158
2025-12-13 22:44:09,643 - my_logger - INFO - sum of adjusted_dwell_time_stop_national_arr (billion): 3.26981158
2025-12-13 22:44:09,643 - my_logger - INFO - sum of adjusted_dwell_time_stop_national_arr (billion): 3.26981158
2025-12-13 22:44:09,657 - my_logger - INFO - shape of adjusted_dwell_time_stop_CBG_arr: (217687, 744)
2025-12-13 22:44:09,657 - my_logger - INFO - shape of adjusted_dwell_time_stop_CBG_arr: (217687, 744)
2025-12-13 22:44:09,657 - my_logger - INFO - shape of adjusted_dwell_time_stop_CBG_arr: (217687, 744)
2025-12-13 22:44:09,657 - my_logger - INFO - shape of adjusted_dwell_time_stop_CBG_arr: (217687, 744)
2025-12-13 23:04:50,801 - my_logger - INFO - Started...
2025-12-13 23:04:50,801 - my_logger - INFO - Started...
2025-12-13 23:04:50,801 - my_logger - INFO - Started...
2025-12-13 23:04:50,801 - my_logger - INFO - Started...
2025-12-13 23:04:50,801 - my_logger - INFO - Started...
2025-12-13 23:05:14,914 - my_logger - INFO - RAW_STOP_COUNTS (billion): 2.369336026
2025-12-13 23:05:14,914 - my_logger - INFO - RAW_STOP_COUNTS (billion): 2.369336026
2025-12-13 23:05:14,914 - my_logger - INFO - RAW_STOP_COUNTS (billion): 2.369336026
2025-12-13 23:05:14,914 - my_logger - INFO - RAW_STOP_COUNTS (billion): 2.369336026
2025-12-13 23:05:14,914 - my_logger - INFO - RAW_STOP_COUNTS (billion): 2.369336026
2025-12-13 23:05:27,619 - my_logger - INFO - Ratio: total_hourly_stop / RAW_STOP_COUNTS =  1.0
2025-12-13 23:05:27,619 - my_logger - INFO - Ratio: total_hourly_stop / RAW_STOP_COUNTS =  1.0
2025-12-13 23:05:27,619 - my_logger - INFO - Ratio: total_hourly_stop / RAW_STOP_COUNTS =  1.0
2025-12-13 23:05:27,619 - my_logger - INFO - Ratio: total_hourly_stop / RAW_STOP_COUNTS =  1.0
2025-12-13 23:05:27,619 - my_logger - INFO - Ratio: total_hourly_stop / RAW_STOP_COUNTS =  1.0
2025-12-13 23:05:48,709 - my_logger - INFO - sum of non_adjusted_dwell_time_stop_CBG_arr (billion): 2.369336026
2025-12-13 23:05:48,709 - my_logger - INFO - sum of non_adjusted_dwell_time_stop_CBG_arr (billion): 2.369336026
2025-12-13 23:05:48,709 - my_logger - INFO - sum of non_adjusted_dwell_time_stop_CBG_arr (billion): 2.369336026
2025-12-13 23:05:48,709 - my_logger - INFO - sum of non_adjusted_dwell_time_stop_CBG_arr (billion): 2.369336026
2025-12-13 23:05:48,709 - my_logger - INFO - sum of non_adjusted_dwell_time_stop_CBG_arr (billion): 2.369336026
2025-12-13 23:05:48,738 - my_logger - INFO - shape of non_adjusted_dwell_time_stop_CBG_arr: (217687, 744)
2025-12-13 23:05:48,738 - my_logger - INFO - shape of non_adjusted_dwell_time_stop_CBG_arr: (217687, 744)
2025-12-13 23:05:48,738 - my_logger - INFO - shape of non_adjusted_dwell_time_stop_CBG_arr: (217687, 744)
2025-12-13 23:05:48,738 - my_logger - INFO - shape of non_adjusted_dwell_time_stop_CBG_arr: (217687, 744)
2025-12-13 23:05:48,738 - my_logger - INFO - shape of non_adjusted_dwell_time_stop_CBG_arr: (217687, 744)
2025-12-13 23:06:12,871 - my_logger - INFO - sum of adjusted_dwell_time_stop_CBG_arr (billion): 3.26981158
2025-12-13 23:06:12,871 - my_logger - INFO - sum of adjusted_dwell_time_stop_CBG_arr (billion): 3.26981158
2025-12-13 23:06:12,871 - my_logger - INFO - sum of adjusted_dwell_time_stop_CBG_arr (billion): 3.26981158
2025-12-13 23:06:12,871 - my_logger - INFO - sum of adjusted_dwell_time_stop_CBG_arr (billion): 3.26981158
2025-12-13 23:06:12,871 - my_logger - INFO - sum of adjusted_dwell_time_stop_CBG_arr (billion): 3.26981158
2025-12-13 23:06:12,904 - my_logger - INFO - sum of adjusted_dwell_time_stop_national_arr (billion): 3.26981158
2025-12-13 23:06:12,904 - my_logger - INFO - sum of adjusted_dwell_time_stop_national_arr (billion): 3.26981158
2025-12-13 23:06:12,904 - my_logger - INFO - sum of adjusted_dwell_time_stop_national_arr (billion): 3.26981158
2025-12-13 23:06:12,904 - my_logger - INFO - sum of adjusted_dwell_time_stop_national_arr (billion): 3.26981158
2025-12-13 23:06:12,904 - my_logger - INFO - sum of adjusted_dwell_time_stop_national_arr (billion): 3.26981158
2025-12-13 23:06:12,928 - my_logger - INFO - shape of adjusted_dwell_time_stop_CBG_arr: (217687, 744)
2025-12-13 23:06:12,928 - my_logger - INFO - shape of adjusted_dwell_time_stop_CBG_arr: (217687, 744)
2025-12-13 23:06:12,928 - my_logger - INFO - shape of adjusted_dwell_time_stop_CBG_arr: (217687, 744)
2025-12-13 23:06:12,928 - my_logger - INFO - shape of adjusted_dwell_time_stop_CBG_arr: (217687, 744)
2025-12-13 23:06:12,928 - my_logger - INFO - shape of adjusted_dwell_time_stop_CBG_arr: (217687, 744)
2025-12-14 08:57:40,624 - my_logger - INFO - Started...
2025-12-14 08:57:56,728 - my_logger - INFO - RAW_STOP_COUNTS (billion): 2.369336026
2025-12-14 08:58:06,102 - my_logger - INFO - Ratio: total_hourly_stop / RAW_STOP_COUNTS =  1.0
2025-12-14 08:58:22,091 - my_logger - INFO - sum of non_adjusted_dwell_time_stop_CBG_arr (billion): 2.369336026
2025-12-14 08:58:22,092 - my_logger - INFO - shape of non_adjusted_dwell_time_stop_CBG_arr: (217687, 744)
2025-12-14 08:58:38,970 - my_logger - INFO - sum of adjusted_dwell_time_stop_CBG_arr (billion): 3.26981158
2025-12-14 08:58:38,971 - my_logger - INFO - sum of adjusted_dwell_time_stop_national_arr (billion): 3.26981158
2025-12-14 08:58:38,973 - my_logger - INFO - shape of adjusted_dwell_time_stop_CBG_arr: (217687, 744)
2025-12-14 09:23:49,042 - my_logger - INFO - Started...
2025-12-14 09:24:05,166 - my_logger - INFO - RAW_STOP_COUNTS (billion): 2.369336026
2025-12-14 09:24:14,626 - my_logger - INFO - Ratio: total_hourly_stop / RAW_STOP_COUNTS =  1.0
2025-12-14 09:24:30,244 - my_logger - INFO - sum of non_adjusted_dwell_time_stop_CBG_arr (billion): 2.369336026
2025-12-14 09:24:30,246 - my_logger - INFO - shape of non_adjusted_dwell_time_stop_CBG_arr: (217687, 744)
2025-12-14 09:24:47,262 - my_logger - INFO - sum of adjusted_dwell_time_stop_CBG_arr (billion): 3.26981158
2025-12-14 09:24:47,263 - my_logger - INFO - sum of adjusted_dwell_time_stop_national_arr (billion): 3.26981158
2025-12-14 09:24:47,264 - my_logger - INFO - shape of adjusted_dwell_time_stop_CBG_arr: (217687, 744)
2025-12-14 09:30:52,072 - my_logger - INFO - RAW_STOP_COUNTS (billion): 2.369336026
2025-12-14 09:31:01,589 - my_logger - INFO - Ratio: total_hourly_stop / RAW_STOP_COUNTS =  1.0
2025-12-14 09:31:19,066 - my_logger - INFO - sum of non_adjusted_dwell_time_stop_CBG_arr (billion): 2.369336026
2025-12-14 09:31:19,069 - my_logger - INFO - shape of non_adjusted_dwell_time_stop_CBG_arr: (217687, 744)
2025-12-14 09:31:37,127 - my_logger - INFO - sum of adjusted_dwell_time_stop_CBG_arr (billion): 3.26981158
2025-12-14 09:31:37,131 - my_logger - INFO - sum of adjusted_dwell_time_stop_national_arr (billion): 3.26981158
2025-12-14 09:31:37,133 - my_logger - INFO - shape of adjusted_dwell_time_stop_CBG_arr: (217687, 744)
2025-12-14 12:05:47,775 - my_logger - INFO - Started...
2025-12-14 12:06:05,042 - my_logger - INFO - RAW_STOP_COUNTS (billion): 2.369336026
2025-12-14 12:06:14,807 - my_logger - INFO - Ratio: total_hourly_stop / RAW_STOP_COUNTS =  1.0
2025-12-14 12:06:33,413 - my_logger - INFO - Started...
2025-12-14 12:06:49,759 - my_logger - INFO - RAW_STOP_COUNTS (billion): 2.369336026
2025-12-14 12:06:59,201 - my_logger - INFO - Ratio: total_hourly_stop / RAW_STOP_COUNTS =  1.0
2025-12-14 12:07:15,230 - my_logger - INFO - sum of non_adjusted_dwell_time_stop_CBG_arr (billion): 2.369336026
2025-12-14 12:07:15,231 - my_logger - INFO - shape of non_adjusted_dwell_time_stop_CBG_arr: (217687, 744)
2025-12-14 12:07:32,502 - my_logger - INFO - sum of adjusted_dwell_time_stop_CBG_arr (billion): 3.26981158
2025-12-14 12:07:32,504 - my_logger - INFO - sum of adjusted_dwell_time_stop_national_arr (billion): 3.26981158
2025-12-14 12:07:32,504 - my_logger - INFO - shape of adjusted_dwell_time_stop_CBG_arr: (217687, 744)
2025-12-14 12:12:45,105 - my_logger - INFO - Started...
2025-12-14 12:13:02,015 - my_logger - INFO - RAW_STOP_COUNTS (billion): 2.369336026
2025-12-14 12:13:11,504 - my_logger - INFO - Ratio: total_hourly_stop / RAW_STOP_COUNTS =  1.0
2025-12-14 12:13:28,037 - my_logger - INFO - sum of non_adjusted_dwell_time_stop_CBG_arr (billion): 2.369336026
2025-12-14 12:13:28,039 - my_logger - INFO - shape of non_adjusted_dwell_time_stop_CBG_arr: (217687, 744)
2025-12-14 12:13:45,677 - my_logger - INFO - sum of adjusted_dwell_time_stop_CBG_arr (billion): 3.26981158
2025-12-14 12:13:45,679 - my_logger - INFO - sum of adjusted_dwell_time_stop_national_arr (billion): 3.26981158
2025-12-14 12:13:45,680 - my_logger - INFO - shape of adjusted_dwell_time_stop_CBG_arr: (217687, 744)
2025-12-14 12:14:44,670 - my_logger - INFO - Started...
2025-12-14 12:19:29,980 - my_logger - INFO - RAW_STOP_COUNTS (billion): 2.369336026
2025-12-14 12:19:47,741 - my_logger - INFO - Before visit scaling, RAW_STOP_COUNTS (billion): 2.369336026
2025-12-14 12:20:07,638 - my_logger - INFO - Ratio: total_hourly_stop / RAW_STOP_COUNTS =  1.0
2025-12-14 12:20:45,877 - my_logger - INFO - sum of non_adjusted_dwell_time_stop_CBG_arr (billion): 2.369336026
2025-12-14 12:20:45,879 - my_logger - INFO - shape of non_adjusted_dwell_time_stop_CBG_arr: (217687, 744)
2025-12-14 12:21:03,924 - my_logger - INFO - sum of adjusted_dwell_time_stop_CBG_arr (billion): 3.26981158
2025-12-14 12:21:03,926 - my_logger - INFO - sum of adjusted_dwell_time_stop_national_arr (billion): 3.26981158
2025-12-14 12:21:03,926 - my_logger - INFO - shape of adjusted_dwell_time_stop_CBG_arr: (217687, 744)
2025-12-14 12:22:35,297 - my_logger - INFO - sum of non_adjusted_dwell_time_stop_CBG_arr (billion): 2.369336026
2025-12-14 12:22:53,263 - my_logger - INFO - sum of adjusted_dwell_time_stop_CBG_arr (billion): 3.26981158
2025-12-14 12:22:53,264 - my_logger - INFO - sum of adjusted_dwell_time_stop_national_arr (billion): 3.26981158
2025-12-14 12:22:53,266 - my_logger - INFO - shape of adjusted_dwell_time_stop_CBG_arr: (217687, 744)
2025-12-14 13:11:50,433 - my_logger - INFO - Started...
2025-12-14 13:11:50,433 - my_logger - INFO - Started...
2025-12-14 13:12:07,750 - my_logger - INFO - Before visit scaling, RAW_STOP_COUNTS (billion): 2.369336026
2025-12-14 13:12:07,750 - my_logger - INFO - Before visit scaling, RAW_STOP_COUNTS (billion): 2.369336026
2025-12-14 13:12:42,455 - my_logger - INFO - Ratio: total_hourly_stop / RAW_STOP_COUNTS =  1.0
2025-12-14 13:12:42,455 - my_logger - INFO - Ratio: total_hourly_stop / RAW_STOP_COUNTS =  1.0
2025-12-14 13:12:46,562 - my_logger - INFO - sum of non_adjusted_dwell_time_stop_CBG_arr (billion): 2.369336026
2025-12-14 13:12:46,562 - my_logger - INFO - sum of non_adjusted_dwell_time_stop_CBG_arr (billion): 2.369336026
2025-12-14 13:13:05,138 - my_logger - INFO - sum of adjusted_dwell_time_stop_CBG_arr (billion): 3.26981158
2025-12-14 13:13:05,138 - my_logger - INFO - sum of adjusted_dwell_time_stop_CBG_arr (billion): 3.26981158
2025-12-14 13:13:05,141 - my_logger - INFO - sum of adjusted_dwell_time_stop_national_arr (billion): 3.26981158
2025-12-14 13:13:05,141 - my_logger - INFO - sum of adjusted_dwell_time_stop_national_arr (billion): 3.26981158
2025-12-14 13:13:05,147 - my_logger - INFO - shape of adjusted_dwell_time_stop_CBG_arr: (217687, 744)
2025-12-14 13:13:05,147 - my_logger - INFO - shape of adjusted_dwell_time_stop_CBG_arr: (217687, 744)
2025-12-14 15:08:18,207 - my_logger - INFO - Started...
2025-12-14 15:08:18,207 - my_logger - INFO - Started...
2025-12-14 15:08:18,207 - my_logger - INFO - Started...
2025-12-14 15:08:38,504 - my_logger - INFO - Before visit scaling, RAW_STOP_COUNTS (billion): 2.369336026
2025-12-14 15:08:38,504 - my_logger - INFO - Before visit scaling, RAW_STOP_COUNTS (billion): 2.369336026
2025-12-14 15:08:38,504 - my_logger - INFO - Before visit scaling, RAW_STOP_COUNTS (billion): 2.369336026
2025-12-14 15:08:48,327 - my_logger - INFO - Ratio: total_hourly_stop / RAW_STOP_COUNTS =  1.0
2025-12-14 15:08:48,327 - my_logger - INFO - Ratio: total_hourly_stop / RAW_STOP_COUNTS =  1.0
2025-12-14 15:08:48,327 - my_logger - INFO - Ratio: total_hourly_stop / RAW_STOP_COUNTS =  1.0
2025-12-14 15:08:48,921 - my_logger - INFO - sum of non_adjusted_dwell_time_stop_CBG_arr (billion): 2.369336026
2025-12-14 15:08:48,921 - my_logger - INFO - sum of non_adjusted_dwell_time_stop_CBG_arr (billion): 2.369336026
2025-12-14 15:08:48,921 - my_logger - INFO - sum of non_adjusted_dwell_time_stop_CBG_arr (billion): 2.369336026
2025-12-14 15:09:08,291 - my_logger - INFO - sum of adjusted_dwell_time_stop_CBG_arr (billion): 3.26981158
2025-12-14 15:09:08,291 - my_logger - INFO - sum of adjusted_dwell_time_stop_CBG_arr (billion): 3.26981158
2025-12-14 15:09:08,291 - my_logger - INFO - sum of adjusted_dwell_time_stop_CBG_arr (billion): 3.26981158
2025-12-14 15:09:08,301 - my_logger - INFO - sum of adjusted_dwell_time_stop_national_arr (billion): 3.26981158
2025-12-14 15:09:08,301 - my_logger - INFO - sum of adjusted_dwell_time_stop_national_arr (billion): 3.26981158
2025-12-14 15:09:08,301 - my_logger - INFO - sum of adjusted_dwell_time_stop_national_arr (billion): 3.26981158
2025-12-14 15:09:08,310 - my_logger - INFO - shape of adjusted_dwell_time_stop_CBG_arr: (217687, 744)
2025-12-14 15:09:08,310 - my_logger - INFO - shape of adjusted_dwell_time_stop_CBG_arr: (217687, 744)
2025-12-14 15:09:08,310 - my_logger - INFO - shape of adjusted_dwell_time_stop_CBG_arr: (217687, 744)
2025-12-14 15:29:32,590 - my_logger - INFO - Started...
2025-12-14 15:29:50,394 - my_logger - INFO - Before visit scaling, RAW_STOP_COUNTS (billion): 2.369336026
2025-12-14 15:30:00,340 - my_logger - INFO - Ratio: total_hourly_stop / RAW_STOP_COUNTS =  1.0
2025-12-14 15:30:00,422 - my_logger - INFO - sum of non_adjusted_dwell_time_stop_CBG_arr (billion): 2.369336026
2025-12-14 15:30:18,672 - my_logger - INFO - sum of adjusted_dwell_time_stop_CBG_arr (billion): 3.26981158
2025-12-14 15:30:18,674 - my_logger - INFO - sum of adjusted_dwell_time_stop_national_arr (billion): 3.26981158
2025-12-14 15:30:18,675 - my_logger - INFO - shape of adjusted_dwell_time_stop_CBG_arr: (217687, 744)
2025-12-14 15:39:16,239 - my_logger - INFO - Started...
2025-12-14 15:39:32,668 - my_logger - INFO - Before visit scaling, RAW_STOP_COUNTS (billion): 2.369336026
2025-12-14 15:39:42,124 - my_logger - INFO - Ratio: total_hourly_stop / RAW_STOP_COUNTS =  1.0
2025-12-14 15:39:42,205 - my_logger - INFO - sum of non_adjusted_dwell_time_stop_CBG_arr (billion): 2.369336026
2025-12-14 15:40:01,083 - my_logger - INFO - sum of adjusted_dwell_time_stop_CBG_arr (billion): 3.26981158
2025-12-14 15:40:01,086 - my_logger - INFO - sum of adjusted_dwell_time_stop_national_arr (billion): 3.26981158
2025-12-14 15:40:01,087 - my_logger - INFO - shape of adjusted_dwell_time_stop_CBG_arr: (217687, 744)
2025-12-14 15:46:57,099 - my_logger - INFO - Started...
2025-12-14 15:47:13,676 - my_logger - INFO - Before visit scaling, RAW_STOP_COUNTS (billion): 2.369336026
2025-12-14 15:47:23,102 - my_logger - INFO - Ratio: total_hourly_stop / RAW_STOP_COUNTS =  1.0
2025-12-14 15:47:23,181 - my_logger - INFO - sum of non_adjusted_dwell_time_stop_CBG_arr (billion): 2.369336026
2025-12-14 15:47:40,118 - my_logger - INFO - sum of adjusted_dwell_time_stop_CBG_arr (billion): 3.26981158
2025-12-14 15:47:40,120 - my_logger - INFO - sum of adjusted_dwell_time_stop_national_arr (billion): 3.26981158
2025-12-14 15:47:40,121 - my_logger - INFO - shape of adjusted_dwell_time_stop_CBG_arr: (217687, 744)
2025-12-14 16:09:27,568 - my_logger - INFO - Started...
2025-12-14 16:09:45,144 - my_logger - INFO - Before visit scaling, RAW_STOP_COUNTS (billion): 2.369336026
2025-12-14 16:09:55,184 - my_logger - INFO - Ratio: total_hourly_stop / RAW_STOP_COUNTS =  1.0
2025-12-14 16:09:55,295 - my_logger - INFO - sum of non_adjusted_dwell_time_stop_CBG_arr (billion): 2.369336026
2025-12-14 16:10:12,823 - my_logger - INFO - sum of adjusted_dwell_time_stop_CBG_arr (billion): 3.26981158
2025-12-14 16:10:12,825 - my_logger - INFO - sum of adjusted_dwell_time_stop_national_arr (billion): 3.26981158
2025-12-14 16:10:12,826 - my_logger - INFO - shape of adjusted_dwell_time_stop_CBG_arr: (217687, 744)
2025-12-14 16:15:44,384 - my_logger - INFO - Started...
2025-12-14 16:16:02,539 - my_logger - INFO - Before visit scaling, RAW_STOP_COUNTS (billion): 2.369336026
2025-12-14 16:16:13,295 - my_logger - INFO - Ratio: total_hourly_stop / RAW_STOP_COUNTS =  1.0
2025-12-14 16:16:13,391 - my_logger - INFO - sum of non_adjusted_dwell_time_stop_CBG_arr (billion): 2.369336026
2025-12-14 16:16:30,964 - my_logger - INFO - sum of adjusted_dwell_time_stop_CBG_arr (billion): 3.26981158
2025-12-14 16:16:30,965 - my_logger - INFO - sum of adjusted_dwell_time_stop_national_arr (billion): 3.26981158
2025-12-14 16:16:30,966 - my_logger - INFO - shape of adjusted_dwell_time_stop_CBG_arr: (217687, 744)
2025-12-14 16:22:54,486 - my_logger - INFO - Started...
2025-12-14 16:22:54,682 - my_logger - INFO - Started...
2025-12-14 16:22:54,682 - my_logger - INFO - Started...
2025-12-14 16:24:33,491 - my_logger - INFO - Before visit scaling, RAW_STOP_COUNTS (billion): 2.369336026
2025-12-14 16:24:33,491 - my_logger - INFO - Before visit scaling, RAW_STOP_COUNTS (billion): 2.369336026
2025-12-14 16:24:58,625 - my_logger - INFO - Ratio: total_hourly_stop / RAW_STOP_COUNTS =  1.0
2025-12-14 16:24:58,625 - my_logger - INFO - Ratio: total_hourly_stop / RAW_STOP_COUNTS =  1.0
2025-12-14 16:25:10,218 - my_logger - INFO - sum of non_adjusted_dwell_time_stop_CBG_arr (billion): 2.369336026
2025-12-14 16:25:10,218 - my_logger - INFO - sum of non_adjusted_dwell_time_stop_CBG_arr (billion): 2.369336026
2025-12-14 16:25:28,268 - my_logger - INFO - sum of adjusted_dwell_time_stop_CBG_arr (billion): 3.26981158
2025-12-14 16:25:28,268 - my_logger - INFO - sum of adjusted_dwell_time_stop_CBG_arr (billion): 3.26981158
2025-12-14 16:25:28,270 - my_logger - INFO - sum of adjusted_dwell_time_stop_national_arr (billion): 3.26981158
2025-12-14 16:25:28,270 - my_logger - INFO - sum of adjusted_dwell_time_stop_national_arr (billion): 3.26981158
2025-12-14 16:25:28,272 - my_logger - INFO - shape of adjusted_dwell_time_stop_CBG_arr: (217687, 744)
2025-12-14 16:25:28,272 - my_logger - INFO - shape of adjusted_dwell_time_stop_CBG_arr: (217687, 744)
2025-12-14 16:54:25,569 - my_logger - INFO - Started...
2025-12-14 16:54:42,936 - my_logger - INFO - Before visit scaling, RAW_STOP_COUNTS (billion): 2.369336026
2025-12-14 16:54:52,206 - my_logger - INFO - Ratio: total_hourly_stop / RAW_STOP_COUNTS =  1.0
2025-12-14 16:54:52,292 - my_logger - INFO - sum of non_adjusted_dwell_time_stop_CBG_arr (billion): 2.369336026
2025-12-14 16:55:11,169 - my_logger - INFO - sum of adjusted_dwell_time_stop_CBG_arr (billion): 3.26981158
2025-12-14 16:55:11,171 - my_logger - INFO - sum of adjusted_dwell_time_stop_national_arr (billion): 3.26981158
2025-12-14 16:55:11,172 - my_logger - INFO - shape of adjusted_dwell_time_stop_CBG_arr: (217687, 744)
2025-12-14 17:52:14,284 - my_logger - INFO - Started...
2025-12-14 17:52:33,684 - my_logger - INFO - Before visit scaling, RAW_STOP_COUNTS (billion): 2.369336026
2025-12-14 17:52:43,086 - my_logger - INFO - Ratio: total_hourly_stop / RAW_STOP_COUNTS =  1.0
2025-12-14 17:52:43,277 - my_logger - INFO - sum of non_adjusted_dwell_time_stop_CBG_arr (billion): 2.369336026
2025-12-14 17:53:00,909 - my_logger - INFO - sum of adjusted_dwell_time_stop_CBG_arr (billion): 3.26981158
2025-12-14 17:53:00,911 - my_logger - INFO - sum of adjusted_dwell_time_stop_national_arr (billion): 3.26981158
2025-12-14 17:53:00,912 - my_logger - INFO - shape of adjusted_dwell_time_stop_CBG_arr: (217687, 744)
2025-12-14 18:05:55,285 - my_logger - INFO - Started...
2025-12-14 18:06:26,144 - my_logger - INFO - Before visit scaling, RAW_STOP_COUNTS (billion): 4.05393478
2025-12-14 18:06:35,795 - my_logger - INFO - Ratio: total_hourly_stop / RAW_STOP_COUNTS =  1.0
2025-12-14 18:06:35,884 - my_logger - INFO - sum of non_adjusted_dwell_time_stop_CBG_arr (billion): 4.05393478
2025-12-14 18:10:35,225 - my_logger - INFO - Started...
2025-12-14 18:11:10,442 - my_logger - INFO - Before visit scaling, RAW_STOP_COUNTS (billion): 4.05393478
2025-12-14 18:11:22,012 - my_logger - INFO - Ratio: total_hourly_stop / RAW_STOP_COUNTS =  1.0
2025-12-14 18:11:22,063 - my_logger - INFO - sum of non_adjusted_dwell_time_stop_CBG_arr (billion): 4.05393478
2025-12-14 18:11:40,219 - my_logger - INFO - sum of adjusted_dwell_time_stop_CBG_arr (billion): 5.022665939
2025-12-14 18:11:40,223 - my_logger - INFO - sum of adjusted_dwell_time_stop_national_arr (billion): 5.022665939
2025-12-14 18:11:40,225 - my_logger - INFO - shape of adjusted_dwell_time_stop_CBG_arr: (220661, 744)
2025-12-14 18:16:18,431 - my_logger - INFO - Before visit scaling, RAW_STOP_COUNTS (billion): 4.05393478
2025-12-14 18:16:28,517 - my_logger - INFO - Ratio: total_hourly_stop / RAW_STOP_COUNTS =  1.0
2025-12-14 18:16:28,578 - my_logger - INFO - sum of non_adjusted_dwell_time_stop_CBG_arr (billion): 4.05393478
2025-12-14 18:16:47,596 - my_logger - INFO - sum of adjusted_dwell_time_stop_CBG_arr (billion): 5.022665939
2025-12-14 18:16:47,600 - my_logger - INFO - sum of adjusted_dwell_time_stop_national_arr (billion): 5.022665939
2025-12-14 18:16:47,604 - my_logger - INFO - shape of adjusted_dwell_time_stop_CBG_arr: (220661, 744)
2025-12-14 18:35:24,459 - my_logger - INFO - Before visit scaling, RAW_STOP_COUNTS (billion): 4.05393478
2025-12-14 18:35:39,778 - my_logger - INFO - Ratio: total_hourly_stop / RAW_STOP_COUNTS =  1.0
2025-12-14 18:36:01,977 - my_logger - INFO - sum of non_adjusted_dwell_time_stop_CBG_arr (billion): 4.05393478
2025-12-14 18:36:24,235 - my_logger - INFO - sum of adjusted_dwell_time_stop_CBG_arr (billion): 5.022665939
2025-12-14 18:36:24,243 - my_logger - INFO - sum of adjusted_dwell_time_stop_national_arr (billion): 5.022665939
2025-12-14 18:36:24,253 - my_logger - INFO - shape of adjusted_dwell_time_stop_CBG_arr: (220661, 744)
2025-12-14 20:06:21,734 - my_logger - INFO - Ratio: total_hourly_stop / RAW_STOP_COUNTS =  0.3514320774592916
2025-12-14 20:08:11,458 - my_logger - INFO - Started...
2025-12-14 20:08:11,458 - my_logger - INFO - Started...
2025-12-14 20:09:39,854 - my_logger - INFO - Before visit scaling, RAW_STOP_COUNTS (billion): 4.05393478
2025-12-14 20:09:39,854 - my_logger - INFO - Before visit scaling, RAW_STOP_COUNTS (billion): 4.05393478
2025-12-14 20:10:15,786 - my_logger - INFO - Ratio: total_hourly_stop / RAW_STOP_COUNTS =  1.0
2025-12-14 20:10:15,786 - my_logger - INFO - Ratio: total_hourly_stop / RAW_STOP_COUNTS =  1.0
2025-12-14 20:11:14,618 - my_logger - INFO - Ratio: total_hourly_stop / RAW_STOP_COUNTS =  1.0
2025-12-14 20:11:14,618 - my_logger - INFO - Ratio: total_hourly_stop / RAW_STOP_COUNTS =  1.0
2025-12-14 20:11:27,617 - my_logger - INFO - Ratio: total_hourly_stop / RAW_STOP_COUNTS =  1.0
2025-12-14 20:11:27,617 - my_logger - INFO - Ratio: total_hourly_stop / RAW_STOP_COUNTS =  1.0
2025-12-14 20:11:36,257 - my_logger - INFO - sum of non_adjusted_dwell_time_stop_CBG_arr (billion): 4.05393478
2025-12-14 20:11:36,257 - my_logger - INFO - sum of non_adjusted_dwell_time_stop_CBG_arr (billion): 4.05393478
2025-12-14 20:12:13,732 - my_logger - INFO - sum of adjusted_dwell_time_stop_CBG_arr (billion): 5.022665939
2025-12-14 20:12:13,732 - my_logger - INFO - sum of adjusted_dwell_time_stop_CBG_arr (billion): 5.022665939
2025-12-14 20:12:13,755 - my_logger - INFO - sum of adjusted_dwell_time_stop_national_arr (billion): 5.022665939
2025-12-14 20:12:13,755 - my_logger - INFO - sum of adjusted_dwell_time_stop_national_arr (billion): 5.022665939
2025-12-14 20:12:13,773 - my_logger - INFO - shape of adjusted_dwell_time_stop_CBG_arr: (220661, 744)
2025-12-14 20:12:13,773 - my_logger - INFO - shape of adjusted_dwell_time_stop_CBG_arr: (220661, 744)
2025-12-14 20:21:42,222 - my_logger - INFO - Started...
2025-12-14 20:22:10,614 - my_logger - INFO - Before visit scaling, RAW_STOP_COUNTS (billion): 4.05393478
2025-12-14 20:22:20,261 - my_logger - INFO - Ratio: total_hourly_stop / RAW_STOP_COUNTS =  1.0
2025-12-14 20:22:20,314 - my_logger - INFO - sum of non_adjusted_dwell_time_stop_CBG_arr (billion): 4.05393478
2025-12-14 20:22:42,781 - my_logger - INFO - sum of adjusted_dwell_time_stop_CBG_arr (billion): 5.022665939
2025-12-14 20:22:42,784 - my_logger - INFO - sum of adjusted_dwell_time_stop_national_arr (billion): 5.022665939
2025-12-14 20:22:42,786 - my_logger - INFO - shape of adjusted_dwell_time_stop_CBG_arr: (220661, 744)
2025-12-14 20:38:34,940 - my_logger - INFO - Ratio: total_hourly_stop / RAW_STOP_COUNTS =  0.12029813763148672
2025-12-14 20:39:07,604 - my_logger - INFO - Ratio: total_hourly_stop / RAW_STOP_COUNTS =  0.12029813763148672
2025-12-14 20:39:21,015 - my_logger - INFO - Ratio: total_hourly_stop / RAW_STOP_COUNTS =  0.12029813763148672
2025-12-14 20:41:14,196 - my_logger - INFO - Started...
2025-12-14 20:41:14,196 - my_logger - INFO - Started...
2025-12-14 20:42:06,456 - my_logger - INFO - Before visit scaling, RAW_STOP_COUNTS (billion): 4.05393478
2025-12-14 20:42:06,456 - my_logger - INFO - Before visit scaling, RAW_STOP_COUNTS (billion): 4.05393478
2025-12-14 20:42:24,844 - my_logger - INFO - Ratio: total_hourly_stop / RAW_STOP_COUNTS =  1.0
2025-12-14 20:42:24,844 - my_logger - INFO - Ratio: total_hourly_stop / RAW_STOP_COUNTS =  1.0
2025-12-14 20:42:37,527 - my_logger - INFO - Ratio: total_hourly_stop / RAW_STOP_COUNTS =  1.0
2025-12-14 20:42:37,527 - my_logger - INFO - Ratio: total_hourly_stop / RAW_STOP_COUNTS =  1.0
2025-12-14 20:43:30,242 - my_logger - INFO - sum of non_adjusted_dwell_time_stop_CBG_arr (billion): 4.05393478
2025-12-14 20:43:30,242 - my_logger - INFO - sum of non_adjusted_dwell_time_stop_CBG_arr (billion): 4.05393478
2025-12-14 20:43:50,028 - my_logger - INFO - sum of adjusted_dwell_time_stop_CBG_arr (billion): 5.022665939
2025-12-14 20:43:50,028 - my_logger - INFO - sum of adjusted_dwell_time_stop_CBG_arr (billion): 5.022665939
2025-12-14 20:43:50,036 - my_logger - INFO - sum of adjusted_dwell_time_stop_national_arr (billion): 5.022665939
2025-12-14 20:43:50,036 - my_logger - INFO - sum of adjusted_dwell_time_stop_national_arr (billion): 5.022665939
2025-12-14 20:43:50,039 - my_logger - INFO - shape of adjusted_dwell_time_stop_CBG_arr: (220661, 744)
2025-12-14 20:43:50,039 - my_logger - INFO - shape of adjusted_dwell_time_stop_CBG_arr: (220661, 744)
2025-12-14 20:55:37,380 - my_logger - INFO - Before visit scaling, RAW_DEVICE_COUNTS (billion): 0.790397586
2025-12-14 20:55:37,380 - my_logger - INFO - Before visit scaling, RAW_DEVICE_COUNTS (billion): 0.790397586
2025-12-14 20:57:01,075 - my_logger - INFO - Before visit scaling, RAW_DEVICE_COUNTS (billion): 0.790397586
2025-12-14 20:57:01,075 - my_logger - INFO - Before visit scaling, RAW_DEVICE_COUNTS (billion): 0.790397586
2025-12-14 20:57:34,134 - my_logger - INFO - Before visit scaling, RAW_STOP_COUNTS (billion): 11.535471688606998
2025-12-14 20:57:34,134 - my_logger - INFO - Before visit scaling, RAW_STOP_COUNTS (billion): 11.535471688606998
2025-12-14 20:57:45,912 - my_logger - INFO - Before visit scaling, RAW_STOP_COUNTS (billion): 11.535471688606998
2025-12-14 20:57:45,912 - my_logger - INFO - Before visit scaling, RAW_STOP_COUNTS (billion): 11.535471688606998
2025-12-14 20:57:59,860 - my_logger - INFO - Before visit scaling, RAW_DEVICE_COUNTS (billion): 0.790397586
2025-12-14 20:57:59,860 - my_logger - INFO - Before visit scaling, RAW_DEVICE_COUNTS (billion): 0.790397586
2025-12-14 20:58:07,974 - my_logger - INFO - Before visit scaling, RAW_STOP_COUNTS (billion): 11.535471688606998
2025-12-14 20:58:07,974 - my_logger - INFO - Before visit scaling, RAW_STOP_COUNTS (billion): 11.535471688606998
2025-12-14 20:58:39,362 - my_logger - INFO - Before visit scaling, RAW_STOP_COUNTS (billion): 11.535471688606998
2025-12-14 20:58:39,362 - my_logger - INFO - Before visit scaling, RAW_STOP_COUNTS (billion): 11.535471688606998
2025-12-14 20:58:49,741 - my_logger - INFO - Before visit scaling, RAW_STOP_COUNTS (billion): 11.535471688606998
2025-12-14 20:58:49,741 - my_logger - INFO - Before visit scaling, RAW_STOP_COUNTS (billion): 11.535471688606998
2025-12-14 20:59:40,976 - my_logger - INFO - Before visit scaling, RAW_STOP_COUNTS (billion): 4.05393478
2025-12-14 20:59:40,976 - my_logger - INFO - Before visit scaling, RAW_STOP_COUNTS (billion): 4.05393478
2025-12-14 20:59:43,758 - my_logger - INFO - Before visit scaling, RAW_DEVICE_COUNTS (billion): 0.790397586
2025-12-14 20:59:43,758 - my_logger - INFO - Before visit scaling, RAW_DEVICE_COUNTS (billion): 0.790397586
2025-12-14 20:59:50,350 - my_logger - INFO - Before visit scaling, RAW_STOP_COUNTS (billion): 4.05393478
2025-12-14 20:59:50,350 - my_logger - INFO - Before visit scaling, RAW_STOP_COUNTS (billion): 4.05393478
2025-12-14 20:59:50,621 - my_logger - INFO - Before visit scaling, RAW_STOP_COUNTS (billion): 4.05393478
2025-12-14 20:59:50,621 - my_logger - INFO - Before visit scaling, RAW_STOP_COUNTS (billion): 4.05393478
2025-12-14 20:59:50,847 - my_logger - INFO - Before visit scaling, RAW_STOP_COUNTS (billion): 4.05393478
2025-12-14 20:59:50,847 - my_logger - INFO - Before visit scaling, RAW_STOP_COUNTS (billion): 4.05393478
2025-12-14 20:59:50,999 - my_logger - INFO - Before visit scaling, RAW_STOP_COUNTS (billion): 4.05393478
2025-12-14 20:59:50,999 - my_logger - INFO - Before visit scaling, RAW_STOP_COUNTS (billion): 4.05393478
2025-12-14 20:59:51,129 - my_logger - INFO - Before visit scaling, RAW_STOP_COUNTS (billion): 4.05393478
2025-12-14 20:59:51,129 - my_logger - INFO - Before visit scaling, RAW_STOP_COUNTS (billion): 4.05393478
2025-12-14 20:59:51,278 - my_logger - INFO - Before visit scaling, RAW_STOP_COUNTS (billion): 4.05393478
2025-12-14 20:59:51,278 - my_logger - INFO - Before visit scaling, RAW_STOP_COUNTS (billion): 4.05393478
2025-12-14 20:59:51,436 - my_logger - INFO - Before visit scaling, RAW_STOP_COUNTS (billion): 4.05393478
2025-12-14 20:59:51,436 - my_logger - INFO - Before visit scaling, RAW_STOP_COUNTS (billion): 4.05393478
2025-12-14 20:59:51,594 - my_logger - INFO - Before visit scaling, RAW_STOP_COUNTS (billion): 4.05393478
2025-12-14 20:59:51,594 - my_logger - INFO - Before visit scaling, RAW_STOP_COUNTS (billion): 4.05393478
2025-12-14 20:59:51,716 - my_logger - INFO - Before visit scaling, RAW_STOP_COUNTS (billion): 4.05393478
2025-12-14 20:59:51,716 - my_logger - INFO - Before visit scaling, RAW_STOP_COUNTS (billion): 4.05393478
2025-12-14 20:59:53,658 - my_logger - INFO - Before visit scaling, RAW_DEVICE_COUNTS (billion): 0.790397586
2025-12-14 20:59:53,658 - my_logger - INFO - Before visit scaling, RAW_DEVICE_COUNTS (billion): 0.790397586
2025-12-14 21:03:02,658 - my_logger - INFO - Started...
2025-12-14 21:03:31,120 - my_logger - INFO - Before visit scaling, RAW_DEVICE_COUNTS (billion): 0.790397586
2025-12-14 21:03:31,183 - my_logger - INFO - Before visit scaling, RAW_STOP_COUNTS (billion): 4.05393478
2025-12-14 21:03:40,661 - my_logger - INFO - Ratio: total_hourly_stop / RAW_STOP_COUNTS =  1.0
2025-12-14 21:03:40,830 - my_logger - INFO - sum of non_adjusted_dwell_time_stop_CBG_arr (billion): 4.05393478
2025-12-14 21:03:59,055 - my_logger - INFO - sum of adjusted_dwell_time_stop_CBG_arr (billion): 5.022665939
2025-12-14 21:03:59,058 - my_logger - INFO - sum of adjusted_dwell_time_stop_national_arr (billion): 5.022665939
2025-12-14 21:03:59,060 - my_logger - INFO - shape of adjusted_dwell_time_stop_CBG_arr: (220661, 744)
2025-12-14 21:13:15,234 - my_logger - INFO - Started...
2025-12-14 21:13:42,338 - my_logger - INFO - Before visit scaling, RAW_DEVICE_COUNTS (billion): 0.790397586
2025-12-14 21:13:42,685 - my_logger - INFO - Before visit scaling, RAW_STOP_COUNTS (billion): 4.05393478
2025-12-14 21:13:53,268 - my_logger - INFO - Ratio: total_hourly_stop / RAW_STOP_COUNTS =  1.0
2025-12-14 21:13:55,049 - my_logger - INFO - sum of non_adjusted_dwell_time_stop_CBG_arr (billion): 4.05393478
2025-12-14 21:14:15,770 - my_logger - INFO - sum of adjusted_dwell_time_stop_CBG_arr (billion): 5.022665939
2025-12-14 21:14:15,773 - my_logger - INFO - sum of adjusted_dwell_time_stop_national_arr (billion): 5.022665939
2025-12-14 21:14:15,774 - my_logger - INFO - shape of adjusted_dwell_time_stop_CBG_arr: (220661, 744)
2025-12-14 23:36:05,417 - my_logger - INFO - Started...
2025-12-14 23:36:05,417 - my_logger - INFO - Started...
2025-12-14 23:36:42,118 - my_logger - INFO - Before visit scaling, RAW_DEVICE_COUNTS (billion): 0.785045396
2025-12-14 23:36:42,118 - my_logger - INFO - Before visit scaling, RAW_DEVICE_COUNTS (billion): 0.785045396
2025-12-14 23:36:43,476 - my_logger - INFO - Before visit scaling, RAW_STOP_COUNTS (billion): 3.775579053
2025-12-14 23:36:43,476 - my_logger - INFO - Before visit scaling, RAW_STOP_COUNTS (billion): 3.775579053
2025-12-14 23:36:59,124 - my_logger - INFO - Ratio: total_hourly_stop / RAW_STOP_COUNTS =  1.0
2025-12-14 23:36:59,124 - my_logger - INFO - Ratio: total_hourly_stop / RAW_STOP_COUNTS =  1.0
2025-12-14 23:36:59,222 - my_logger - INFO - sum of non_adjusted_dwell_time_stop_CBG_arr (billion): 3.775579053
2025-12-14 23:36:59,222 - my_logger - INFO - sum of non_adjusted_dwell_time_stop_CBG_arr (billion): 3.775579053
2025-12-14 23:37:25,971 - my_logger - INFO - sum of adjusted_dwell_time_stop_CBG_arr (billion): 4.931611842
2025-12-14 23:37:25,971 - my_logger - INFO - sum of adjusted_dwell_time_stop_CBG_arr (billion): 4.931611842
2025-12-14 23:37:25,979 - my_logger - INFO - sum of adjusted_dwell_time_stop_national_arr (billion): 4.931611842
2025-12-14 23:37:25,979 - my_logger - INFO - sum of adjusted_dwell_time_stop_national_arr (billion): 4.931611842
2025-12-14 23:37:25,989 - my_logger - INFO - shape of adjusted_dwell_time_stop_CBG_arr: (220685, 744)
2025-12-14 23:37:25,989 - my_logger - INFO - shape of adjusted_dwell_time_stop_CBG_arr: (220685, 744)
2025-12-15 08:11:29,296 - my_logger - INFO - Started...
2025-12-15 08:12:29,400 - my_logger - INFO - Before visit scaling, RAW_DEVICE_COUNTS (billion): 0.785045396
2025-12-15 08:12:31,799 - my_logger - INFO - Before visit scaling, RAW_STOP_COUNTS (billion): 3.775579053
2025-12-15 08:12:42,900 - my_logger - INFO - Ratio: total_hourly_stop / RAW_STOP_COUNTS =  1.0
2025-12-15 08:12:43,186 - my_logger - INFO - sum of non_adjusted_dwell_time_stop_CBG_arr (billion): 3.775579053
2025-12-15 08:13:01,215 - my_logger - INFO - sum of adjusted_dwell_time_stop_CBG_arr (billion): 4.931611842
2025-12-15 08:13:01,218 - my_logger - INFO - sum of adjusted_dwell_time_stop_national_arr (billion): 4.931611842
2025-12-15 08:13:01,220 - my_logger - INFO - shape of adjusted_dwell_time_stop_CBG_arr: (220685, 744)
2025-12-15 08:56:34,075 - my_logger - INFO - Started...
2025-12-15 08:56:50,368 - my_logger - INFO - Before visit scaling, RAW_DEVICE_COUNTS (billion): 0.464071622
2025-12-15 08:56:50,423 - my_logger - INFO - Before visit scaling, RAW_STOP_COUNTS (billion): 2.369336026
2025-12-15 08:57:01,603 - my_logger - INFO - Ratio: total_hourly_stop / RAW_STOP_COUNTS =  1.0
2025-12-15 08:57:01,647 - my_logger - INFO - sum of non_adjusted_dwell_time_stop_CBG_arr (billion): 2.369336026
2025-12-15 08:57:18,671 - my_logger - INFO - sum of adjusted_dwell_time_stop_CBG_arr (billion): 3.26981158
2025-12-15 08:57:18,673 - my_logger - INFO - sum of adjusted_dwell_time_stop_national_arr (billion): 3.26981158
2025-12-15 08:57:18,674 - my_logger - INFO - shape of adjusted_dwell_time_stop_CBG_arr: (217687, 744)
2025-12-15 10:02:36,767 - my_logger - INFO - Started...
2025-12-15 10:02:55,640 - my_logger - INFO - Before visit scaling, RAW_DEVICE_COUNTS (billion): 0.464071622
2025-12-15 10:02:55,743 - my_logger - INFO - Before visit scaling, RAW_STOP_COUNTS (billion): 2.369336026
2025-12-15 10:03:05,270 - my_logger - INFO - Ratio: total_hourly_stop / RAW_STOP_COUNTS =  1.0
2025-12-15 10:03:05,476 - my_logger - INFO - sum of non_adjusted_dwell_time_stop_CBG_arr (billion): 2.369336026
2025-12-15 10:03:26,051 - my_logger - INFO - sum of adjusted_dwell_time_stop_CBG_arr (billion): 3.26981158
2025-12-15 10:03:26,054 - my_logger - INFO - sum of adjusted_dwell_time_stop_national_arr (billion): 3.26981158
2025-12-15 10:03:26,055 - my_logger - INFO - shape of adjusted_dwell_time_stop_CBG_arr: (217687, 744)
2025-12-15 10:35:25,089 - my_logger - INFO - Started...
2025-12-15 10:35:48,234 - my_logger - INFO - Before visit scaling, RAW_DEVICE_COUNTS (billion): 0.464071622
2025-12-15 10:35:48,324 - my_logger - INFO - Before visit scaling, RAW_STOP_COUNTS (billion): 2.369336026
2025-12-15 10:36:02,231 - my_logger - INFO - Ratio: total_hourly_stop / RAW_STOP_COUNTS =  1.0
2025-12-15 10:36:02,291 - my_logger - INFO - sum of non_adjusted_dwell_time_stop_CBG_arr (billion): 2.369336026
2025-12-15 10:36:27,326 - my_logger - INFO - sum of adjusted_dwell_time_stop_CBG_arr (billion): 3.26981158
2025-12-15 10:36:27,328 - my_logger - INFO - sum of adjusted_dwell_time_stop_national_arr (billion): 3.26981158
2025-12-15 10:36:27,329 - my_logger - INFO - shape of adjusted_dwell_time_stop_CBG_arr: (217687, 744)
2025-12-15 11:13:58,659 - my_logger - INFO - Started...
2025-12-15 11:13:58,659 - my_logger - INFO - Started...
2025-12-15 11:14:19,042 - my_logger - INFO - Before visit scaling, RAW_DEVICE_COUNTS (billion): 0.482098543
2025-12-15 11:14:19,042 - my_logger - INFO - Before visit scaling, RAW_DEVICE_COUNTS (billion): 0.482098543
2025-12-15 11:14:20,346 - my_logger - INFO - Before visit scaling, RAW_STOP_COUNTS (billion): 2.411481222
2025-12-15 11:14:20,346 - my_logger - INFO - Before visit scaling, RAW_STOP_COUNTS (billion): 2.411481222
2025-12-15 11:14:33,274 - my_logger - INFO - Ratio: total_hourly_stop / RAW_STOP_COUNTS =  1.0
2025-12-15 11:14:33,274 - my_logger - INFO - Ratio: total_hourly_stop / RAW_STOP_COUNTS =  1.0
2025-12-15 11:14:33,398 - my_logger - INFO - sum of non_adjusted_dwell_time_stop_CBG_arr (billion): 2.411481222
2025-12-15 11:14:33,398 - my_logger - INFO - sum of non_adjusted_dwell_time_stop_CBG_arr (billion): 2.411481222
2025-12-15 11:14:55,678 - my_logger - INFO - sum of adjusted_dwell_time_stop_CBG_arr (billion): 3.111878501
2025-12-15 11:14:55,678 - my_logger - INFO - sum of adjusted_dwell_time_stop_CBG_arr (billion): 3.111878501
2025-12-15 11:14:55,681 - my_logger - INFO - sum of adjusted_dwell_time_stop_national_arr (billion): 3.111878501
2025-12-15 11:14:55,681 - my_logger - INFO - sum of adjusted_dwell_time_stop_national_arr (billion): 3.111878501
2025-12-15 11:14:55,685 - my_logger - INFO - shape of adjusted_dwell_time_stop_CBG_arr: (217672, 672)
2025-12-15 11:14:55,685 - my_logger - INFO - shape of adjusted_dwell_time_stop_CBG_arr: (217672, 672)
2025-12-15 12:03:13,865 - my_logger - INFO - Started...
2025-12-15 12:03:14,784 - my_logger - INFO - ACS total population: 324697795
2025-12-15 12:03:14,933 - my_logger - INFO - hour_columns: DatetimeIndex(['2022-02-01 00:00:00', '2022-02-01 01:00:00',
               '2022-02-01 02:00:00', '2022-02-01 03:00:00',
               '2022-02-01 04:00:00', '2022-02-01 05:00:00',
               '2022-02-01 06:00:00', '2022-02-01 07:00:00',
               '2022-02-01 08:00:00', '2022-02-01 09:00:00',
               ...
               '2022-02-28 14:00:00', '2022-02-28 15:00:00',
               '2022-02-28 16:00:00', '2022-02-28 17:00:00',
               '2022-02-28 18:00:00', '2022-02-28 19:00:00',
               '2022-02-28 20:00:00', '2022-02-28 21:00:00',
               '2022-02-28 22:00:00', '2022-02-28 23:00:00'],
              dtype='datetime64[ns]', length=672, freq='h')
2025-12-15 12:03:15,072 - my_logger - INFO - county_visit_scaling_factor_month_df:    county_fips month  year  noon_visit_80quantile  raw_visitor_counts  \
1        01001    02  2022                 3029.0              8717.0   
13       01003    02  2022                17858.0             43554.0   
25       01005    02  2022                  498.0              1231.0   
37       01007    02  2022                  713.0              2399.0   
49       01009    02  2022                 4024.0             11397.0   

    schoolday_count  visit_scaling_factor  school_count state_name  \
1              43.0                 2.878           4.0    Alabama   
13            125.0                 2.439           8.0    Alabama   
25              6.0                 2.472           2.0    Alabama   
37             19.0                 3.365           1.0    Alabama   
49             58.0                 2.832           8.0    Alabama   

   county_name                                       school_names state_fips  \
1      Autauga  Autauga Academy, Billingsley High Sch, Marbury...         01   
13     Baldwin  Baldwin Co High Sch, Daphne High Sch, Elberta ...         01   
25     Barbour              Barbour Co High Sch, Eufaula High Sch         01   
37        Bibb                              West Blocton High Sch         01   
49      Blount  Appalachian Sch, Cleveland High Sch, Hayden Hi...         01   

    state_raw_visitor_counts  state_noon_visit_80quantile  \
1                   731033.0                     266875.0   
13                  731033.0                     266875.0   
25                  731033.0                     266875.0   
37                  731033.0                     266875.0   
49                  731033.0                     266875.0   

    state_visit_scaling_factor  
1                     2.739234  
13                    2.739234  
25                    2.739234  
37                    2.739234  
49                    2.739234  
2025-12-15 12:03:24,990 - my_logger - INFO - Started...
2025-12-15 12:03:24,990 - my_logger - INFO - Started...
2025-12-15 12:03:25,795 - my_logger - INFO - ACS total population: 324697795
2025-12-15 12:03:25,795 - my_logger - INFO - ACS total population: 324697795
2025-12-15 12:03:25,864 - my_logger - INFO - hour_columns: DatetimeIndex(['2022-02-01 00:00:00', '2022-02-01 01:00:00',
               '2022-02-01 02:00:00', '2022-02-01 03:00:00',
               '2022-02-01 04:00:00', '2022-02-01 05:00:00',
               '2022-02-01 06:00:00', '2022-02-01 07:00:00',
               '2022-02-01 08:00:00', '2022-02-01 09:00:00',
               ...
               '2022-02-28 14:00:00', '2022-02-28 15:00:00',
               '2022-02-28 16:00:00', '2022-02-28 17:00:00',
               '2022-02-28 18:00:00', '2022-02-28 19:00:00',
               '2022-02-28 20:00:00', '2022-02-28 21:00:00',
               '2022-02-28 22:00:00', '2022-02-28 23:00:00'],
              dtype='datetime64[ns]', length=672, freq='h')
2025-12-15 12:03:25,864 - my_logger - INFO - hour_columns: DatetimeIndex(['2022-02-01 00:00:00', '2022-02-01 01:00:00',
               '2022-02-01 02:00:00', '2022-02-01 03:00:00',
               '2022-02-01 04:00:00', '2022-02-01 05:00:00',
               '2022-02-01 06:00:00', '2022-02-01 07:00:00',
               '2022-02-01 08:00:00', '2022-02-01 09:00:00',
               ...
               '2022-02-28 14:00:00', '2022-02-28 15:00:00',
               '2022-02-28 16:00:00', '2022-02-28 17:00:00',
               '2022-02-28 18:00:00', '2022-02-28 19:00:00',
               '2022-02-28 20:00:00', '2022-02-28 21:00:00',
               '2022-02-28 22:00:00', '2022-02-28 23:00:00'],
              dtype='datetime64[ns]', length=672, freq='h')
2025-12-15 12:03:26,004 - my_logger - INFO - county_visit_scaling_factor_month_df:    county_fips month  year  noon_visit_80quantile  raw_visitor_counts  \
1        01001    02  2022                 3029.0              8717.0   
13       01003    02  2022                17858.0             43554.0   
25       01005    02  2022                  498.0              1231.0   
37       01007    02  2022                  713.0              2399.0   
49       01009    02  2022                 4024.0             11397.0   

    schoolday_count  visit_scaling_factor  school_count state_name  \
1              43.0                 2.878           4.0    Alabama   
13            125.0                 2.439           8.0    Alabama   
25              6.0                 2.472           2.0    Alabama   
37             19.0                 3.365           1.0    Alabama   
49             58.0                 2.832           8.0    Alabama   

   county_name                                       school_names state_fips  \
1      Autauga  Autauga Academy, Billingsley High Sch, Marbury...         01   
13     Baldwin  Baldwin Co High Sch, Daphne High Sch, Elberta ...         01   
25     Barbour              Barbour Co High Sch, Eufaula High Sch         01   
37        Bibb                              West Blocton High Sch         01   
49      Blount  Appalachian Sch, Cleveland High Sch, Hayden Hi...         01   

    state_raw_visitor_counts  state_noon_visit_80quantile  \
1                   731033.0                     266875.0   
13                  731033.0                     266875.0   
25                  731033.0                     266875.0   
37                  731033.0                     266875.0   
49                  731033.0                     266875.0   

    state_visit_scaling_factor  
1                     2.739234  
13                    2.739234  
25                    2.739234  
37                    2.739234  
49                    2.739234  
2025-12-15 12:03:26,004 - my_logger - INFO - county_visit_scaling_factor_month_df:    county_fips month  year  noon_visit_80quantile  raw_visitor_counts  \
1        01001    02  2022                 3029.0              8717.0   
13       01003    02  2022                17858.0             43554.0   
25       01005    02  2022                  498.0              1231.0   
37       01007    02  2022                  713.0              2399.0   
49       01009    02  2022                 4024.0             11397.0   

    schoolday_count  visit_scaling_factor  school_count state_name  \
1              43.0                 2.878           4.0    Alabama   
13            125.0                 2.439           8.0    Alabama   
25              6.0                 2.472           2.0    Alabama   
37             19.0                 3.365           1.0    Alabama   
49             58.0                 2.832           8.0    Alabama   

   county_name                                       school_names state_fips  \
1      Autauga  Autauga Academy, Billingsley High Sch, Marbury...         01   
13     Baldwin  Baldwin Co High Sch, Daphne High Sch, Elberta ...         01   
25     Barbour              Barbour Co High Sch, Eufaula High Sch         01   
37        Bibb                              West Blocton High Sch         01   
49      Blount  Appalachian Sch, Cleveland High Sch, Hayden Hi...         01   

    state_raw_visitor_counts  state_noon_visit_80quantile  \
1                   731033.0                     266875.0   
13                  731033.0                     266875.0   
25                  731033.0                     266875.0   
37                  731033.0                     266875.0   
49                  731033.0                     266875.0   

    state_visit_scaling_factor  
1                     2.739234  
13                    2.739234  
25                    2.739234  
37                    2.739234  
49                    2.739234  
2025-12-15 12:03:36,380 - my_logger - INFO - Started...
2025-12-15 12:03:36,380 - my_logger - INFO - Started...
2025-12-15 12:03:36,380 - my_logger - INFO - Started...
2025-12-15 12:03:37,259 - my_logger - INFO - ACS total population: 324697795
2025-12-15 12:03:37,259 - my_logger - INFO - ACS total population: 324697795
2025-12-15 12:03:37,259 - my_logger - INFO - ACS total population: 324697795
2025-12-15 12:03:37,332 - my_logger - INFO - hour_columns: DatetimeIndex(['2022-02-01 00:00:00', '2022-02-01 01:00:00',
               '2022-02-01 02:00:00', '2022-02-01 03:00:00',
               '2022-02-01 04:00:00', '2022-02-01 05:00:00',
               '2022-02-01 06:00:00', '2022-02-01 07:00:00',
               '2022-02-01 08:00:00', '2022-02-01 09:00:00',
               ...
               '2022-02-28 14:00:00', '2022-02-28 15:00:00',
               '2022-02-28 16:00:00', '2022-02-28 17:00:00',
               '2022-02-28 18:00:00', '2022-02-28 19:00:00',
               '2022-02-28 20:00:00', '2022-02-28 21:00:00',
               '2022-02-28 22:00:00', '2022-02-28 23:00:00'],
              dtype='datetime64[ns]', length=672, freq='h')
2025-12-15 12:03:37,332 - my_logger - INFO - hour_columns: DatetimeIndex(['2022-02-01 00:00:00', '2022-02-01 01:00:00',
               '2022-02-01 02:00:00', '2022-02-01 03:00:00',
               '2022-02-01 04:00:00', '2022-02-01 05:00:00',
               '2022-02-01 06:00:00', '2022-02-01 07:00:00',
               '2022-02-01 08:00:00', '2022-02-01 09:00:00',
               ...
               '2022-02-28 14:00:00', '2022-02-28 15:00:00',
               '2022-02-28 16:00:00', '2022-02-28 17:00:00',
               '2022-02-28 18:00:00', '2022-02-28 19:00:00',
               '2022-02-28 20:00:00', '2022-02-28 21:00:00',
               '2022-02-28 22:00:00', '2022-02-28 23:00:00'],
              dtype='datetime64[ns]', length=672, freq='h')
2025-12-15 12:03:37,332 - my_logger - INFO - hour_columns: DatetimeIndex(['2022-02-01 00:00:00', '2022-02-01 01:00:00',
               '2022-02-01 02:00:00', '2022-02-01 03:00:00',
               '2022-02-01 04:00:00', '2022-02-01 05:00:00',
               '2022-02-01 06:00:00', '2022-02-01 07:00:00',
               '2022-02-01 08:00:00', '2022-02-01 09:00:00',
               ...
               '2022-02-28 14:00:00', '2022-02-28 15:00:00',
               '2022-02-28 16:00:00', '2022-02-28 17:00:00',
               '2022-02-28 18:00:00', '2022-02-28 19:00:00',
               '2022-02-28 20:00:00', '2022-02-28 21:00:00',
               '2022-02-28 22:00:00', '2022-02-28 23:00:00'],
              dtype='datetime64[ns]', length=672, freq='h')
2025-12-15 12:03:37,471 - my_logger - INFO - county_visit_scaling_factor_month_df:    county_fips month  year  noon_visit_80quantile  raw_visitor_counts  \
1        01001    02  2022                 3029.0              8717.0   
13       01003    02  2022                17858.0             43554.0   
25       01005    02  2022                  498.0              1231.0   
37       01007    02  2022                  713.0              2399.0   
49       01009    02  2022                 4024.0             11397.0   

    schoolday_count  visit_scaling_factor  school_count state_name  \
1              43.0                 2.878           4.0    Alabama   
13            125.0                 2.439           8.0    Alabama   
25              6.0                 2.472           2.0    Alabama   
37             19.0                 3.365           1.0    Alabama   
49             58.0                 2.832           8.0    Alabama   

   county_name                                       school_names state_fips  \
1      Autauga  Autauga Academy, Billingsley High Sch, Marbury...         01   
13     Baldwin  Baldwin Co High Sch, Daphne High Sch, Elberta ...         01   
25     Barbour              Barbour Co High Sch, Eufaula High Sch         01   
37        Bibb                              West Blocton High Sch         01   
49      Blount  Appalachian Sch, Cleveland High Sch, Hayden Hi...         01   

    state_raw_visitor_counts  state_noon_visit_80quantile  \
1                   731033.0                     266875.0   
13                  731033.0                     266875.0   
25                  731033.0                     266875.0   
37                  731033.0                     266875.0   
49                  731033.0                     266875.0   

    state_visit_scaling_factor  
1                     2.739234  
13                    2.739234  
25                    2.739234  
37                    2.739234  
49                    2.739234  
2025-12-15 12:03:37,471 - my_logger - INFO - county_visit_scaling_factor_month_df:    county_fips month  year  noon_visit_80quantile  raw_visitor_counts  \
1        01001    02  2022                 3029.0              8717.0   
13       01003    02  2022                17858.0             43554.0   
25       01005    02  2022                  498.0              1231.0   
37       01007    02  2022                  713.0              2399.0   
49       01009    02  2022                 4024.0             11397.0   

    schoolday_count  visit_scaling_factor  school_count state_name  \
1              43.0                 2.878           4.0    Alabama   
13            125.0                 2.439           8.0    Alabama   
25              6.0                 2.472           2.0    Alabama   
37             19.0                 3.365           1.0    Alabama   
49             58.0                 2.832           8.0    Alabama   

   county_name                                       school_names state_fips  \
1      Autauga  Autauga Academy, Billingsley High Sch, Marbury...         01   
13     Baldwin  Baldwin Co High Sch, Daphne High Sch, Elberta ...         01   
25     Barbour              Barbour Co High Sch, Eufaula High Sch         01   
37        Bibb                              West Blocton High Sch         01   
49      Blount  Appalachian Sch, Cleveland High Sch, Hayden Hi...         01   

    state_raw_visitor_counts  state_noon_visit_80quantile  \
1                   731033.0                     266875.0   
13                  731033.0                     266875.0   
25                  731033.0                     266875.0   
37                  731033.0                     266875.0   
49                  731033.0                     266875.0   

    state_visit_scaling_factor  
1                     2.739234  
13                    2.739234  
25                    2.739234  
37                    2.739234  
49                    2.739234  
2025-12-15 12:03:37,471 - my_logger - INFO - county_visit_scaling_factor_month_df:    county_fips month  year  noon_visit_80quantile  raw_visitor_counts  \
1        01001    02  2022                 3029.0              8717.0   
13       01003    02  2022                17858.0             43554.0   
25       01005    02  2022                  498.0              1231.0   
37       01007    02  2022                  713.0              2399.0   
49       01009    02  2022                 4024.0             11397.0   

    schoolday_count  visit_scaling_factor  school_count state_name  \
1              43.0                 2.878           4.0    Alabama   
13            125.0                 2.439           8.0    Alabama   
25              6.0                 2.472           2.0    Alabama   
37             19.0                 3.365           1.0    Alabama   
49             58.0                 2.832           8.0    Alabama   

   county_name                                       school_names state_fips  \
1      Autauga  Autauga Academy, Billingsley High Sch, Marbury...         01   
13     Baldwin  Baldwin Co High Sch, Daphne High Sch, Elberta ...         01   
25     Barbour              Barbour Co High Sch, Eufaula High Sch         01   
37        Bibb                              West Blocton High Sch         01   
49      Blount  Appalachian Sch, Cleveland High Sch, Hayden Hi...         01   

    state_raw_visitor_counts  state_noon_visit_80quantile  \
1                   731033.0                     266875.0   
13                  731033.0                     266875.0   
25                  731033.0                     266875.0   
37                  731033.0                     266875.0   
49                  731033.0                     266875.0   

    state_visit_scaling_factor  
1                     2.739234  
13                    2.739234  
25                    2.739234  
37                    2.739234  
49                    2.739234  
2025-12-15 12:03:43,504 - my_logger - INFO - Month directory: D:\OneDrive_Emory\OneDrive - Emory\Research_doc\hourly_population\data\2022\02\01
2025-12-15 12:03:43,504 - my_logger - INFO - Month directory: D:\OneDrive_Emory\OneDrive - Emory\Research_doc\hourly_population\data\2022\02\01
2025-12-15 12:03:43,504 - my_logger - INFO - Month directory: D:\OneDrive_Emory\OneDrive - Emory\Research_doc\hourly_population\data\2022\02\01
2025-12-15 12:03:43,505 - my_logger - INFO - Save_dir directory: ..\hourly_results
2025-12-15 12:03:43,505 - my_logger - INFO - Save_dir directory: ..\hourly_results
2025-12-15 12:03:43,505 - my_logger - INFO - Save_dir directory: ..\hourly_results
2025-12-15 12:03:43,507 - my_logger - INFO - ACS_file: D:\OneDrive_Emory\OneDrive - Emory\Research_doc\hourly_population\data\cbg_acs_2019_county_tract_new20230929_cleaned.csv
2025-12-15 12:03:43,507 - my_logger - INFO - ACS_file: D:\OneDrive_Emory\OneDrive - Emory\Research_doc\hourly_population\data\cbg_acs_2019_county_tract_new20230929_cleaned.csv
2025-12-15 12:03:43,507 - my_logger - INFO - ACS_file: D:\OneDrive_Emory\OneDrive - Emory\Research_doc\hourly_population\data\cbg_acs_2019_county_tract_new20230929_cleaned.csv
2025-12-15 12:03:43,508 - my_logger - INFO - home_panel file name: D:\OneDrive_Emory\OneDrive - Emory\Research_doc\hourly_population\data\neighborhood-patterns-us-home-panel-summary_2022.csv
2025-12-15 12:03:43,508 - my_logger - INFO - home_panel file name: D:\OneDrive_Emory\OneDrive - Emory\Research_doc\hourly_population\data\neighborhood-patterns-us-home-panel-summary_2022.csv
2025-12-15 12:03:43,508 - my_logger - INFO - home_panel file name: D:\OneDrive_Emory\OneDrive - Emory\Research_doc\hourly_population\data\neighborhood-patterns-us-home-panel-summary_2022.csv
2025-12-15 12:03:43,509 - my_logger - INFO - No dict colum file name: ..\hourly_results\NP_dict_column_2022_02.csv
2025-12-15 12:03:43,509 - my_logger - INFO - No dict colum file name: ..\hourly_results\NP_dict_column_2022_02.csv
2025-12-15 12:03:43,509 - my_logger - INFO - No dict colum file name: ..\hourly_results\NP_dict_column_2022_02.csv
2025-12-15 12:03:43,511 - my_logger - INFO - Device home areas file name: ..\hourly_results\NP_split_device_home_areas_2022_02.csv
2025-12-15 12:03:43,511 - my_logger - INFO - Device home areas file name: ..\hourly_results\NP_split_device_home_areas_2022_02.csv
2025-12-15 12:03:43,511 - my_logger - INFO - Device home areas file name: ..\hourly_results\NP_split_device_home_areas_2022_02.csv
2025-12-15 12:03:43,512 - my_logger - INFO - Device person_per_device file name: ..\hourly_results\person_per_device_2022_02.csv
2025-12-15 12:03:43,512 - my_logger - INFO - Device person_per_device file name: ..\hourly_results\person_per_device_2022_02.csv
2025-12-15 12:03:43,512 - my_logger - INFO - Device person_per_device file name: ..\hourly_results\person_per_device_2022_02.csv
2025-12-15 12:03:43,513 - my_logger - INFO - Device adjusted_dwelling_time_stop_CBG_fname: ..\hourly_results\adjusted_dwelling_time_stop_CBG_2022_02.csv
2025-12-15 12:03:43,513 - my_logger - INFO - Device adjusted_dwelling_time_stop_CBG_fname: ..\hourly_results\adjusted_dwelling_time_stop_CBG_2022_02.csv
2025-12-15 12:03:43,513 - my_logger - INFO - Device adjusted_dwelling_time_stop_CBG_fname: ..\hourly_results\adjusted_dwelling_time_stop_CBG_2022_02.csv
2025-12-15 12:03:43,515 - my_logger - INFO - Device adjusted_dwelling_time_stop_national_fname: ..\hourly_results\adjusted_dwelling_time_stop_national_2022_02.csv
2025-12-15 12:03:43,515 - my_logger - INFO - Device adjusted_dwelling_time_stop_national_fname: ..\hourly_results\adjusted_dwelling_time_stop_national_2022_02.csv
2025-12-15 12:03:43,515 - my_logger - INFO - Device adjusted_dwelling_time_stop_national_fname: ..\hourly_results\adjusted_dwelling_time_stop_national_2022_02.csv
2025-12-15 12:03:43,516 - my_logger - INFO - Restored_hourly_vistor_count_CBG file name: ..\hourly_results\restored_hourly_vistor_count_CBG_2022_02.csv
2025-12-15 12:03:43,516 - my_logger - INFO - Restored_hourly_vistor_count_CBG file name: ..\hourly_results\restored_hourly_vistor_count_CBG_2022_02.csv
2025-12-15 12:03:43,516 - my_logger - INFO - Restored_hourly_vistor_count_CBG file name: ..\hourly_results\restored_hourly_vistor_count_CBG_2022_02.csv
2025-12-15 12:03:43,517 - my_logger - INFO - Restored_hourly_vistor_count_target file name: ..\hourly_results\restored_hourly_vistor_count_target_2022_02.csv
2025-12-15 12:03:43,517 - my_logger - INFO - Restored_hourly_vistor_count_target file name: ..\hourly_results\restored_hourly_vistor_count_target_2022_02.csv
2025-12-15 12:03:43,517 - my_logger - INFO - Restored_hourly_vistor_count_target file name: ..\hourly_results\restored_hourly_vistor_count_target_2022_02.csv
2025-12-15 12:03:43,518 - my_logger - INFO - CBG_device_stop_destination_distribution file name: ..\hourly_results\CBG_device_stop_destination_distribution_2022_02.csv
2025-12-15 12:03:43,518 - my_logger - INFO - CBG_device_stop_destination_distribution file name: ..\hourly_results\CBG_device_stop_destination_distribution_2022_02.csv
2025-12-15 12:03:43,518 - my_logger - INFO - CBG_device_stop_destination_distribution file name: ..\hourly_results\CBG_device_stop_destination_distribution_2022_02.csv
2025-12-15 12:03:43,519 - my_logger - INFO - CBG_device_stop_origin_distribution file name: ..\hourly_results\CBG_device_stop_origin_distribution_2022_02.csv
2025-12-15 12:03:43,519 - my_logger - INFO - CBG_device_stop_origin_distribution file name: ..\hourly_results\CBG_device_stop_origin_distribution_2022_02.csv
2025-12-15 12:03:43,519 - my_logger - INFO - CBG_device_stop_origin_distribution file name: ..\hourly_results\CBG_device_stop_origin_distribution_2022_02.csv
2025-12-15 12:03:43,521 - my_logger - INFO - IPF_results file name: ..\hourly_results\IPF_origin_outgoer_hourly_202202.csv
2025-12-15 12:03:43,521 - my_logger - INFO - IPF_results file name: ..\hourly_results\IPF_origin_outgoer_hourly_202202.csv
2025-12-15 12:03:43,521 - my_logger - INFO - IPF_results file name: ..\hourly_results\IPF_origin_outgoer_hourly_202202.csv
2025-12-15 12:03:43,522 - my_logger - INFO - CBG hourly population file name: ..\hourly_results\CBG_population_hourly_202202.csv
2025-12-15 12:03:43,522 - my_logger - INFO - CBG hourly population file name: ..\hourly_results\CBG_population_hourly_202202.csv
2025-12-15 12:03:43,522 - my_logger - INFO - CBG hourly population file name: ..\hourly_results\CBG_population_hourly_202202.csv
2025-12-15 12:03:43,523 - my_logger - INFO - CBG_origin_outbound_distribution_sampling_rate file name: ..\hourly_results\CBG_origin_outbound_distribution_sampling_rate_202202.csv
2025-12-15 12:03:43,523 - my_logger - INFO - CBG_origin_outbound_distribution_sampling_rate file name: ..\hourly_results\CBG_origin_outbound_distribution_sampling_rate_202202.csv
2025-12-15 12:03:43,523 - my_logger - INFO - CBG_origin_outbound_distribution_sampling_rate file name: ..\hourly_results\CBG_origin_outbound_distribution_sampling_rate_202202.csv
