2025-12-16 07:35:36,930 - hourly_population - INFO - Started...
2025-12-16 07:35:37,745 - hourly_population - INFO - data_dir: D:\OneDrive_Emory\OneDrive - Emory\Research_doc\hourly_population\data
2025-12-16 07:35:37,746 - hourly_population - INFO - monthly_parquet_dir: D:\Data\Advan\dewey-downloads\neighborhood-patterns_parquets
2025-12-16 07:35:37,747 - hourly_population - INFO - ACS_file: D:\OneDrive_Emory\OneDrive - Emory\Research_doc\hourly_population\data\cbg_acs_2019_county_tract_new20230929_cleaned.csv
2025-12-16 07:35:37,747 - hourly_population - INFO - home_panel_fname: D:\OneDrive_Emory\OneDrive - Emory\Research_doc\hourly_population\data\neighborhood-patterns-us-home-panel-summary_2022.csv
2025-12-16 07:35:37,750 - hourly_population - INFO - CBG_2019_fname: D:\OneDrive_Emory\OneDrive - Emory\Research_doc\hourly_population\data\blockgroups2019.zip
2025-12-16 07:35:37,750 - hourly_population - INFO - ACS total population: 324697795
2025-12-16 07:35:37,753 - hourly_population - INFO - ACS_df: 
           fips  totalpopulation   tract_fips county_fips state_fips  \
0  010010201001              730  01001020100       01001         01   
1  010010201002             1263  01001020100       01001         01   
2  010010202001              835  01001020200       01001         01   
3  010010202002             1124  01001020200       01001         01   
4  010010203001             2774  01001020300       01001         01   

       CBG_FIPS  
0  010010201001  
1  010010201002  
2  010010202001  
3  010010202002  
4  010010203001  
2025-12-16 07:35:37,791 - hourly_population - INFO - hour_columns: DatetimeIndex(['2022-08-01 00:00:00', '2022-08-01 01:00:00',
               '2022-08-01 02:00:00', '2022-08-01 03:00:00',
               '2022-08-01 04:00:00', '2022-08-01 05:00:00',
               '2022-08-01 06:00:00', '2022-08-01 07:00:00',
               '2022-08-01 08:00:00', '2022-08-01 09:00:00',
               ...
               '2022-08-31 14:00:00', '2022-08-31 15:00:00',
               '2022-08-31 16:00:00', '2022-08-31 17:00:00',
               '2022-08-31 18:00:00', '2022-08-31 19:00:00',
               '2022-08-31 20:00:00', '2022-08-31 21:00:00',
               '2022-08-31 22:00:00', '2022-08-31 23:00:00'],
              dtype='datetime64[ns]', length=744, freq='h')
2025-12-16 07:35:37,903 - hourly_population - INFO - refined_county_school_month_2022_fname: D:\OneDrive_Emory\OneDrive - Emory\Research_doc\hourly_population\hourly_results\refined_county_school_month_2022.csv
2025-12-16 07:35:37,907 - hourly_population - INFO - county_visit_scaling_factor_month_df:    county_fips month  year  noon_visit_80quantile  raw_visitor_counts  \
7        01001    08  2022                 6899.0             19766.0   
19       01003    08  2022                26633.0             73478.0   
31       01005    08  2022                 2394.0              5776.0   
43       01007    08  2022                  530.0              2300.0   
55       01009    08  2022                 6542.0             22101.0   

    schoolday_count  visit_scaling_factor  school_count state_name  \
7              41.0                 2.865           4.0    Alabama   
19             95.0                 2.759           8.0    Alabama   
31             13.0                 2.413           2.0    Alabama   
43              9.0                 4.340           1.0    Alabama   
55             84.0                 3.378           8.0    Alabama   

   county_name                                       school_names state_fips  \
7      Autauga  Autauga Academy, Billingsley High Sch, Marbury...         01   
19     Baldwin  Baldwin Co High Sch, Daphne High Sch, Elberta ...         01   
31     Barbour              Barbour Co High Sch, Eufaula High Sch         01   
43        Bibb                              West Blocton High Sch         01   
55      Blount  Appalachian Sch, Cleveland High Sch, Hayden Hi...         01   

    state_raw_visitor_counts  state_noon_visit_80quantile  \
7                  1123217.0                     375969.0   
19                 1123217.0                     375969.0   
31                 1123217.0                     375969.0   
43                 1123217.0                     375969.0   
55                 1123217.0                     375969.0   

    state_visit_scaling_factor  
7                     2.987526  
19                    2.987526  
31                    2.987526  
43                    2.987526  
55                    2.987526  
2025-12-16 07:35:37,958 - hourly_population - INFO - Save_dir directory: ..\hourly_results
2025-12-16 07:35:37,959 - hourly_population - INFO - ACS_file: D:\OneDrive_Emory\OneDrive - Emory\Research_doc\hourly_population\data\cbg_acs_2019_county_tract_new20230929_cleaned.csv
2025-12-16 07:35:37,959 - hourly_population - INFO - home_panel file name: D:\OneDrive_Emory\OneDrive - Emory\Research_doc\hourly_population\data\neighborhood-patterns-us-home-panel-summary_2022.csv
2025-12-16 07:35:37,960 - hourly_population - INFO - No dict colum file name: ..\hourly_results\NP_dict_column_2022_08.csv
2025-12-16 07:35:37,960 - hourly_population - INFO - Device home areas file name: ..\hourly_results\NP_split_device_home_areas_2022_08.csv
2025-12-16 07:35:37,961 - hourly_population - INFO - Device person_per_device file name: ..\hourly_results\person_per_device_2022_08.csv
2025-12-16 07:35:37,961 - hourly_population - INFO - Device adjusted_dwelling_time_stop_CBG_fname: ..\hourly_results\adjusted_dwelling_time_stop_CBG_2022_08.csv
2025-12-16 07:35:37,962 - hourly_population - INFO - Device adjusted_dwelling_time_stop_national_fname: ..\hourly_results\adjusted_dwelling_time_stop_national_2022_08.csv
2025-12-16 07:35:37,962 - hourly_population - INFO - Restored_hourly_vistor_count_CBG file name: ..\hourly_results\restored_hourly_vistor_count_CBG_2022_08.csv
2025-12-16 07:35:37,962 - hourly_population - INFO - Restored_hourly_vistor_count_target file name: ..\hourly_results\restored_hourly_vistor_count_target_2022_08.csv
2025-12-16 07:35:37,963 - hourly_population - INFO - CBG_device_stop_destination_distribution file name: ..\hourly_results\CBG_device_stop_destination_distribution_2022_08.csv
2025-12-16 07:35:37,963 - hourly_population - INFO - CBG_device_stop_origin_distribution file name: ..\hourly_results\CBG_device_stop_origin_distribution_2022_08.csv
2025-12-16 07:35:37,963 - hourly_population - INFO - IPF_results file name: ..\hourly_results\IPF_origin_outgoer_hourly_202208.csv
2025-12-16 07:35:37,964 - hourly_population - INFO - CBG hourly population file name: ..\hourly_results\CBG_population_hourly_202208.csv
2025-12-16 07:35:37,964 - hourly_population - INFO - CBG_origin_outbound_distribution_sampling_rate file name: ..\hourly_results\CBG_origin_outbound_distribution_sampling_rate_202208.csv
2025-12-16 07:35:37,990 - hourly_population - INFO - Loading monthly data (2022-08) using duckdb...
2025-12-16 07:36:03,515 - hourly_population - INFO - Merging county visit scaling factor for 2022-08...
2025-12-16 07:36:03,662 - hourly_population - INFO - month_df shape: (220651, 23)
2025-12-16 07:36:03,669 - hourly_population - INFO - month_df head: 
      Y  M          AREA                                  DEVICE_HOME_AREAS  \
0  2022  8  010010201001  {'010010205002': 169, '010010208022': 163, '01...   
1  2022  8  010010201002  {'010010201002': 161, '010010205002': 61, '010...   
2  2022  8  010010202001  {'010010205002': 154, '010010208022': 143, '01...   
3  2022  8  010010202002  {'010010205002': 449, '010010208022': 290, '01...   
4  2022  8  010010203001  {'010010203001': 306, '010010205002': 178, '01...   

   RAW_STOP_COUNTS  RAW_DEVICE_COUNTS  MEDIAN_DWELL  \
0            13175               2854     13.100000   
1             9518               1210    212.083333   
2            14758               2012     17.183333   
3            48293               8186      8.033333   
4            24209               3140    125.666667   

                                  STOPS_BY_EACH_HOUR county_fips month  \
0  [2,2,4,0,1,7,15,35,23,12,12,12,29,41,25,33,25,...       01001    08   
1  [6,0,1,3,3,1,8,9,3,15,13,9,18,29,20,21,30,40,2...       01001    08   
2  [9,1,2,0,0,7,6,16,11,12,10,10,23,17,20,14,48,3...       01001    08   
3  [11,1,7,2,0,11,10,78,81,87,78,94,102,106,88,68...       01001    08   
4  [11,1,1,0,5,4,10,27,15,27,20,32,48,48,35,68,61...       01001    08   

     year  noon_visit_80quantile  raw_visitor_counts  schoolday_count  \
0  2022.0                 6899.0             19766.0             41.0   
1  2022.0                 6899.0             19766.0             41.0   
2  2022.0                 6899.0             19766.0             41.0   
3  2022.0                 6899.0             19766.0             41.0   
4  2022.0                 6899.0             19766.0             41.0   

   visit_scaling_factor  school_count state_name county_name  \
0                 2.865           4.0    Alabama     Autauga   
1                 2.865           4.0    Alabama     Autauga   
2                 2.865           4.0    Alabama     Autauga   
3                 2.865           4.0    Alabama     Autauga   
4                 2.865           4.0    Alabama     Autauga   

                                        school_names state_fips  \
0  Autauga Academy, Billingsley High Sch, Marbury...         01   
1  Autauga Academy, Billingsley High Sch, Marbury...         01   
2  Autauga Academy, Billingsley High Sch, Marbury...         01   
3  Autauga Academy, Billingsley High Sch, Marbury...         01   
4  Autauga Academy, Billingsley High Sch, Marbury...         01   

   state_raw_visitor_counts  state_noon_visit_80quantile  \
0                 1123217.0                     375969.0   
1                 1123217.0                     375969.0   
2                 1123217.0                     375969.0   
3                 1123217.0                     375969.0   
4                 1123217.0                     375969.0   

   state_visit_scaling_factor  
0                    2.987526  
1                    2.987526  
2                    2.987526  
3                    2.987526  
4                    2.987526  
2025-12-16 07:36:03,721 - hourly_population - INFO - Before visit scaling, 2022-08 RAW_DEVICE_COUNTS (billion): 0.758193189
2025-12-16 07:36:03,722 - hourly_population - INFO - Reference number of RAW_DEVICE_COUNTS: 0.4 - 0.8 billion in 2022 (2025.12.15).
2025-12-16 07:36:13,368 - hourly_population - INFO - Ratio: total_hourly_stop / RAW_STOP_COUNTS =  1.0
2025-12-16 07:36:13,371 - hourly_population - INFO - This ratio should be close to 1.0.
2025-12-16 07:36:13,421 - hourly_population - INFO - sum of non_adjusted_dwell_time_stop_CBG_arr (billion): 3.761355169
2025-12-16 07:36:13,423 - hourly_population - INFO - Reference number of sum of non_adjusted_dwell_time_stop_CBG_arr: 2 - 4 billion in 2022 (2025.12.15).
2025-12-16 07:36:31,816 - hourly_population - INFO - sum of adjusted_dwell_time_stop_CBG_arr (billion): 4.707299653
2025-12-16 07:36:31,819 - hourly_population - INFO - Reference increasement: about 30% in 2022 (2025.12.15).
2025-12-16 07:36:31,820 - hourly_population - INFO - sum of adjusted_dwell_time_stop_national_arr (billion): 4.707299653
2025-12-16 07:36:31,823 - hourly_population - INFO - shape of adjusted_dwell_time_stop_CBG_arr (CBG * hour_cnt): (220651, 744)
2025-12-16 07:36:31,943 - hourly_population - INFO - adjusted_dwelling_time_stop_CBG_df shape: (220651, 744)
2025-12-16 07:36:31,945 - hourly_population - INFO - adjusted_dwelling_time_stop_CBG_df.iloc[:5, :5]: 
              2022-08-01 00:00:00  2022-08-01 01:00:00  2022-08-01 02:00:00  \
CBG                                                                           
010010201001                    2                    2                    4   
010010201002                   15                    9                    8   
010010202001                    9                    1                    2   
010010202002                   11                    1                    7   
010010203001                   30                   16                   13   

              2022-08-01 03:00:00  2022-08-01 04:00:00  
CBG                                                     
010010201001                    0                    1  
010010201002                   10                    7  
010010202001                    0                    0  
010010202002                    2                    0  
010010203001                    2                    6  
2025-12-16 07:39:13,530 - hourly_population - INFO - Saving at: ..\hourly_results\NP_split_device_home_areas_2022_08.csv...
2025-12-16 07:40:53,525 - hourly_population - INFO - Done
2025-12-16 07:40:54,372 - hourly_population - INFO - Sum of device and stop columns (billion): device    0.698093
stop      4.315371
dtype: float64
2025-12-16 07:40:54,432 - hourly_population - INFO - Sum of RAW_STOP_COUNTS (billion): 3.761355169, Sum of RAW_DEVICE_COUNTS (billion): 0.758193189
2025-12-16 07:40:54,463 - hourly_population - INFO - One device contrubite stop count: 4.96
2025-12-16 07:41:05,214 - hourly_population - INFO - Saving at: ..\hourly_results\CBG_device_stop_destination_distribution_2022_08.csv...
2025-12-16 07:41:05,217 - hourly_population - INFO - 
              device          stop
destination                       
010010201001    2678  12362.526279
010010201002    1112  34988.482645
010010202001    1929  14149.195825
010010202002    7786  45933.215001
010010203001    2996  69296.335032
2025-12-16 07:41:05,219 - hourly_population - INFO - Saving at: ..\hourly_results\CBG_device_stop_origin_distribution_2022_08.csv...
2025-12-16 07:41:05,221 - hourly_population - INFO - 
              device          stop
origin                            
010010201001    1916  15388.964140
010010201002    4909  42534.379880
010010202001    2561  19358.250997
010010202002    4179  32711.848124
010010203001    8340  68199.631337
2025-12-16 07:41:05,306 - hourly_population - INFO - Sum of device and stop columns for destination (billion):
device    0.698093
stop      4.315371
dtype: float64
2025-12-16 07:41:05,311 - hourly_population - INFO - Sum of device and stop columns for origin (billion):
device    0.698093
stop      4.315371
dtype: float64
2025-12-16 07:41:05,312 - hourly_population - INFO - Reference number of sum of device and stop columns for destination: 0.4 - 0.8 billion, 2 - 4 billion respectively in 2022 (2025.12.15).
2025-12-16 07:41:05,313 - hourly_population - INFO - origin and destination sum should be the same.
2025-12-16 07:41:05,344 - hourly_population - INFO - Total US population (million): 324.697795
2025-12-16 07:41:05,347 - hourly_population - INFO - ACS_df:            fips  totalpopulation   tract_fips county_fips state_fips  \
0  010010201001              730  01001020100       01001         01   
1  010010201002             1263  01001020100       01001         01   
2  010010202001              835  01001020200       01001         01   
3  010010202002             1124  01001020200       01001         01   
4  010010203001             2774  01001020300       01001         01   

       CBG_FIPS  
0  010010201001  
1  010010201002  
2  010010202001  
3  010010202002  
4  010010203001  
2025-12-16 08:37:38,139 - hourly_population - INFO - Started...
2025-12-16 08:37:39,132 - hourly_population - INFO - data_dir: D:\OneDrive_Emory\OneDrive - Emory\Research_doc\hourly_population\data
2025-12-16 08:37:39,133 - hourly_population - INFO - monthly_parquet_dir: D:\Data\Advan\dewey-downloads\neighborhood-patterns_parquets
2025-12-16 08:37:39,134 - hourly_population - INFO - ACS_file: D:\OneDrive_Emory\OneDrive - Emory\Research_doc\hourly_population\data\cbg_acs_2019_county_tract_new20230929_cleaned.csv
2025-12-16 08:37:39,134 - hourly_population - INFO - home_panel_fname: D:\OneDrive_Emory\OneDrive - Emory\Research_doc\hourly_population\data\neighborhood-patterns-us-home-panel-summary_2022.csv
2025-12-16 08:37:39,135 - hourly_population - INFO - CBG_2019_fname: D:\OneDrive_Emory\OneDrive - Emory\Research_doc\hourly_population\data\blockgroups2019.zip
2025-12-16 08:37:39,136 - hourly_population - INFO - ACS total population: 324697795
2025-12-16 08:37:39,139 - hourly_population - INFO - ACS_df: 
           fips  totalpopulation   tract_fips county_fips state_fips  \
0  010010201001              730  01001020100       01001         01   
1  010010201002             1263  01001020100       01001         01   
2  010010202001              835  01001020200       01001         01   
3  010010202002             1124  01001020200       01001         01   
4  010010203001             2774  01001020300       01001         01   

       CBG_FIPS  
0  010010201001  
1  010010201002  
2  010010202001  
3  010010202002  
4  010010203001  
2025-12-16 08:37:39,180 - hourly_population - INFO - hour_columns: DatetimeIndex(['2022-09-01 00:00:00', '2022-09-01 01:00:00',
               '2022-09-01 02:00:00', '2022-09-01 03:00:00',
               '2022-09-01 04:00:00', '2022-09-01 05:00:00',
               '2022-09-01 06:00:00', '2022-09-01 07:00:00',
               '2022-09-01 08:00:00', '2022-09-01 09:00:00',
               ...
               '2022-09-30 14:00:00', '2022-09-30 15:00:00',
               '2022-09-30 16:00:00', '2022-09-30 17:00:00',
               '2022-09-30 18:00:00', '2022-09-30 19:00:00',
               '2022-09-30 20:00:00', '2022-09-30 21:00:00',
               '2022-09-30 22:00:00', '2022-09-30 23:00:00'],
              dtype='datetime64[ns]', length=720, freq='h')
2025-12-16 08:37:39,312 - hourly_population - INFO - refined_county_school_month_2022_fname: D:\OneDrive_Emory\OneDrive - Emory\Research_doc\hourly_population\hourly_results\refined_county_school_month_2022.csv
2025-12-16 08:37:39,318 - hourly_population - INFO - county_visit_scaling_factor_month_df:    county_fips month  year  noon_visit_80quantile  raw_visitor_counts  \
8        01001    09  2022                 6899.0             19766.0   
20       01003    09  2022                26633.0             73478.0   
32       01005    09  2022                 2394.0              5776.0   
44       01007    09  2022                  530.0              2300.0   
56       01009    09  2022                 6542.0             22101.0   

    schoolday_count  visit_scaling_factor  school_count state_name  \
8              70.0                 2.865           4.0    Alabama   
20            147.0                 2.759           8.0    Alabama   
32             21.0                 2.413           2.0    Alabama   
44             10.0                 4.340           1.0    Alabama   
56            100.0                 3.378           8.0    Alabama   

   county_name                                       school_names state_fips  \
8      Autauga  Autauga Academy, Billingsley High Sch, Marbury...         01   
20     Baldwin  Baldwin Co High Sch, Daphne High Sch, Elberta ...         01   
32     Barbour              Barbour Co High Sch, Eufaula High Sch         01   
44        Bibb                              West Blocton High Sch         01   
56      Blount  Appalachian Sch, Cleveland High Sch, Hayden Hi...         01   

    state_raw_visitor_counts  state_noon_visit_80quantile  \
8                  1123217.0                     375969.0   
20                 1123217.0                     375969.0   
32                 1123217.0                     375969.0   
44                 1123217.0                     375969.0   
56                 1123217.0                     375969.0   

    state_visit_scaling_factor  
8                     2.987526  
20                    2.987526  
32                    2.987526  
44                    2.987526  
56                    2.987526  
2025-12-16 08:37:39,478 - hourly_population - INFO - Save_dir directory: ..\hourly_results
2025-12-16 08:37:39,479 - hourly_population - INFO - ACS_file: D:\OneDrive_Emory\OneDrive - Emory\Research_doc\hourly_population\data\cbg_acs_2019_county_tract_new20230929_cleaned.csv
2025-12-16 08:37:39,480 - hourly_population - INFO - home_panel file name: D:\OneDrive_Emory\OneDrive - Emory\Research_doc\hourly_population\data\neighborhood-patterns-us-home-panel-summary_2022.csv
2025-12-16 08:37:39,480 - hourly_population - INFO - No dict colum file name: ..\hourly_results\NP_dict_column_2022_09.csv
2025-12-16 08:37:39,481 - hourly_population - INFO - Device home areas file name: ..\hourly_results\NP_split_device_home_areas_2022_09.csv
2025-12-16 08:37:39,481 - hourly_population - INFO - Device person_per_device file name: ..\hourly_results\person_per_device_2022_09.csv
2025-12-16 08:37:39,482 - hourly_population - INFO - Device adjusted_dwelling_time_stop_CBG_fname: ..\hourly_results\adjusted_dwelling_time_stop_CBG_2022_09.csv
2025-12-16 08:37:39,483 - hourly_population - INFO - Device adjusted_dwelling_time_stop_national_fname: ..\hourly_results\adjusted_dwelling_time_stop_national_2022_09.csv
2025-12-16 08:37:39,483 - hourly_population - INFO - Restored_hourly_vistor_count_CBG file name: ..\hourly_results\restored_hourly_vistor_count_CBG_2022_09.csv
2025-12-16 08:37:39,484 - hourly_population - INFO - Restored_hourly_vistor_count_target file name: ..\hourly_results\restored_hourly_vistor_count_target_2022_09.csv
2025-12-16 08:37:39,484 - hourly_population - INFO - CBG_device_stop_destination_distribution file name: ..\hourly_results\CBG_device_stop_destination_distribution_2022_09.csv
2025-12-16 08:37:39,485 - hourly_population - INFO - CBG_device_stop_origin_distribution file name: ..\hourly_results\CBG_device_stop_origin_distribution_2022_09.csv
2025-12-16 08:37:39,485 - hourly_population - INFO - IPF_results file name: ..\hourly_results\IPF_origin_outgoer_hourly_202209.csv
2025-12-16 08:37:39,486 - hourly_population - INFO - CBG hourly population file name: ..\hourly_results\CBG_population_hourly_202209.csv
2025-12-16 08:37:39,487 - hourly_population - INFO - CBG_origin_outbound_distribution_sampling_rate file name: ..\hourly_results\CBG_origin_outbound_distribution_sampling_rate_202209.csv
2025-12-16 08:37:39,518 - hourly_population - INFO - Loading monthly data (2022-09) using duckdb...
2025-12-16 08:38:11,187 - hourly_population - INFO - Merging county visit scaling factor for 2022-09...
2025-12-16 08:38:11,390 - hourly_population - INFO - month_df shape: (220659, 23)
2025-12-16 08:38:11,398 - hourly_population - INFO - month_df head: 
      Y  M          AREA                                  DEVICE_HOME_AREAS  \
0  2022  9  010010201001  {'010010205002': 202, '010010208022': 164, '01...   
1  2022  9  010010201002  {'010010201002': 149, '010010205002': 62, '010...   
2  2022  9  010010202001  {'010010205002': 149, '010010208022': 144, '01...   
3  2022  9  010010202002  {'010010205002': 453, '010010208022': 307, '01...   
4  2022  9  010010203001  {'010010203001': 290, '010010205002': 214, '01...   

   RAW_STOP_COUNTS  RAW_DEVICE_COUNTS  MEDIAN_DWELL  \
0            13209               3026     10.366667   
1             9131               1141    213.516667   
2            15245               2007     16.850000   
3            47246               7952      7.250000   
4            24386               3354    103.750000   

                                  STOPS_BY_EACH_HOUR county_fips month  \
0  [0,0,0,0,0,5,13,45,24,20,20,24,21,25,26,60,34,...       01001    09   
1  [7,0,0,1,0,0,17,14,9,8,15,12,10,10,10,35,19,39...       01001    09   
2  [6,0,1,0,0,6,22,169,33,25,14,17,16,19,32,142,2...       01001    09   
3  [6,3,2,1,8,15,37,218,113,75,71,92,110,129,114,...       01001    09   
4  [11,1,3,1,1,3,23,71,17,21,25,22,27,27,39,123,7...       01001    09   

     year  noon_visit_80quantile  raw_visitor_counts  schoolday_count  \
0  2022.0                 6899.0             19766.0             70.0   
1  2022.0                 6899.0             19766.0             70.0   
2  2022.0                 6899.0             19766.0             70.0   
3  2022.0                 6899.0             19766.0             70.0   
4  2022.0                 6899.0             19766.0             70.0   

   visit_scaling_factor  school_count state_name county_name  \
0                 2.865           4.0    Alabama     Autauga   
1                 2.865           4.0    Alabama     Autauga   
2                 2.865           4.0    Alabama     Autauga   
3                 2.865           4.0    Alabama     Autauga   
4                 2.865           4.0    Alabama     Autauga   

                                        school_names state_fips  \
0  Autauga Academy, Billingsley High Sch, Marbury...         01   
1  Autauga Academy, Billingsley High Sch, Marbury...         01   
2  Autauga Academy, Billingsley High Sch, Marbury...         01   
3  Autauga Academy, Billingsley High Sch, Marbury...         01   
4  Autauga Academy, Billingsley High Sch, Marbury...         01   

   state_raw_visitor_counts  state_noon_visit_80quantile  \
0                 1123217.0                     375969.0   
1                 1123217.0                     375969.0   
2                 1123217.0                     375969.0   
3                 1123217.0                     375969.0   
4                 1123217.0                     375969.0   

   state_visit_scaling_factor  
0                    2.987526  
1                    2.987526  
2                    2.987526  
3                    2.987526  
4                    2.987526  
2025-12-16 08:38:11,445 - hourly_population - INFO - Before visit scaling, 2022-09 RAW_DEVICE_COUNTS (billion): 0.744780154
2025-12-16 08:38:11,447 - hourly_population - INFO - Reference number of RAW_DEVICE_COUNTS: 0.4 - 0.8 billion in 2022 (2025.12.15).
2025-12-16 08:38:23,559 - hourly_population - INFO - Ratio: total_hourly_stop / RAW_STOP_COUNTS =  1.0
2025-12-16 08:38:23,561 - hourly_population - INFO - This ratio should be close to 1.0.
2025-12-16 08:38:23,619 - hourly_population - INFO - sum of non_adjusted_dwell_time_stop_CBG_arr (billion): 3.82970762
2025-12-16 08:38:23,621 - hourly_population - INFO - Reference number of sum of non_adjusted_dwell_time_stop_CBG_arr: 2 - 4 billion in 2022 (2025.12.15).
2025-12-16 08:38:46,737 - hourly_population - INFO - sum of adjusted_dwell_time_stop_CBG_arr (billion): 4.752837994
2025-12-16 08:38:46,739 - hourly_population - INFO - Reference increasement: about 30% in 2022 (2025.12.15).
2025-12-16 08:38:46,740 - hourly_population - INFO - sum of adjusted_dwell_time_stop_national_arr (billion): 4.752837994
2025-12-16 08:38:46,742 - hourly_population - INFO - shape of adjusted_dwell_time_stop_CBG_arr (CBG * hour_cnt): (220659, 720)
2025-12-16 08:38:46,992 - hourly_population - INFO - adjusted_dwelling_time_stop_CBG_df shape: (220659, 720)
2025-12-16 08:38:46,995 - hourly_population - INFO - adjusted_dwelling_time_stop_CBG_df.iloc[:5, :5]: 
              2022-09-01 00:00:00  2022-09-01 01:00:00  2022-09-01 02:00:00  \
CBG                                                                           
010010201001                    0                    0                    0   
010010201002                   36                   23                   11   
010010202001                    6                    0                    1   
010010202002                    6                    3                    2   
010010203001                   22                   12                    4   

              2022-09-01 03:00:00  2022-09-01 04:00:00  
CBG                                                     
010010201001                    0                    0  
010010201002                    8                    1  
010010202001                    0                    0  
010010202002                    1                    8  
010010203001                    4                    2  
2025-12-16 08:41:55,646 - hourly_population - INFO - Saving at: ..\hourly_results\NP_split_device_home_areas_2022_09.csv...
2025-12-16 08:44:12,553 - hourly_population - INFO - Done
2025-12-16 08:44:13,591 - hourly_population - INFO - Sum of device and stop columns (billion): device    0.689491
stop      4.380080
dtype: float64
2025-12-16 08:44:13,677 - hourly_population - INFO - Sum of RAW_STOP_COUNTS (billion): 3.82970762, Sum of RAW_DEVICE_COUNTS (billion): 0.744780154
2025-12-16 08:44:13,723 - hourly_population - INFO - One device contrubite stop count: 5.14
2025-12-16 08:44:26,689 - hourly_population - INFO - Saving at: ..\hourly_results\CBG_device_stop_destination_distribution_2022_09.csv...
2025-12-16 08:44:26,692 - hourly_population - INFO - 
              device          stop
destination                       
010010201001    2852  12449.460674
010010201002    1098  35147.547765
010010202001    1919  14576.559542
010010202002    7620  45273.455734
010010203001    3227  46925.236732
2025-12-16 08:44:26,694 - hourly_population - INFO - Saving at: ..\hourly_results\CBG_device_stop_origin_distribution_2022_09.csv...
2025-12-16 08:44:26,696 - hourly_population - INFO - 
              device          stop
origin                            
010010201001    1727  12848.662595
010010201002    4752  38220.733741
010010202001    2496  17740.674640
010010202002    3879  29623.078809
010010203001    8398  62476.900165
2025-12-16 08:44:26,772 - hourly_population - INFO - Sum of device and stop columns for destination (billion):
device    0.689491
stop      4.380080
dtype: float64
2025-12-16 08:44:26,777 - hourly_population - INFO - Sum of device and stop columns for origin (billion):
device    0.689491
stop      4.380080
dtype: float64
2025-12-16 08:44:26,778 - hourly_population - INFO - Reference number of sum of device and stop columns for destination: 0.4 - 0.8 billion, 2 - 4 billion respectively in 2022 (2025.12.15).
2025-12-16 08:44:26,779 - hourly_population - INFO - origin and destination sum should be the same.
2025-12-16 08:44:26,819 - hourly_population - INFO - Total US population (million): 324.697795
2025-12-16 08:44:26,822 - hourly_population - INFO - ACS_df:            fips  totalpopulation   tract_fips county_fips state_fips  \
0  010010201001              730  01001020100       01001         01   
1  010010201002             1263  01001020100       01001         01   
2  010010202001              835  01001020200       01001         01   
3  010010202002             1124  01001020200       01001         01   
4  010010203001             2774  01001020300       01001         01   

       CBG_FIPS  
0  010010201001  
1  010010201002  
2  010010202001  
3  010010202002  
4  010010203001  
2025-12-16 08:56:43,900 - hourly_population - INFO - Started...
2025-12-16 08:56:44,691 - hourly_population - INFO - data_dir: D:\OneDrive_Emory\OneDrive - Emory\Research_doc\hourly_population\data
2025-12-16 08:56:44,692 - hourly_population - INFO - monthly_parquet_dir: D:\Data\Advan\dewey-downloads\neighborhood-patterns_parquets
2025-12-16 08:56:44,692 - hourly_population - INFO - ACS_file: D:\OneDrive_Emory\OneDrive - Emory\Research_doc\hourly_population\data\cbg_acs_2019_county_tract_new20230929_cleaned.csv
2025-12-16 08:56:44,693 - hourly_population - INFO - home_panel_fname: D:\OneDrive_Emory\OneDrive - Emory\Research_doc\hourly_population\data\neighborhood-patterns-us-home-panel-summary_2022.csv
2025-12-16 08:56:44,694 - hourly_population - INFO - CBG_2019_fname: D:\OneDrive_Emory\OneDrive - Emory\Research_doc\hourly_population\data\blockgroups2019.zip
2025-12-16 08:56:44,695 - hourly_population - INFO - ACS total population: 324697795
2025-12-16 08:56:44,699 - hourly_population - INFO - ACS_df: 
           fips  totalpopulation   tract_fips county_fips state_fips  \
0  010010201001              730  01001020100       01001         01   
1  010010201002             1263  01001020100       01001         01   
2  010010202001              835  01001020200       01001         01   
3  010010202002             1124  01001020200       01001         01   
4  010010203001             2774  01001020300       01001         01   

       CBG_FIPS  
0  010010201001  
1  010010201002  
2  010010202001  
3  010010202002  
4  010010203001  
2025-12-16 08:56:44,727 - hourly_population - INFO - hour_columns: DatetimeIndex(['2022-09-01 00:00:00', '2022-09-01 01:00:00',
               '2022-09-01 02:00:00', '2022-09-01 03:00:00',
               '2022-09-01 04:00:00', '2022-09-01 05:00:00',
               '2022-09-01 06:00:00', '2022-09-01 07:00:00',
               '2022-09-01 08:00:00', '2022-09-01 09:00:00',
               ...
               '2022-09-30 14:00:00', '2022-09-30 15:00:00',
               '2022-09-30 16:00:00', '2022-09-30 17:00:00',
               '2022-09-30 18:00:00', '2022-09-30 19:00:00',
               '2022-09-30 20:00:00', '2022-09-30 21:00:00',
               '2022-09-30 22:00:00', '2022-09-30 23:00:00'],
              dtype='datetime64[ns]', length=720, freq='h')
2025-12-16 08:56:44,819 - hourly_population - INFO - refined_county_school_month_2022_fname: D:\OneDrive_Emory\OneDrive - Emory\Research_doc\hourly_population\hourly_results\refined_county_school_month_2022.csv
2025-12-16 08:56:44,823 - hourly_population - INFO - county_visit_scaling_factor_month_df:    county_fips month  year  noon_visit_80quantile  raw_visitor_counts  \
8        01001    09  2022                 6899.0             19766.0   
20       01003    09  2022                26633.0             73478.0   
32       01005    09  2022                 2394.0              5776.0   
44       01007    09  2022                  530.0              2300.0   
56       01009    09  2022                 6542.0             22101.0   

    schoolday_count  visit_scaling_factor  school_count state_name  \
8              70.0                 2.865           4.0    Alabama   
20            147.0                 2.759           8.0    Alabama   
32             21.0                 2.413           2.0    Alabama   
44             10.0                 4.340           1.0    Alabama   
56            100.0                 3.378           8.0    Alabama   

   county_name                                       school_names state_fips  \
8      Autauga  Autauga Academy, Billingsley High Sch, Marbury...         01   
20     Baldwin  Baldwin Co High Sch, Daphne High Sch, Elberta ...         01   
32     Barbour              Barbour Co High Sch, Eufaula High Sch         01   
44        Bibb                              West Blocton High Sch         01   
56      Blount  Appalachian Sch, Cleveland High Sch, Hayden Hi...         01   

    state_raw_visitor_counts  state_noon_visit_80quantile  \
8                  1123217.0                     375969.0   
20                 1123217.0                     375969.0   
32                 1123217.0                     375969.0   
44                 1123217.0                     375969.0   
56                 1123217.0                     375969.0   

    state_visit_scaling_factor  
8                     2.987526  
20                    2.987526  
32                    2.987526  
44                    2.987526  
56                    2.987526  
2025-12-16 08:56:44,864 - hourly_population - INFO - Save_dir directory: ..\hourly_results
2025-12-16 08:56:44,864 - hourly_population - INFO - ACS_file: D:\OneDrive_Emory\OneDrive - Emory\Research_doc\hourly_population\data\cbg_acs_2019_county_tract_new20230929_cleaned.csv
2025-12-16 08:56:44,865 - hourly_population - INFO - home_panel file name: D:\OneDrive_Emory\OneDrive - Emory\Research_doc\hourly_population\data\neighborhood-patterns-us-home-panel-summary_2022.csv
2025-12-16 08:56:44,865 - hourly_population - INFO - No dict colum file name: ..\hourly_results\NP_dict_column_2022_09.csv
2025-12-16 08:56:44,865 - hourly_population - INFO - Device home areas file name: ..\hourly_results\NP_split_device_home_areas_2022_09.csv
2025-12-16 08:56:44,866 - hourly_population - INFO - Device person_per_device file name: ..\hourly_results\person_per_device_2022_09.csv
2025-12-16 08:56:44,866 - hourly_population - INFO - Device adjusted_dwelling_time_stop_CBG_fname: ..\hourly_results\adjusted_dwelling_time_stop_CBG_2022_09.csv
2025-12-16 08:56:44,867 - hourly_population - INFO - Device adjusted_dwelling_time_stop_national_fname: ..\hourly_results\adjusted_dwelling_time_stop_national_2022_09.csv
2025-12-16 08:56:44,867 - hourly_population - INFO - Restored_hourly_vistor_count_CBG file name: ..\hourly_results\restored_hourly_vistor_count_CBG_2022_09.csv
2025-12-16 08:56:44,868 - hourly_population - INFO - Restored_hourly_vistor_count_target file name: ..\hourly_results\restored_hourly_vistor_count_target_2022_09.csv
2025-12-16 08:56:44,868 - hourly_population - INFO - CBG_device_stop_destination_distribution file name: ..\hourly_results\CBG_device_stop_destination_distribution_2022_09.csv
2025-12-16 08:56:44,868 - hourly_population - INFO - CBG_device_stop_origin_distribution file name: ..\hourly_results\CBG_device_stop_origin_distribution_2022_09.csv
2025-12-16 08:56:44,869 - hourly_population - INFO - IPF_results file name: ..\hourly_results\IPF_origin_outgoer_hourly_202209.csv
2025-12-16 08:56:44,870 - hourly_population - INFO - CBG hourly population file name: ..\hourly_results\CBG_population_hourly_202209.csv
2025-12-16 08:56:44,870 - hourly_population - INFO - CBG_origin_outbound_distribution_sampling_rate file name: ..\hourly_results\CBG_origin_outbound_distribution_sampling_rate_202209.csv
2025-12-16 08:56:44,891 - hourly_population - INFO - Loading monthly data (2022-09) using duckdb...
2025-12-16 08:57:09,485 - hourly_population - INFO - Merging county visit scaling factor for 2022-09...
2025-12-16 08:57:09,649 - hourly_population - INFO - month_df shape: (220659, 23)
2025-12-16 08:57:09,656 - hourly_population - INFO - month_df head: 
      Y  M          AREA                                  DEVICE_HOME_AREAS  \
0  2022  9  010010201001  {'010010205002': 202, '010010208022': 164, '01...   
1  2022  9  010010201002  {'010010201002': 149, '010010205002': 62, '010...   
2  2022  9  010010202001  {'010010205002': 149, '010010208022': 144, '01...   
3  2022  9  010010202002  {'010010205002': 453, '010010208022': 307, '01...   
4  2022  9  010010203001  {'010010203001': 290, '010010205002': 214, '01...   

   RAW_STOP_COUNTS  RAW_DEVICE_COUNTS  MEDIAN_DWELL  \
0            13209               3026     10.366667   
1             9131               1141    213.516667   
2            15245               2007     16.850000   
3            47246               7952      7.250000   
4            24386               3354    103.750000   

                                  STOPS_BY_EACH_HOUR county_fips month  \
0  [0,0,0,0,0,5,13,45,24,20,20,24,21,25,26,60,34,...       01001    09   
1  [7,0,0,1,0,0,17,14,9,8,15,12,10,10,10,35,19,39...       01001    09   
2  [6,0,1,0,0,6,22,169,33,25,14,17,16,19,32,142,2...       01001    09   
3  [6,3,2,1,8,15,37,218,113,75,71,92,110,129,114,...       01001    09   
4  [11,1,3,1,1,3,23,71,17,21,25,22,27,27,39,123,7...       01001    09   

     year  noon_visit_80quantile  raw_visitor_counts  schoolday_count  \
0  2022.0                 6899.0             19766.0             70.0   
1  2022.0                 6899.0             19766.0             70.0   
2  2022.0                 6899.0             19766.0             70.0   
3  2022.0                 6899.0             19766.0             70.0   
4  2022.0                 6899.0             19766.0             70.0   

   visit_scaling_factor  school_count state_name county_name  \
0                 2.865           4.0    Alabama     Autauga   
1                 2.865           4.0    Alabama     Autauga   
2                 2.865           4.0    Alabama     Autauga   
3                 2.865           4.0    Alabama     Autauga   
4                 2.865           4.0    Alabama     Autauga   

                                        school_names state_fips  \
0  Autauga Academy, Billingsley High Sch, Marbury...         01   
1  Autauga Academy, Billingsley High Sch, Marbury...         01   
2  Autauga Academy, Billingsley High Sch, Marbury...         01   
3  Autauga Academy, Billingsley High Sch, Marbury...         01   
4  Autauga Academy, Billingsley High Sch, Marbury...         01   

   state_raw_visitor_counts  state_noon_visit_80quantile  \
0                 1123217.0                     375969.0   
1                 1123217.0                     375969.0   
2                 1123217.0                     375969.0   
3                 1123217.0                     375969.0   
4                 1123217.0                     375969.0   

   state_visit_scaling_factor  
0                    2.987526  
1                    2.987526  
2                    2.987526  
3                    2.987526  
4                    2.987526  
2025-12-16 08:57:09,709 - hourly_population - INFO - Before visit scaling, 2022-09 RAW_DEVICE_COUNTS (billion): 0.744780154
2025-12-16 08:57:09,711 - hourly_population - INFO - Reference number of RAW_DEVICE_COUNTS: 0.4 - 0.8 billion in 2022 (2025.12.15).
2025-12-16 08:57:19,485 - hourly_population - INFO - Ratio: total_hourly_stop / RAW_STOP_COUNTS =  1.0
2025-12-16 08:57:19,487 - hourly_population - INFO - This ratio should be close to 1.0.
2025-12-16 08:57:19,533 - hourly_population - INFO - sum of non_adjusted_dwell_time_stop_CBG_arr (billion): 3.82970762
2025-12-16 08:57:19,534 - hourly_population - INFO - Reference number of sum of non_adjusted_dwell_time_stop_CBG_arr: 2 - 4 billion in 2022 (2025.12.15).
2025-12-16 08:57:37,919 - hourly_population - INFO - sum of adjusted_dwell_time_stop_CBG_arr (billion): 4.752837994
2025-12-16 08:57:37,921 - hourly_population - INFO - Reference increasement: about 30% in 2022 (2025.12.15).
2025-12-16 08:57:37,922 - hourly_population - INFO - sum of adjusted_dwell_time_stop_national_arr (billion): 4.752837994
2025-12-16 08:57:37,924 - hourly_population - INFO - shape of adjusted_dwell_time_stop_CBG_arr (CBG * hour_cnt): (220659, 720)
2025-12-16 08:57:38,084 - hourly_population - INFO - adjusted_dwelling_time_stop_CBG_df shape: (220659, 720)
2025-12-16 08:57:38,087 - hourly_population - INFO - adjusted_dwelling_time_stop_CBG_df.iloc[:5, :5]: 
              2022-09-01 00:00:00  2022-09-01 01:00:00  2022-09-01 02:00:00  \
CBG                                                                           
010010201001                    0                    0                    0   
010010201002                   36                   23                   11   
010010202001                    6                    0                    1   
010010202002                    6                    3                    2   
010010203001                   22                   12                    4   

              2022-09-01 03:00:00  2022-09-01 04:00:00  
CBG                                                     
010010201001                    0                    0  
010010201002                    8                    1  
010010202001                    0                    0  
010010202002                    1                    8  
010010203001                    4                    2  
2025-12-16 09:00:24,568 - hourly_population - INFO - Saving at: ..\hourly_results\NP_split_device_home_areas_2022_09.csv...
2025-12-16 09:02:04,820 - hourly_population - INFO - Done
2025-12-16 09:02:05,646 - hourly_population - INFO - Sum of device and stop columns (billion): device    0.689491
stop      4.380080
dtype: float64
2025-12-16 09:02:05,706 - hourly_population - INFO - Sum of RAW_STOP_COUNTS (billion): 3.82970762, Sum of RAW_DEVICE_COUNTS (billion): 0.744780154
2025-12-16 09:02:05,734 - hourly_population - INFO - One device contrubite stop count: 5.14
2025-12-16 09:02:15,566 - hourly_population - INFO - Saving at: ..\hourly_results\CBG_device_stop_destination_distribution_2022_09.csv...
2025-12-16 09:02:15,568 - hourly_population - INFO - 
              device          stop
destination                       
010010201001    2852  12449.460674
010010201002    1098  35147.547765
010010202001    1919  14576.559542
010010202002    7620  45273.455734
010010203001    3227  46925.236732
2025-12-16 09:02:15,572 - hourly_population - INFO - Saving at: ..\hourly_results\CBG_device_stop_origin_distribution_2022_09.csv...
2025-12-16 09:02:15,574 - hourly_population - INFO - 
              device          stop
origin                            
010010201001    1727  12848.662595
010010201002    4752  38220.733741
010010202001    2496  17740.674640
010010202002    3879  29623.078809
010010203001    8398  62476.900165
2025-12-16 09:02:15,643 - hourly_population - INFO - Sum of device and stop columns for destination (billion):
device    0.689491
stop      4.380080
dtype: float64
2025-12-16 09:02:15,647 - hourly_population - INFO - Sum of device and stop columns for origin (billion):
device    0.689491
stop      4.380080
dtype: float64
2025-12-16 09:02:15,648 - hourly_population - INFO - Reference number of sum of device and stop columns for destination: 0.4 - 0.8 billion, 2 - 4 billion respectively in 2022 (2025.12.15).
2025-12-16 09:02:15,649 - hourly_population - INFO - origin and destination sum should be the same.
2025-12-16 09:02:15,679 - hourly_population - INFO - Total US population (million): 324.697795
2025-12-16 09:02:15,682 - hourly_population - INFO - ACS_df:            fips  totalpopulation   tract_fips county_fips state_fips  \
0  010010201001              730  01001020100       01001         01   
1  010010201002             1263  01001020100       01001         01   
2  010010202001              835  01001020200       01001         01   
3  010010202002             1124  01001020200       01001         01   
4  010010203001             2774  01001020300       01001         01   

       CBG_FIPS  
0  010010201001  
1  010010201002  
2  010010202001  
3  010010202002  
4  010010203001  
2025-12-16 09:22:59,387 - hourly_population - INFO - Started...
2025-12-16 09:23:00,207 - hourly_population - INFO - data_dir: D:\OneDrive_Emory\OneDrive - Emory\Research_doc\hourly_population\data
2025-12-16 09:23:00,208 - hourly_population - INFO - monthly_parquet_dir: D:\Data\Advan\dewey-downloads\neighborhood-patterns_parquets
2025-12-16 09:23:00,209 - hourly_population - INFO - ACS_file: D:\OneDrive_Emory\OneDrive - Emory\Research_doc\hourly_population\data\cbg_acs_2019_county_tract_new20230929_cleaned.csv
2025-12-16 09:23:00,210 - hourly_population - INFO - home_panel_fname: D:\OneDrive_Emory\OneDrive - Emory\Research_doc\hourly_population\data\neighborhood-patterns-us-home-panel-summary_2022.csv
2025-12-16 09:23:00,210 - hourly_population - INFO - CBG_2019_fname: D:\OneDrive_Emory\OneDrive - Emory\Research_doc\hourly_population\data\blockgroups2019.zip
2025-12-16 09:23:00,211 - hourly_population - INFO - ACS total population: 324697795
2025-12-16 09:23:00,214 - hourly_population - INFO - ACS_df: 
           fips  totalpopulation   tract_fips county_fips state_fips  \
0  010010201001              730  01001020100       01001         01   
1  010010201002             1263  01001020100       01001         01   
2  010010202001              835  01001020200       01001         01   
3  010010202002             1124  01001020200       01001         01   
4  010010203001             2774  01001020300       01001         01   

       CBG_FIPS  
0  010010201001  
1  010010201002  
2  010010202001  
3  010010202002  
4  010010203001  
2025-12-16 09:23:00,271 - hourly_population - INFO - hour_columns: DatetimeIndex(['2022-10-01 00:00:00', '2022-10-01 01:00:00',
               '2022-10-01 02:00:00', '2022-10-01 03:00:00',
               '2022-10-01 04:00:00', '2022-10-01 05:00:00',
               '2022-10-01 06:00:00', '2022-10-01 07:00:00',
               '2022-10-01 08:00:00', '2022-10-01 09:00:00',
               ...
               '2022-10-31 14:00:00', '2022-10-31 15:00:00',
               '2022-10-31 16:00:00', '2022-10-31 17:00:00',
               '2022-10-31 18:00:00', '2022-10-31 19:00:00',
               '2022-10-31 20:00:00', '2022-10-31 21:00:00',
               '2022-10-31 22:00:00', '2022-10-31 23:00:00'],
              dtype='datetime64[ns]', length=744, freq='h')
2025-12-16 09:23:00,374 - hourly_population - INFO - refined_county_school_month_2022_fname: D:\OneDrive_Emory\OneDrive - Emory\Research_doc\hourly_population\hourly_results\refined_county_school_month_2022.csv
2025-12-16 09:23:00,377 - hourly_population - INFO - county_visit_scaling_factor_month_df:    county_fips month  year  noon_visit_80quantile  raw_visitor_counts  \
9        01001    10  2022                 5406.0             14903.0   
21       01003    10  2022                19515.0             50076.0   
33       01005    10  2022                 1852.0              4308.0   
45       01007    10  2022                  295.0               991.0   
57       01009    10  2022                 5766.0             20380.0   

    schoolday_count  visit_scaling_factor  school_count state_name  \
9              59.0                 2.757           4.0    Alabama   
21            106.0                 2.566           8.0    Alabama   
33             16.0                 2.326           2.0    Alabama   
45              6.0                 3.359           1.0    Alabama   
57             85.0                 3.535           8.0    Alabama   

   county_name                                       school_names state_fips  \
9      Autauga  Autauga Academy, Billingsley High Sch, Marbury...         01   
21     Baldwin  Baldwin Co High Sch, Daphne High Sch, Elberta ...         01   
33     Barbour              Barbour Co High Sch, Eufaula High Sch         01   
45        Bibb                              West Blocton High Sch         01   
57      Blount  Appalachian Sch, Cleveland High Sch, Hayden Hi...         01   

    state_raw_visitor_counts  state_noon_visit_80quantile  \
9                   971699.0                     325917.0   
21                  971699.0                     325917.0   
33                  971699.0                     325917.0   
45                  971699.0                     325917.0   
57                  971699.0                     325917.0   

    state_visit_scaling_factor  
9                     2.981431  
21                    2.981431  
33                    2.981431  
45                    2.981431  
57                    2.981431  
2025-12-16 09:23:00,545 - hourly_population - INFO - Save_dir directory: ..\hourly_results
2025-12-16 09:23:00,546 - hourly_population - INFO - ACS_file: D:\OneDrive_Emory\OneDrive - Emory\Research_doc\hourly_population\data\cbg_acs_2019_county_tract_new20230929_cleaned.csv
2025-12-16 09:23:00,546 - hourly_population - INFO - home_panel file name: D:\OneDrive_Emory\OneDrive - Emory\Research_doc\hourly_population\data\neighborhood-patterns-us-home-panel-summary_2022.csv
2025-12-16 09:23:00,546 - hourly_population - INFO - No dict colum file name: ..\hourly_results\NP_dict_column_2022_10.csv
2025-12-16 09:23:00,547 - hourly_population - INFO - Device home areas file name: ..\hourly_results\NP_split_device_home_areas_2022_10.csv
2025-12-16 09:23:00,547 - hourly_population - INFO - Device person_per_device file name: ..\hourly_results\person_per_device_2022_10.csv
2025-12-16 09:23:00,548 - hourly_population - INFO - Device adjusted_dwelling_time_stop_CBG_fname: ..\hourly_results\adjusted_dwelling_time_stop_CBG_2022_10.csv
2025-12-16 09:23:00,548 - hourly_population - INFO - Device adjusted_dwelling_time_stop_national_fname: ..\hourly_results\adjusted_dwelling_time_stop_national_2022_10.csv
2025-12-16 09:23:00,549 - hourly_population - INFO - Restored_hourly_vistor_count_CBG file name: ..\hourly_results\restored_hourly_vistor_count_CBG_2022_10.csv
2025-12-16 09:23:00,549 - hourly_population - INFO - Restored_hourly_vistor_count_target file name: ..\hourly_results\restored_hourly_vistor_count_target_2022_10.csv
2025-12-16 09:23:00,550 - hourly_population - INFO - CBG_device_stop_destination_distribution file name: ..\hourly_results\CBG_device_stop_destination_distribution_2022_10.csv
2025-12-16 09:23:00,550 - hourly_population - INFO - CBG_device_stop_origin_distribution file name: ..\hourly_results\CBG_device_stop_origin_distribution_2022_10.csv
2025-12-16 09:23:00,551 - hourly_population - INFO - IPF_results file name: ..\hourly_results\IPF_origin_outgoer_hourly_202210.csv
2025-12-16 09:23:00,551 - hourly_population - INFO - CBG hourly population file name: ..\hourly_results\CBG_population_hourly_202210.csv
2025-12-16 09:23:00,552 - hourly_population - INFO - CBG_origin_outbound_distribution_sampling_rate file name: ..\hourly_results\CBG_origin_outbound_distribution_sampling_rate_202210.csv
2025-12-16 09:23:00,574 - hourly_population - INFO - Loading monthly data (2022-10) using duckdb...
2025-12-16 09:23:27,594 - hourly_population - INFO - Merging county visit scaling factor for 2022-10...
2025-12-16 09:23:27,768 - hourly_population - INFO - month_df shape: (220661, 23)
2025-12-16 09:23:27,776 - hourly_population - INFO - month_df head: 
      Y   M          AREA                                  DEVICE_HOME_AREAS  \
0  2022  10  010010201001  {'010010205002': 257, '010010208022': 215, '01...   
1  2022  10  010010201002  {'010010201002': 164, '010010208021': 60, '010...   
2  2022  10  010010202001  {'010010205002': 161, '010010208022': 145, '01...   
3  2022  10  010010202002  {'010010205002': 540, '010010208022': 335, '01...   
4  2022  10  010010203001  {'010010203001': 303, '010010205002': 278, '01...   

   RAW_STOP_COUNTS  RAW_DEVICE_COUNTS  MEDIAN_DWELL  \
0            17784               4695     12.583333   
1             9761               1149    213.966667   
2            15674               2283     21.700000   
3            58042              11205      6.200000   
4            28510               4693     83.750000   

                                  STOPS_BY_EACH_HOUR county_fips month  \
0  [4,8,0,2,2,1,2,5,15,13,34,26,21,42,34,32,38,44...       01001    10   
1  [12,4,2,0,0,1,0,4,8,10,20,13,23,25,28,24,17,22...       01001    10   
2  [6,5,0,0,0,4,4,0,13,10,20,17,15,17,31,17,28,23...       01001    10   
3  [24,8,1,0,2,8,5,21,44,56,92,112,102,79,95,89,1...       01001    10   
4  [29,11,2,1,3,2,4,21,27,38,54,68,64,69,67,46,62...       01001    10   

     year  noon_visit_80quantile  raw_visitor_counts  schoolday_count  \
0  2022.0                 5406.0             14903.0             59.0   
1  2022.0                 5406.0             14903.0             59.0   
2  2022.0                 5406.0             14903.0             59.0   
3  2022.0                 5406.0             14903.0             59.0   
4  2022.0                 5406.0             14903.0             59.0   

   visit_scaling_factor  school_count state_name county_name  \
0                 2.757           4.0    Alabama     Autauga   
1                 2.757           4.0    Alabama     Autauga   
2                 2.757           4.0    Alabama     Autauga   
3                 2.757           4.0    Alabama     Autauga   
4                 2.757           4.0    Alabama     Autauga   

                                        school_names state_fips  \
0  Autauga Academy, Billingsley High Sch, Marbury...         01   
1  Autauga Academy, Billingsley High Sch, Marbury...         01   
2  Autauga Academy, Billingsley High Sch, Marbury...         01   
3  Autauga Academy, Billingsley High Sch, Marbury...         01   
4  Autauga Academy, Billingsley High Sch, Marbury...         01   

   state_raw_visitor_counts  state_noon_visit_80quantile  \
0                  971699.0                     325917.0   
1                  971699.0                     325917.0   
2                  971699.0                     325917.0   
3                  971699.0                     325917.0   
4                  971699.0                     325917.0   

   state_visit_scaling_factor  
0                    2.981431  
1                    2.981431  
2                    2.981431  
3                    2.981431  
4                    2.981431  
2025-12-16 09:23:27,825 - hourly_population - INFO - Before visit scaling, 2022-10 RAW_DEVICE_COUNTS (billion): 0.790397586
2025-12-16 09:23:27,827 - hourly_population - INFO - Reference number of RAW_DEVICE_COUNTS: 0.4 - 0.8 billion in 2022 (2025.12.15).
2025-12-16 09:23:37,711 - hourly_population - INFO - Ratio: total_hourly_stop / RAW_STOP_COUNTS =  1.0
2025-12-16 09:23:37,713 - hourly_population - INFO - This ratio should be close to 1.0.
2025-12-16 09:23:37,760 - hourly_population - INFO - sum of non_adjusted_dwell_time_stop_CBG_arr (billion): 4.05393478
2025-12-16 09:23:37,761 - hourly_population - INFO - Reference number of sum of non_adjusted_dwell_time_stop_CBG_arr: 2 - 4 billion in 2022 (2025.12.15).
2025-12-16 09:23:56,779 - hourly_population - INFO - sum of adjusted_dwell_time_stop_CBG_arr (billion): 5.022665939
2025-12-16 09:23:56,781 - hourly_population - INFO - Reference increasement: about 30% in 2022 (2025.12.15).
2025-12-16 09:23:56,782 - hourly_population - INFO - sum of adjusted_dwell_time_stop_national_arr (billion): 5.022665939
2025-12-16 09:23:56,785 - hourly_population - INFO - shape of adjusted_dwell_time_stop_CBG_arr (CBG * hour_cnt): (220661, 744)
2025-12-16 09:23:56,907 - hourly_population - INFO - adjusted_dwelling_time_stop_CBG_df shape: (220661, 744)
2025-12-16 09:23:56,909 - hourly_population - INFO - adjusted_dwelling_time_stop_CBG_df.iloc[:5, :5]: 
              2022-10-01 00:00:00  2022-10-01 01:00:00  2022-10-01 02:00:00  \
CBG                                                                           
010010201001                    4                    8                    0   
010010201002                   48                   27                   21   
010010202001                    6                    5                    0   
010010202002                   24                    8                    1   
010010203001                   35                   40                   13   

              2022-10-01 03:00:00  2022-10-01 04:00:00  
CBG                                                     
010010201001                    2                    2  
010010201002                   18                    6  
010010202001                    0                    0  
010010202002                    0                    2  
010010203001                    3                    4  
2025-12-16 09:26:48,576 - hourly_population - INFO - Saving at: ..\hourly_results\NP_split_device_home_areas_2022_10.csv...
2025-12-16 09:28:49,845 - hourly_population - INFO - Done
2025-12-16 09:28:50,784 - hourly_population - INFO - Sum of device and stop columns (billion): device    0.73290
stop      4.63641
dtype: float64
2025-12-16 09:28:50,845 - hourly_population - INFO - Sum of RAW_STOP_COUNTS (billion): 4.05393478, Sum of RAW_DEVICE_COUNTS (billion): 0.790397586
2025-12-16 09:28:50,884 - hourly_population - INFO - One device contrubite stop count: 5.13
2025-12-16 09:29:01,305 - hourly_population - INFO - Saving at: ..\hourly_results\CBG_device_stop_destination_distribution_2022_10.csv...
2025-12-16 09:29:01,309 - hourly_population - INFO - 
              device          stop
destination                       
010010201001    4519  17117.336741
010010201002    1071  36393.493473
010010202001    2186  15008.043802
010010202002   10851  56208.276841
010010203001    4554  55331.148519
2025-12-16 09:29:01,311 - hourly_population - INFO - Saving at: ..\hourly_results\CBG_device_stop_origin_distribution_2022_10.csv...
2025-12-16 09:29:01,312 - hourly_population - INFO - 
              device          stop
origin                            
010010201001    1927  13554.685065
010010201002    5085  40457.026227
010010202001    2710  18897.198432
010010202002    4224  30359.149014
010010203001    9229  65119.744061
2025-12-16 09:29:01,399 - hourly_population - INFO - Sum of device and stop columns for destination (billion):
device    0.73290
stop      4.63641
dtype: float64
2025-12-16 09:29:01,404 - hourly_population - INFO - Sum of device and stop columns for origin (billion):
device    0.73290
stop      4.63641
dtype: float64
2025-12-16 09:29:01,405 - hourly_population - INFO - Reference number of sum of device and stop columns for destination: 0.4 - 0.8 billion, 2 - 4 billion respectively in 2022 (2025.12.15).
2025-12-16 09:29:01,406 - hourly_population - INFO - origin and destination sum should be the same.
2025-12-16 09:29:01,444 - hourly_population - INFO - Total US population (million): 324.697795
2025-12-16 09:29:01,447 - hourly_population - INFO - ACS_df:            fips  totalpopulation   tract_fips county_fips state_fips  \
0  010010201001              730  01001020100       01001         01   
1  010010201002             1263  01001020100       01001         01   
2  010010202001              835  01001020200       01001         01   
3  010010202002             1124  01001020200       01001         01   
4  010010203001             2774  01001020300       01001         01   

       CBG_FIPS  
0  010010201001  
1  010010201002  
2  010010202001  
3  010010202002  
4  010010203001  
2025-12-16 10:26:17,744 - hourly_population - INFO - Started...
2025-12-16 10:26:19,194 - hourly_population - INFO - data_dir: D:\OneDrive_Emory\OneDrive - Emory\Research_doc\hourly_population\data
2025-12-16 10:26:19,196 - hourly_population - INFO - monthly_parquet_dir: D:\Data\Advan\dewey-downloads\neighborhood-patterns_parquets
2025-12-16 10:26:19,198 - hourly_population - INFO - ACS_file: D:\OneDrive_Emory\OneDrive - Emory\Research_doc\hourly_population\data\cbg_acs_2019_county_tract_new20230929_cleaned.csv
2025-12-16 10:26:19,199 - hourly_population - INFO - home_panel_fname: D:\OneDrive_Emory\OneDrive - Emory\Research_doc\hourly_population\data\neighborhood-patterns-us-home-panel-summary_2022.csv
2025-12-16 10:26:19,200 - hourly_population - INFO - CBG_2019_fname: D:\OneDrive_Emory\OneDrive - Emory\Research_doc\hourly_population\data\blockgroups2019.zip
2025-12-16 10:26:19,202 - hourly_population - INFO - ACS total population: 324697795
2025-12-16 10:26:19,210 - hourly_population - INFO - ACS_df: 
           fips  totalpopulation   tract_fips county_fips state_fips  \
0  010010201001              730  01001020100       01001         01   
1  010010201002             1263  01001020100       01001         01   
2  010010202001              835  01001020200       01001         01   
3  010010202002             1124  01001020200       01001         01   
4  010010203001             2774  01001020300       01001         01   

       CBG_FIPS  
0  010010201001  
1  010010201002  
2  010010202001  
3  010010202002  
4  010010203001  
2025-12-16 10:26:19,531 - hourly_population - INFO - hour_columns: DatetimeIndex(['2022-11-01 00:00:00', '2022-11-01 01:00:00',
               '2022-11-01 02:00:00', '2022-11-01 03:00:00',
               '2022-11-01 04:00:00', '2022-11-01 05:00:00',
               '2022-11-01 06:00:00', '2022-11-01 07:00:00',
               '2022-11-01 08:00:00', '2022-11-01 09:00:00',
               ...
               '2022-11-30 14:00:00', '2022-11-30 15:00:00',
               '2022-11-30 16:00:00', '2022-11-30 17:00:00',
               '2022-11-30 18:00:00', '2022-11-30 19:00:00',
               '2022-11-30 20:00:00', '2022-11-30 21:00:00',
               '2022-11-30 22:00:00', '2022-11-30 23:00:00'],
              dtype='datetime64[ns]', length=720, freq='h')
2025-12-16 10:26:19,814 - hourly_population - INFO - refined_county_school_month_2022_fname: D:\OneDrive_Emory\OneDrive - Emory\Research_doc\hourly_population\hourly_results\refined_county_school_month_2022.csv
2025-12-16 10:26:19,822 - hourly_population - INFO - county_visit_scaling_factor_month_df:    county_fips month  year  noon_visit_80quantile  raw_visitor_counts  \
10       01001    11  2022                 4756.0             13240.0   
22       01003    11  2022                20030.0             54043.0   
34       01005    11  2022                 1487.0              3130.0   
46       01007    11  2022                  602.0              1925.0   
58       01009    11  2022                 4019.0             13575.0   

    schoolday_count  visit_scaling_factor  school_count state_name  \
10             48.0                 2.784           4.0    Alabama   
22            105.0                 2.698           8.0    Alabama   
34             13.0                 2.105           2.0    Alabama   
46             11.0                 3.198           1.0    Alabama   
58             68.0                 3.378           8.0    Alabama   

   county_name                                       school_names state_fips  \
10     Autauga  Autauga Academy, Billingsley High Sch, Marbury...         01   
22     Baldwin  Baldwin Co High Sch, Daphne High Sch, Elberta ...         01   
34     Barbour              Barbour Co High Sch, Eufaula High Sch         01   
46        Bibb                              West Blocton High Sch         01   
58      Blount  Appalachian Sch, Cleveland High Sch, Hayden Hi...         01   

    state_raw_visitor_counts  state_noon_visit_80quantile  \
10                  817612.0                     279506.0   
22                  817612.0                     279506.0   
34                  817612.0                     279506.0   
46                  817612.0                     279506.0   
58                  817612.0                     279506.0   

    state_visit_scaling_factor  
10                    2.925204  
22                    2.925204  
34                    2.925204  
46                    2.925204  
58                    2.925204  
2025-12-16 10:26:19,913 - hourly_population - INFO - Save_dir directory: ..\hourly_results
2025-12-16 10:26:19,915 - hourly_population - INFO - ACS_file: D:\OneDrive_Emory\OneDrive - Emory\Research_doc\hourly_population\data\cbg_acs_2019_county_tract_new20230929_cleaned.csv
2025-12-16 10:26:19,915 - hourly_population - INFO - home_panel file name: D:\OneDrive_Emory\OneDrive - Emory\Research_doc\hourly_population\data\neighborhood-patterns-us-home-panel-summary_2022.csv
2025-12-16 10:26:19,916 - hourly_population - INFO - No dict colum file name: ..\hourly_results\NP_dict_column_2022_11.csv
2025-12-16 10:26:19,917 - hourly_population - INFO - Device home areas file name: ..\hourly_results\NP_split_device_home_areas_2022_11.csv
2025-12-16 10:26:19,918 - hourly_population - INFO - Device person_per_device file name: ..\hourly_results\person_per_device_2022_11.csv
2025-12-16 10:26:19,918 - hourly_population - INFO - Device adjusted_dwelling_time_stop_CBG_fname: ..\hourly_results\adjusted_dwelling_time_stop_CBG_2022_11.csv
2025-12-16 10:26:19,919 - hourly_population - INFO - Device adjusted_dwelling_time_stop_national_fname: ..\hourly_results\adjusted_dwelling_time_stop_national_2022_11.csv
2025-12-16 10:26:19,920 - hourly_population - INFO - Restored_hourly_vistor_count_CBG file name: ..\hourly_results\restored_hourly_vistor_count_CBG_2022_11.csv
2025-12-16 10:26:19,921 - hourly_population - INFO - Restored_hourly_vistor_count_target file name: ..\hourly_results\restored_hourly_vistor_count_target_2022_11.csv
2025-12-16 10:26:19,921 - hourly_population - INFO - CBG_device_stop_destination_distribution file name: ..\hourly_results\CBG_device_stop_destination_distribution_2022_11.csv
2025-12-16 10:26:19,924 - hourly_population - INFO - CBG_device_stop_origin_distribution file name: ..\hourly_results\CBG_device_stop_origin_distribution_2022_11.csv
2025-12-16 10:26:19,924 - hourly_population - INFO - IPF_results file name: ..\hourly_results\IPF_origin_outgoer_hourly_202211.csv
2025-12-16 10:26:19,925 - hourly_population - INFO - CBG hourly population file name: ..\hourly_results\CBG_population_hourly_202211.csv
2025-12-16 10:26:19,926 - hourly_population - INFO - CBG_origin_outbound_distribution_sampling_rate file name: ..\hourly_results\CBG_origin_outbound_distribution_sampling_rate_202211.csv
2025-12-16 10:26:19,958 - hourly_population - INFO - Loading monthly data (2022-11) using duckdb...
2025-12-16 10:26:48,923 - hourly_population - INFO - Merging county visit scaling factor for 2022-11...
2025-12-16 10:26:49,074 - hourly_population - INFO - month_df shape: (220674, 23)
2025-12-16 10:26:49,082 - hourly_population - INFO - month_df head: 
      Y   M          AREA                                  DEVICE_HOME_AREAS  \
0  2022  11  010010201001  {'010010205002': 180, '010010208021': 163, '01...   
1  2022  11  010010201002  {'010010201002': 179, '010010205002': 58, '010...   
2  2022  11  010010202001  {'010010205002': 129, '010010208022': 112, '01...   
3  2022  11  010010202002  {'010010205002': 427, '010010208022': 278, '01...   
4  2022  11  010010203001  {'010010203001': 310, '010010205002': 181, '01...   

   RAW_STOP_COUNTS  RAW_DEVICE_COUNTS  MEDIAN_DWELL  \
0            12800               3024     19.000000   
1             9665               1156    238.533333   
2            13355               1926     31.483333   
3            44912               8125      8.666667   
4            22750               3191    130.983333   

                                  STOPS_BY_EACH_HOUR county_fips month  \
0  [2,2,1,0,1,5,16,67,20,21,11,21,18,35,23,65,42,...       01001    11   
1  [8,1,3,0,1,0,4,13,16,6,9,12,7,10,15,33,31,49,3...       01001    11   
2  [3,2,0,0,1,4,16,143,37,30,20,19,26,19,33,126,5...       01001    11   
3  [6,0,1,1,3,10,23,233,144,97,81,106,121,107,114...       01001    11   
4  [6,1,0,0,1,2,20,102,38,24,27,24,23,42,39,126,6...       01001    11   

     year  noon_visit_80quantile  raw_visitor_counts  schoolday_count  \
0  2022.0                 4756.0             13240.0             48.0   
1  2022.0                 4756.0             13240.0             48.0   
2  2022.0                 4756.0             13240.0             48.0   
3  2022.0                 4756.0             13240.0             48.0   
4  2022.0                 4756.0             13240.0             48.0   

   visit_scaling_factor  school_count state_name county_name  \
0                 2.784           4.0    Alabama     Autauga   
1                 2.784           4.0    Alabama     Autauga   
2                 2.784           4.0    Alabama     Autauga   
3                 2.784           4.0    Alabama     Autauga   
4                 2.784           4.0    Alabama     Autauga   

                                        school_names state_fips  \
0  Autauga Academy, Billingsley High Sch, Marbury...         01   
1  Autauga Academy, Billingsley High Sch, Marbury...         01   
2  Autauga Academy, Billingsley High Sch, Marbury...         01   
3  Autauga Academy, Billingsley High Sch, Marbury...         01   
4  Autauga Academy, Billingsley High Sch, Marbury...         01   

   state_raw_visitor_counts  state_noon_visit_80quantile  \
0                  817612.0                     279506.0   
1                  817612.0                     279506.0   
2                  817612.0                     279506.0   
3                  817612.0                     279506.0   
4                  817612.0                     279506.0   

   state_visit_scaling_factor  
0                    2.925204  
1                    2.925204  
2                    2.925204  
3                    2.925204  
4                    2.925204  
2025-12-16 10:26:49,133 - hourly_population - INFO - Before visit scaling, 2022-11 RAW_DEVICE_COUNTS (billion): 0.74312037
2025-12-16 10:26:49,134 - hourly_population - INFO - Reference number of RAW_DEVICE_COUNTS: 0.4 - 0.8 billion in 2022 (2025.12.15).
2025-12-16 10:26:58,776 - hourly_population - INFO - Ratio: total_hourly_stop / RAW_STOP_COUNTS =  1.0
2025-12-16 10:26:58,779 - hourly_population - INFO - This ratio should be close to 1.0.
2025-12-16 10:26:58,836 - hourly_population - INFO - sum of non_adjusted_dwell_time_stop_CBG_arr (billion): 3.718816818
2025-12-16 10:26:58,838 - hourly_population - INFO - Reference number of sum of non_adjusted_dwell_time_stop_CBG_arr: 2 - 4 billion in 2022 (2025.12.15).
2025-12-16 10:27:16,124 - hourly_population - INFO - sum of adjusted_dwell_time_stop_CBG_arr (billion): 4.90214853
2025-12-16 10:27:16,126 - hourly_population - INFO - Reference increasement: about 30% in 2022 (2025.12.15).
2025-12-16 10:27:16,127 - hourly_population - INFO - sum of adjusted_dwell_time_stop_national_arr (billion): 4.90214853
2025-12-16 10:27:16,129 - hourly_population - INFO - shape of adjusted_dwell_time_stop_CBG_arr (CBG * hour_cnt): (220674, 720)
2025-12-16 10:27:16,247 - hourly_population - INFO - adjusted_dwelling_time_stop_CBG_df shape: (220674, 720)
2025-12-16 10:27:16,249 - hourly_population - INFO - adjusted_dwelling_time_stop_CBG_df.iloc[:5, :5]: 
              2022-11-01 00:00:00  2022-11-01 01:00:00  2022-11-01 02:00:00  \
CBG                                                                           
010010201001                    2                    2                    1   
010010201002                   23                   16                   14   
010010202001                    3                    2                    0   
010010202002                    6                    0                    1   
010010203001                   24                   10                    7   

              2022-11-01 03:00:00  2022-11-01 04:00:00  
CBG                                                     
010010201001                    0                    1  
010010201002                   12                    5  
010010202001                    0                    1  
010010202002                    1                    3  
010010203001                    1                    1  
2025-12-16 10:29:58,012 - hourly_population - INFO - Saving at: ..\hourly_results\NP_split_device_home_areas_2022_11.csv...
2025-12-16 10:31:31,748 - hourly_population - INFO - Done
2025-12-16 10:31:32,555 - hourly_population - INFO - Sum of device and stop columns (billion): device    0.686447
stop      4.500661
dtype: float64
2025-12-16 10:31:32,626 - hourly_population - INFO - Sum of RAW_STOP_COUNTS (billion): 3.718816818, Sum of RAW_DEVICE_COUNTS (billion): 0.74312037
2025-12-16 10:31:32,658 - hourly_population - INFO - One device contrubite stop count: 5.00
2025-12-16 10:31:42,681 - hourly_population - INFO - Saving at: ..\hourly_results\CBG_device_stop_destination_distribution_2022_11.csv...
2025-12-16 10:31:42,684 - hourly_population - INFO - 
              device          stop
destination                       
010010201001    2823  11949.206349
010010201002    1068  35717.024221
010010202001    1822  12633.857736
010010202002    7811  43176.323938
010010203001    3042  65063.146349
2025-12-16 10:31:42,685 - hourly_population - INFO - Saving at: ..\hourly_results\CBG_device_stop_origin_distribution_2022_11.csv...
2025-12-16 10:31:42,688 - hourly_population - INFO - 
              device          stop
origin                            
010010201001    1514  11682.796397
010010201002    4870  40344.398640
010010202001    2635  18948.400774
010010202002    3781  28257.925902
010010203001    8814  67109.460141
2025-12-16 10:31:42,757 - hourly_population - INFO - Sum of device and stop columns for destination (billion):
device    0.686447
stop      4.500661
dtype: float64
2025-12-16 10:31:42,762 - hourly_population - INFO - Sum of device and stop columns for origin (billion):
device    0.686447
stop      4.500661
dtype: float64
2025-12-16 10:31:42,763 - hourly_population - INFO - Reference number of sum of device and stop columns for destination: 0.4 - 0.8 billion, 2 - 4 billion respectively in 2022 (2025.12.15).
2025-12-16 10:31:42,764 - hourly_population - INFO - origin and destination sum should be the same.
2025-12-16 10:31:42,795 - hourly_population - INFO - Total US population (million): 324.697795
2025-12-16 10:31:42,798 - hourly_population - INFO - ACS_df:            fips  totalpopulation   tract_fips county_fips state_fips  \
0  010010201001              730  01001020100       01001         01   
1  010010201002             1263  01001020100       01001         01   
2  010010202001              835  01001020200       01001         01   
3  010010202002             1124  01001020200       01001         01   
4  010010203001             2774  01001020300       01001         01   

       CBG_FIPS  
0  010010201001  
1  010010201002  
2  010010202001  
3  010010202002  
4  010010203001  
2025-12-16 10:54:59,913 - hourly_population - INFO - Started...
2025-12-16 10:55:00,688 - hourly_population - INFO - data_dir: D:\OneDrive_Emory\OneDrive - Emory\Research_doc\hourly_population\data
2025-12-16 10:55:00,689 - hourly_population - INFO - monthly_parquet_dir: D:\Data\Advan\dewey-downloads\neighborhood-patterns_parquets
2025-12-16 10:55:00,689 - hourly_population - INFO - ACS_file: D:\OneDrive_Emory\OneDrive - Emory\Research_doc\hourly_population\data\cbg_acs_2019_county_tract_new20230929_cleaned.csv
2025-12-16 10:55:00,690 - hourly_population - INFO - home_panel_fname: D:\OneDrive_Emory\OneDrive - Emory\Research_doc\hourly_population\data\neighborhood-patterns-us-home-panel-summary_2022.csv
2025-12-16 10:55:00,691 - hourly_population - INFO - CBG_2019_fname: D:\OneDrive_Emory\OneDrive - Emory\Research_doc\hourly_population\data\blockgroups2019.zip
2025-12-16 10:55:00,692 - hourly_population - INFO - ACS total population: 324697795
2025-12-16 10:55:00,694 - hourly_population - INFO - ACS_df: 
           fips  totalpopulation   tract_fips county_fips state_fips  \
0  010010201001              730  01001020100       01001         01   
1  010010201002             1263  01001020100       01001         01   
2  010010202001              835  01001020200       01001         01   
3  010010202002             1124  01001020200       01001         01   
4  010010203001             2774  01001020300       01001         01   

       CBG_FIPS  
0  010010201001  
1  010010201002  
2  010010202001  
3  010010202002  
4  010010203001  
2025-12-16 10:55:00,728 - hourly_population - INFO - hour_columns: DatetimeIndex(['2022-12-01 00:00:00', '2022-12-01 01:00:00',
               '2022-12-01 02:00:00', '2022-12-01 03:00:00',
               '2022-12-01 04:00:00', '2022-12-01 05:00:00',
               '2022-12-01 06:00:00', '2022-12-01 07:00:00',
               '2022-12-01 08:00:00', '2022-12-01 09:00:00',
               ...
               '2022-12-31 14:00:00', '2022-12-31 15:00:00',
               '2022-12-31 16:00:00', '2022-12-31 17:00:00',
               '2022-12-31 18:00:00', '2022-12-31 19:00:00',
               '2022-12-31 20:00:00', '2022-12-31 21:00:00',
               '2022-12-31 22:00:00', '2022-12-31 23:00:00'],
              dtype='datetime64[ns]', length=744, freq='h')
2025-12-16 10:55:00,823 - hourly_population - INFO - refined_county_school_month_2022_fname: D:\OneDrive_Emory\OneDrive - Emory\Research_doc\hourly_population\hourly_results\refined_county_school_month_2022.csv
2025-12-16 10:55:00,826 - hourly_population - INFO - county_visit_scaling_factor_month_df:    county_fips month  year  noon_visit_80quantile  raw_visitor_counts  \
11       01001    12  2022                 4756.0             13240.0   
23       01003    12  2022                20030.0             54043.0   
35       01005    12  2022                 1487.0              3130.0   
47       01007    12  2022                  602.0              1925.0   
59       01009    12  2022                 4019.0             13575.0   

    schoolday_count  visit_scaling_factor  school_count state_name  \
11             21.0                 2.784           4.0    Alabama   
23             50.0                 2.698           8.0    Alabama   
35             15.0                 2.105           2.0    Alabama   
47             12.0                 3.198           1.0    Alabama   
59             26.0                 3.378           8.0    Alabama   

   county_name                                       school_names state_fips  \
11     Autauga  Autauga Academy, Billingsley High Sch, Marbury...         01   
23     Baldwin  Baldwin Co High Sch, Daphne High Sch, Elberta ...         01   
35     Barbour              Barbour Co High Sch, Eufaula High Sch         01   
47        Bibb                              West Blocton High Sch         01   
59      Blount  Appalachian Sch, Cleveland High Sch, Hayden Hi...         01   

    state_raw_visitor_counts  state_noon_visit_80quantile  \
11                  817612.0                     279506.0   
23                  817612.0                     279506.0   
35                  817612.0                     279506.0   
47                  817612.0                     279506.0   
59                  817612.0                     279506.0   

    state_visit_scaling_factor  
11                    2.925204  
23                    2.925204  
35                    2.925204  
47                    2.925204  
59                    2.925204  
2025-12-16 10:55:00,870 - hourly_population - INFO - Save_dir directory: ..\hourly_results
2025-12-16 10:55:00,871 - hourly_population - INFO - ACS_file: D:\OneDrive_Emory\OneDrive - Emory\Research_doc\hourly_population\data\cbg_acs_2019_county_tract_new20230929_cleaned.csv
2025-12-16 10:55:00,871 - hourly_population - INFO - home_panel file name: D:\OneDrive_Emory\OneDrive - Emory\Research_doc\hourly_population\data\neighborhood-patterns-us-home-panel-summary_2022.csv
2025-12-16 10:55:00,872 - hourly_population - INFO - No dict colum file name: ..\hourly_results\NP_dict_column_2022_12.csv
2025-12-16 10:55:00,872 - hourly_population - INFO - Device home areas file name: ..\hourly_results\NP_split_device_home_areas_2022_12.csv
2025-12-16 10:55:00,873 - hourly_population - INFO - Device person_per_device file name: ..\hourly_results\person_per_device_2022_12.csv
2025-12-16 10:55:00,873 - hourly_population - INFO - Device adjusted_dwelling_time_stop_CBG_fname: ..\hourly_results\adjusted_dwelling_time_stop_CBG_2022_12.csv
2025-12-16 10:55:00,874 - hourly_population - INFO - Device adjusted_dwelling_time_stop_national_fname: ..\hourly_results\adjusted_dwelling_time_stop_national_2022_12.csv
2025-12-16 10:55:00,874 - hourly_population - INFO - Restored_hourly_vistor_count_CBG file name: ..\hourly_results\restored_hourly_vistor_count_CBG_2022_12.csv
2025-12-16 10:55:00,875 - hourly_population - INFO - Restored_hourly_vistor_count_target file name: ..\hourly_results\restored_hourly_vistor_count_target_2022_12.csv
2025-12-16 10:55:00,875 - hourly_population - INFO - CBG_device_stop_destination_distribution file name: ..\hourly_results\CBG_device_stop_destination_distribution_2022_12.csv
2025-12-16 10:55:00,876 - hourly_population - INFO - CBG_device_stop_origin_distribution file name: ..\hourly_results\CBG_device_stop_origin_distribution_2022_12.csv
2025-12-16 10:55:00,876 - hourly_population - INFO - IPF_results file name: ..\hourly_results\IPF_origin_outgoer_hourly_202212.csv
2025-12-16 10:55:00,877 - hourly_population - INFO - CBG hourly population file name: ..\hourly_results\CBG_population_hourly_202212.csv
2025-12-16 10:55:00,877 - hourly_population - INFO - CBG_origin_outbound_distribution_sampling_rate file name: ..\hourly_results\CBG_origin_outbound_distribution_sampling_rate_202212.csv
2025-12-16 10:55:00,900 - hourly_population - INFO - Loading monthly data (2022-12) using duckdb...
2025-12-16 10:55:26,683 - hourly_population - INFO - Merging county visit scaling factor for 2022-12...
2025-12-16 10:55:26,831 - hourly_population - INFO - month_df shape: (220685, 23)
2025-12-16 10:55:26,837 - hourly_population - INFO - month_df head: 
      Y   M          AREA                                  DEVICE_HOME_AREAS  \
0  2022  12  010010201001  {'010010205002': 246, '010010208022': 222, '01...   
1  2022  12  010010201002  {'010010201002': 186, '010010205002': 60, '010...   
2  2022  12  010010202001  {'010010205002': 146, '010010208022': 133, '01...   
3  2022  12  010010202002  {'010010205002': 550, '010010208022': 338, '01...   
4  2022  12  010010203001  {'010010203001': 331, '010010205002': 190, '01...   

   RAW_STOP_COUNTS  RAW_DEVICE_COUNTS  MEDIAN_DWELL  \
0            17045               4880     14.416667   
1             9879               1271    215.000000   
2            12588               2092     35.083333   
3            57665              12051      6.700000   
4            23236               3398    133.916667   

                                  STOPS_BY_EACH_HOUR county_fips month  \
0  [2,1,0,0,2,3,19,58,24,12,21,24,17,26,45,69,41,...       01001    12   
1  [7,1,0,1,1,1,3,11,9,6,5,19,14,19,21,51,27,46,2...       01001    12   
2  [4,1,0,0,3,2,17,184,25,22,30,18,29,23,31,162,8...       01001    12   
3  [3,0,2,0,4,9,27,237,152,80,86,132,122,106,158,...       01001    12   
4  [6,0,0,2,1,2,16,80,20,20,15,25,28,42,43,134,76...       01001    12   

     year  noon_visit_80quantile  raw_visitor_counts  schoolday_count  \
0  2022.0                 4756.0             13240.0             21.0   
1  2022.0                 4756.0             13240.0             21.0   
2  2022.0                 4756.0             13240.0             21.0   
3  2022.0                 4756.0             13240.0             21.0   
4  2022.0                 4756.0             13240.0             21.0   

   visit_scaling_factor  school_count state_name county_name  \
0                 2.784           4.0    Alabama     Autauga   
1                 2.784           4.0    Alabama     Autauga   
2                 2.784           4.0    Alabama     Autauga   
3                 2.784           4.0    Alabama     Autauga   
4                 2.784           4.0    Alabama     Autauga   

                                        school_names state_fips  \
0  Autauga Academy, Billingsley High Sch, Marbury...         01   
1  Autauga Academy, Billingsley High Sch, Marbury...         01   
2  Autauga Academy, Billingsley High Sch, Marbury...         01   
3  Autauga Academy, Billingsley High Sch, Marbury...         01   
4  Autauga Academy, Billingsley High Sch, Marbury...         01   

   state_raw_visitor_counts  state_noon_visit_80quantile  \
0                  817612.0                     279506.0   
1                  817612.0                     279506.0   
2                  817612.0                     279506.0   
3                  817612.0                     279506.0   
4                  817612.0                     279506.0   

   state_visit_scaling_factor  
0                    2.925204  
1                    2.925204  
2                    2.925204  
3                    2.925204  
4                    2.925204  
2025-12-16 10:55:26,885 - hourly_population - INFO - Before visit scaling, 2022-12 RAW_DEVICE_COUNTS (billion): 0.785045396
2025-12-16 10:55:26,886 - hourly_population - INFO - Reference number of RAW_DEVICE_COUNTS: 0.4 - 0.8 billion in 2022 (2025.12.15).
2025-12-16 10:55:36,746 - hourly_population - INFO - Ratio: total_hourly_stop / RAW_STOP_COUNTS =  1.0
2025-12-16 10:55:36,748 - hourly_population - INFO - This ratio should be close to 1.0.
2025-12-16 10:55:36,820 - hourly_population - INFO - sum of non_adjusted_dwell_time_stop_CBG_arr (billion): 3.775579053
2025-12-16 10:55:36,821 - hourly_population - INFO - Reference number of sum of non_adjusted_dwell_time_stop_CBG_arr: 2 - 4 billion in 2022 (2025.12.15).
2025-12-16 10:55:58,547 - hourly_population - INFO - sum of adjusted_dwell_time_stop_CBG_arr (billion): 4.931611842
2025-12-16 10:55:58,549 - hourly_population - INFO - Reference increasement: about 30% in 2022 (2025.12.15).
2025-12-16 10:55:58,550 - hourly_population - INFO - sum of adjusted_dwell_time_stop_national_arr (billion): 4.931611842
2025-12-16 10:55:58,552 - hourly_population - INFO - shape of adjusted_dwell_time_stop_CBG_arr (CBG * hour_cnt): (220685, 744)
2025-12-16 10:55:58,739 - hourly_population - INFO - adjusted_dwelling_time_stop_CBG_df shape: (220685, 744)
2025-12-16 10:55:58,742 - hourly_population - INFO - adjusted_dwelling_time_stop_CBG_df.iloc[:5, :5]: 
              2022-12-01 00:00:00  2022-12-01 01:00:00  2022-12-01 02:00:00  \
CBG                                                                           
010010201001                    2                    1                    0   
010010201002                   42                   28                   15   
010010202001                    4                    1                    0   
010010202002                    3                    0                    2   
010010203001                   41                   23                    6   

              2022-12-01 03:00:00  2022-12-01 04:00:00  
CBG                                                     
010010201001                    0                    2  
010010201002                    9                    3  
010010202001                    0                    3  
010010202002                    0                    4  
010010203001                    2                    3  
2025-12-16 10:59:09,837 - hourly_population - INFO - Saving at: ..\hourly_results\NP_split_device_home_areas_2022_12.csv...
2025-12-16 11:01:19,061 - hourly_population - INFO - Done
2025-12-16 11:01:20,155 - hourly_population - INFO - Sum of device and stop columns (billion): device    0.727832
stop      4.549346
dtype: float64
2025-12-16 11:01:20,272 - hourly_population - INFO - Sum of RAW_STOP_COUNTS (billion): 3.775579053, Sum of RAW_DEVICE_COUNTS (billion): 0.785045396
2025-12-16 11:01:20,311 - hourly_population - INFO - One device contrubite stop count: 4.81
2025-12-16 11:01:34,590 - hourly_population - INFO - Saving at: ..\hourly_results\CBG_device_stop_destination_distribution_2022_12.csv...
2025-12-16 11:01:34,593 - hourly_population - INFO - 
              device          stop
destination                       
010010201001    4647  16231.171107
010010201002    1216  37806.023603
010010202001    1996  12010.347992
010010202002   11733  56143.344536
010010203001    3266  67000.096527
2025-12-16 11:01:34,597 - hourly_population - INFO - Saving at: ..\hourly_results\CBG_device_stop_origin_distribution_2022_12.csv...
2025-12-16 11:01:34,599 - hourly_population - INFO - 
              device          stop
origin                            
010010201001    1883  13817.403865
010010201002    5323  42370.793267
010010202001    2550  17471.211226
010010202002    4779  33643.652918
010010203001    9228  68034.807405
2025-12-16 11:01:34,704 - hourly_population - INFO - Sum of device and stop columns for destination (billion):
device    0.727832
stop      4.549346
dtype: float64
2025-12-16 11:01:34,711 - hourly_population - INFO - Sum of device and stop columns for origin (billion):
device    0.727832
stop      4.549346
dtype: float64
2025-12-16 11:01:34,712 - hourly_population - INFO - Reference number of sum of device and stop columns for destination: 0.4 - 0.8 billion, 2 - 4 billion respectively in 2022 (2025.12.15).
2025-12-16 11:01:34,714 - hourly_population - INFO - origin and destination sum should be the same.
2025-12-16 11:01:34,757 - hourly_population - INFO - Total US population (million): 324.697795
2025-12-16 11:01:34,761 - hourly_population - INFO - ACS_df:            fips  totalpopulation   tract_fips county_fips state_fips  \
0  010010201001              730  01001020100       01001         01   
1  010010201002             1263  01001020100       01001         01   
2  010010202001              835  01001020200       01001         01   
3  010010202002             1124  01001020200       01001         01   
4  010010203001             2774  01001020300       01001         01   

       CBG_FIPS  
0  010010201001  
1  010010201002  
2  010010202001  
3  010010202002  
4  010010203001  
2025-12-16 15:25:09,673 - hourly_population - INFO - Started...
2025-12-16 15:25:22,769 - hourly_population - INFO - data_dir: D:\OneDrive_Emory\OneDrive - Emory\Research_doc\hourly_population\data
2025-12-16 15:25:22,770 - hourly_population - INFO - monthly_parquet_dir: D:\Data\Advan\dewey-downloads\neighborhood-patterns_parquets
2025-12-16 15:25:22,770 - hourly_population - INFO - ACS_file: D:\OneDrive_Emory\OneDrive - Emory\Research_doc\hourly_population\data\cbg_acs_2019_county_tract_new20230929_cleaned.csv
2025-12-16 15:25:22,771 - hourly_population - INFO - home_panel_fname: D:\OneDrive_Emory\OneDrive - Emory\Research_doc\hourly_population\data\neighborhood-patterns-us-home-panel-summary_2022.csv
2025-12-16 15:25:22,772 - hourly_population - INFO - CBG_2019_fname: D:\OneDrive_Emory\OneDrive - Emory\Research_doc\hourly_population\data\blockgroups2019.zip
2025-12-16 15:25:22,773 - hourly_population - INFO - ACS total population: 324697795
2025-12-16 15:25:22,776 - hourly_population - INFO - ACS_df: 
           fips  totalpopulation   tract_fips county_fips state_fips  \
0  010010201001              730  01001020100       01001         01   
1  010010201002             1263  01001020100       01001         01   
2  010010202001              835  01001020200       01001         01   
3  010010202002             1124  01001020200       01001         01   
4  010010203001             2774  01001020300       01001         01   

       CBG_FIPS  
0  010010201001  
1  010010201002  
2  010010202001  
3  010010202002  
4  010010203001  
2025-12-16 15:25:36,713 - hourly_population - INFO - data_dir: D:\OneDrive_Emory\OneDrive - Emory\Research_doc\hourly_population\data
2025-12-16 15:25:36,713 - hourly_population - INFO - monthly_parquet_dir: D:\Data\Advan\dewey-downloads\neighborhood-patterns_parquets
2025-12-16 15:25:36,714 - hourly_population - INFO - ACS_file: D:\OneDrive_Emory\OneDrive - Emory\Research_doc\hourly_population\data\cbg_acs_2019_county_tract_new20230929_cleaned.csv
2025-12-16 15:25:36,715 - hourly_population - INFO - home_panel_fname: D:\OneDrive_Emory\OneDrive - Emory\Research_doc\hourly_population\data\neighborhood-patterns-us-home-panel-summary_2022.csv
2025-12-16 15:25:36,715 - hourly_population - INFO - CBG_2019_fname: D:\OneDrive_Emory\OneDrive - Emory\Research_doc\hourly_population\data\blockgroups2019.zip
2025-12-16 15:25:36,716 - hourly_population - INFO - ACS total population: 324697795
2025-12-16 15:25:36,718 - hourly_population - INFO - ACS_df: 
           fips  totalpopulation   tract_fips county_fips state_fips  \
0  010010201001              730  01001020100       01001         01   
1  010010201002             1263  01001020100       01001         01   
2  010010202001              835  01001020200       01001         01   
3  010010202002             1124  01001020200       01001         01   
4  010010203001             2774  01001020300       01001         01   

       CBG_FIPS  
0  010010201001  
1  010010201002  
2  010010202001  
3  010010202002  
4  010010203001  
