2025-12-20 09:57:23,630 - hourly_population - INFO - Started...
2025-12-20 09:57:41,291 - hourly_population - INFO - Started...
2025-12-20 09:57:41,291 - hourly_population - INFO - Started...
2025-12-20 09:57:45,072 - hourly_population - INFO - data_dir: D:\OneDrive_Emory\OneDrive - Emory\Research_doc\hourly_population\data
2025-12-20 09:57:45,072 - hourly_population - INFO - data_dir: D:\OneDrive_Emory\OneDrive - Emory\Research_doc\hourly_population\data
2025-12-20 09:57:45,073 - hourly_population - INFO - monthly_parquet_dir: D:\Data\Advan\dewey-downloads\neighborhood-patterns_parquets
2025-12-20 09:57:45,073 - hourly_population - INFO - monthly_parquet_dir: D:\Data\Advan\dewey-downloads\neighborhood-patterns_parquets
2025-12-20 09:57:45,076 - hourly_population - INFO - ACS_file: D:\OneDrive_Emory\OneDrive - Emory\Research_doc\hourly_population\data\cbg_acs_2019_county_tract_new20230929_cleaned.csv
2025-12-20 09:57:45,076 - hourly_population - INFO - ACS_file: D:\OneDrive_Emory\OneDrive - Emory\Research_doc\hourly_population\data\cbg_acs_2019_county_tract_new20230929_cleaned.csv
2025-12-20 09:57:45,077 - hourly_population - INFO - home_panel_fname: D:\OneDrive_Emory\OneDrive - Emory\Research_doc\hourly_population\data\neighborhood-patterns-us-home-panel-summary_2022.csv
2025-12-20 09:57:45,077 - hourly_population - INFO - home_panel_fname: D:\OneDrive_Emory\OneDrive - Emory\Research_doc\hourly_population\data\neighborhood-patterns-us-home-panel-summary_2022.csv
2025-12-20 09:57:45,078 - hourly_population - INFO - CBG_2019_fname: D:\OneDrive_Emory\OneDrive - Emory\Research_doc\hourly_population\data\blockgroups2019.zip
2025-12-20 09:57:45,078 - hourly_population - INFO - CBG_2019_fname: D:\OneDrive_Emory\OneDrive - Emory\Research_doc\hourly_population\data\blockgroups2019.zip
2025-12-20 09:57:45,080 - hourly_population - INFO - ACS total population: 324697795
2025-12-20 09:57:45,080 - hourly_population - INFO - ACS total population: 324697795
2025-12-20 09:57:45,083 - hourly_population - INFO - ACS_df: 
           fips  totalpopulation   tract_fips county_fips state_fips  \
0  010010201001              730  01001020100       01001         01   
1  010010201002             1263  01001020100       01001         01   
2  010010202001              835  01001020200       01001         01   
3  010010202002             1124  01001020200       01001         01   
4  010010203001             2774  01001020300       01001         01   

       CBG_FIPS  
0  010010201001  
1  010010201002  
2  010010202001  
3  010010202002  
4  010010203001  
2025-12-20 09:57:45,083 - hourly_population - INFO - ACS_df: 
           fips  totalpopulation   tract_fips county_fips state_fips  \
0  010010201001              730  01001020100       01001         01   
1  010010201002             1263  01001020100       01001         01   
2  010010202001              835  01001020200       01001         01   
3  010010202002             1124  01001020200       01001         01   
4  010010203001             2774  01001020300       01001         01   

       CBG_FIPS  
0  010010201001  
1  010010201002  
2  010010202001  
3  010010202002  
4  010010203001  
2025-12-20 09:58:06,540 - hourly_population - INFO - hour_columns: DatetimeIndex(['2022-12-01 00:00:00', '2022-12-01 01:00:00',
               '2022-12-01 02:00:00', '2022-12-01 03:00:00',
               '2022-12-01 04:00:00', '2022-12-01 05:00:00',
               '2022-12-01 06:00:00', '2022-12-01 07:00:00',
               '2022-12-01 08:00:00', '2022-12-01 09:00:00',
               ...
               '2022-12-31 14:00:00', '2022-12-31 15:00:00',
               '2022-12-31 16:00:00', '2022-12-31 17:00:00',
               '2022-12-31 18:00:00', '2022-12-31 19:00:00',
               '2022-12-31 20:00:00', '2022-12-31 21:00:00',
               '2022-12-31 22:00:00', '2022-12-31 23:00:00'],
              dtype='datetime64[ns]', length=744, freq='h')
2025-12-20 09:58:06,540 - hourly_population - INFO - hour_columns: DatetimeIndex(['2022-12-01 00:00:00', '2022-12-01 01:00:00',
               '2022-12-01 02:00:00', '2022-12-01 03:00:00',
               '2022-12-01 04:00:00', '2022-12-01 05:00:00',
               '2022-12-01 06:00:00', '2022-12-01 07:00:00',
               '2022-12-01 08:00:00', '2022-12-01 09:00:00',
               ...
               '2022-12-31 14:00:00', '2022-12-31 15:00:00',
               '2022-12-31 16:00:00', '2022-12-31 17:00:00',
               '2022-12-31 18:00:00', '2022-12-31 19:00:00',
               '2022-12-31 20:00:00', '2022-12-31 21:00:00',
               '2022-12-31 22:00:00', '2022-12-31 23:00:00'],
              dtype='datetime64[ns]', length=744, freq='h')
